INFO - 2025-01-31 03:21:08 --> Session: Class initialized using 'CodeIgniter\Session\Handlers\FileHandler' driver.
INFO - 2025-01-31 03:21:14 --> Session: Class initialized using 'CodeIgniter\Session\Handlers\FileHandler' driver.
INFO - 2025-01-31 03:21:14 --> Session: Class initialized using 'CodeIgniter\Session\Handlers\FileHandler' driver.
INFO - 2025-01-31 03:21:14 --> Current route: /pm
INFO - 2025-01-31 03:21:39 --> Session: Class initialized using 'CodeIgniter\Session\Handlers\FileHandler' driver.
INFO - 2025-01-31 03:22:03 --> Session: Class initialized using 'CodeIgniter\Session\Handlers\FileHandler' driver.
INFO - 2025-01-31 03:22:03 --> Current route: /pm
INFO - 2025-01-31 03:23:13 --> Session: Class initialized using 'CodeIgniter\Session\Handlers\FileHandler' driver.
INFO - 2025-01-31 03:23:13 --> Current route: /soal_pengungkit
INFO - 2025-01-31 03:24:55 --> Session: Class initialized using 'CodeIgniter\Session\Handlers\FileHandler' driver.
INFO - 2025-01-31 03:24:55 --> Current route: /soal_pengungkit
INFO - 2025-01-31 03:30:16 --> Session: Class initialized using 'CodeIgniter\Session\Handlers\FileHandler' driver.
INFO - 2025-01-31 03:30:16 --> Current route: /soal_pengungkit
INFO - 2025-01-31 03:55:39 --> Session: Class initialized using 'CodeIgniter\Session\Handlers\FileHandler' driver.
INFO - 2025-01-31 03:55:39 --> Current route: /soal_pengungkit
INFO - 2025-01-31 03:58:09 --> Session: Class initialized using 'CodeIgniter\Session\Handlers\FileHandler' driver.
INFO - 2025-01-31 03:58:09 --> Current route: /soal_pengungkit
INFO - 2025-01-31 03:58:11 --> Session: Class initialized using 'CodeIgniter\Session\Handlers\FileHandler' driver.
INFO - 2025-01-31 03:58:11 --> Current route: /soal_pengungkit
INFO - 2025-01-31 03:59:20 --> Session: Class initialized using 'CodeIgniter\Session\Handlers\FileHandler' driver.
INFO - 2025-01-31 03:59:20 --> Current route: /soal_pengungkit
CRITICAL - 2025-01-31 03:59:20 --> ErrorException: Undefined array key "deskripsi"
[Method: GET, Route: soal_pengungkit]
in APPPATH\Views\penilaianMandiri\soal_pengungkit.php on line 78.
 1 APPPATH\Views\penilaianMandiri\soal_pengungkit.php(78): CodeIgniter\Debug\Exceptions->errorHandler(2, 'Undefined array key "deskripsi"', 'D:\\DLL\\IT\\SKI\\SKI2025\\app\\Views\\penilaianMandiri\\soal_pengungkit.php', 78)
 2 SYSTEMPATH\View\View.php(234): include('D:\\DLL\\IT\\SKI\\SKI2025\\app\\Views\\penilaianMandiri\\soal_pengungkit.php')
 3 SYSTEMPATH\View\View.php(237): CodeIgniter\View\View->CodeIgniter\View\{closure}()
 4 SYSTEMPATH\Common.php(1171): CodeIgniter\View\View->render('/penilaianMandiri/soal_pengungkit', [], true)
 5 APPPATH\Controllers\PenilaianMandiri.php(204): view('/penilaianMandiri/soal_pengungkit', [...])
 6 SYSTEMPATH\CodeIgniter.php(933): App\Controllers\PenilaianMandiri->soal_pengungkit()
 7 SYSTEMPATH\CodeIgniter.php(509): CodeIgniter\CodeIgniter->runController(Object(App\Controllers\PenilaianMandiri))
 8 SYSTEMPATH\CodeIgniter.php(355): CodeIgniter\CodeIgniter->handleRequest(null, Object(Config\Cache), false)
 9 SYSTEMPATH\Boot.php(325): CodeIgniter\CodeIgniter->run()
10 SYSTEMPATH\Boot.php(67): CodeIgniter\Boot::runCodeIgniter(Object(CodeIgniter\CodeIgniter))
11 FCPATH\index.php(56): CodeIgniter\Boot::bootWeb(Object(Config\Paths))
12 SYSTEMPATH\rewrite.php(44): require_once('D:\\DLL\\IT\\SKI\\SKI2025\\public\\index.php')
INFO - 2025-01-31 04:00:11 --> Session: Class initialized using 'CodeIgniter\Session\Handlers\FileHandler' driver.
INFO - 2025-01-31 04:00:11 --> Current route: /soal_pengungkit
INFO - 2025-01-31 04:07:45 --> Session: Class initialized using 'CodeIgniter\Session\Handlers\FileHandler' driver.
INFO - 2025-01-31 04:07:45 --> Current route: /soal_pengungkit
INFO - 2025-01-31 04:09:31 --> Session: Class initialized using 'CodeIgniter\Session\Handlers\FileHandler' driver.
INFO - 2025-01-31 04:09:31 --> Current route: /soal_pengungkit
INFO - 2025-01-31 04:13:14 --> Session: Class initialized using 'CodeIgniter\Session\Handlers\FileHandler' driver.
INFO - 2025-01-31 04:13:14 --> Current route: /soal_pengungkit
INFO - 2025-01-31 04:14:30 --> Session: Class initialized using 'CodeIgniter\Session\Handlers\FileHandler' driver.
INFO - 2025-01-31 04:14:30 --> Current route: /soal_pengungkit
INFO - 2025-01-31 04:14:38 --> Session: Class initialized using 'CodeIgniter\Session\Handlers\FileHandler' driver.
INFO - 2025-01-31 04:14:38 --> Current route: /soal_pengungkit
INFO - 2025-01-31 04:15:54 --> Session: Class initialized using 'CodeIgniter\Session\Handlers\FileHandler' driver.
INFO - 2025-01-31 04:15:54 --> Current route: /soal_pengungkit
INFO - 2025-01-31 04:16:01 --> Session: Class initialized using 'CodeIgniter\Session\Handlers\FileHandler' driver.
INFO - 2025-01-31 04:16:01 --> Current route: /soal_pengungkit
INFO - 2025-01-31 04:17:04 --> Session: Class initialized using 'CodeIgniter\Session\Handlers\FileHandler' driver.
INFO - 2025-01-31 04:17:04 --> Current route: /soal_pengungkit
INFO - 2025-01-31 04:19:04 --> Session: Class initialized using 'CodeIgniter\Session\Handlers\FileHandler' driver.
INFO - 2025-01-31 04:19:04 --> Current route: /soal_pengungkit
INFO - 2025-01-31 04:19:31 --> Session: Class initialized using 'CodeIgniter\Session\Handlers\FileHandler' driver.
INFO - 2025-01-31 04:19:31 --> Current route: /soal_pengungkit
INFO - 2025-01-31 04:20:04 --> Session: Class initialized using 'CodeIgniter\Session\Handlers\FileHandler' driver.
INFO - 2025-01-31 04:20:04 --> Current route: /soal_pengungkit
INFO - 2025-01-31 04:20:30 --> Session: Class initialized using 'CodeIgniter\Session\Handlers\FileHandler' driver.
INFO - 2025-01-31 04:20:30 --> Current route: /soal_pengungkit
INFO - 2025-01-31 04:20:52 --> Session: Class initialized using 'CodeIgniter\Session\Handlers\FileHandler' driver.
INFO - 2025-01-31 04:20:52 --> Current route: /soal_pengungkit
CRITICAL - 2025-01-31 04:20:52 --> ErrorException: Cannot use [] for reading
[Method: GET, Route: soal_pengungkit]
in APPPATH\Views\penilaianMandiri\soal_pengungkit.php on line 75.
 1 [internal function]: CodeIgniter\Debug\Exceptions->shutdownHandler()
INFO - 2025-01-31 04:21:08 --> Session: Class initialized using 'CodeIgniter\Session\Handlers\FileHandler' driver.
INFO - 2025-01-31 04:21:08 --> Current route: /soal_pengungkit
INFO - 2025-01-31 04:21:25 --> Session: Class initialized using 'CodeIgniter\Session\Handlers\FileHandler' driver.
INFO - 2025-01-31 04:21:25 --> Current route: /soal_pengungkit
CRITICAL - 2025-01-31 04:21:25 --> Error: Array callback must have exactly two elements
[Method: GET, Route: soal_pengungkit]
in APPPATH\Views\penilaianMandiri\soal_pengungkit.php on line 75.
 1 SYSTEMPATH\View\View.php(234): include()
 2 SYSTEMPATH\View\View.php(237): CodeIgniter\View\View->CodeIgniter\View\{closure}()
 3 SYSTEMPATH\Common.php(1171): CodeIgniter\View\View->render('/penilaianMandiri/soal_pengungkit', [], true)
 4 APPPATH\Controllers\PenilaianMandiri.php(204): view('/penilaianMandiri/soal_pengungkit', [...])
 5 SYSTEMPATH\CodeIgniter.php(933): App\Controllers\PenilaianMandiri->soal_pengungkit()
 6 SYSTEMPATH\CodeIgniter.php(509): CodeIgniter\CodeIgniter->runController(Object(App\Controllers\PenilaianMandiri))
 7 SYSTEMPATH\CodeIgniter.php(355): CodeIgniter\CodeIgniter->handleRequest(null, Object(Config\Cache), false)
 8 SYSTEMPATH\Boot.php(325): CodeIgniter\CodeIgniter->run()
 9 SYSTEMPATH\Boot.php(67): CodeIgniter\Boot::runCodeIgniter(Object(CodeIgniter\CodeIgniter))
10 FCPATH\index.php(56): CodeIgniter\Boot::bootWeb(Object(Config\Paths))
11 SYSTEMPATH\rewrite.php(44): require_once('D:\\DLL\\IT\\SKI\\SKI2025\\public\\index.php')
INFO - 2025-01-31 04:23:36 --> Session: Class initialized using 'CodeIgniter\Session\Handlers\FileHandler' driver.
INFO - 2025-01-31 04:23:36 --> Current route: /soal_pengungkit
INFO - 2025-01-31 04:29:22 --> Session: Class initialized using 'CodeIgniter\Session\Handlers\FileHandler' driver.
INFO - 2025-01-31 04:29:22 --> Current route: /soal_pengungkit
INFO - 2025-01-31 04:29:56 --> Session: Class initialized using 'CodeIgniter\Session\Handlers\FileHandler' driver.
INFO - 2025-01-31 04:29:56 --> Current route: /soal_pengungkit
CRITICAL - 2025-01-31 04:29:56 --> ErrorException: Undefined variable $dafaultData
[Method: GET, Route: soal_pengungkit]
in APPPATH\Views\penilaianMandiri\soal_pengungkit.php on line 73.
 1 APPPATH\Views\penilaianMandiri\soal_pengungkit.php(73): CodeIgniter\Debug\Exceptions->errorHandler(2, 'Undefined variable $dafaultData', 'D:\\DLL\\IT\\SKI\\SKI2025\\app\\Views\\penilaianMandiri\\soal_pengungkit.php', 73)
 2 SYSTEMPATH\View\View.php(234): include('D:\\DLL\\IT\\SKI\\SKI2025\\app\\Views\\penilaianMandiri\\soal_pengungkit.php')
 3 SYSTEMPATH\View\View.php(237): CodeIgniter\View\View->CodeIgniter\View\{closure}()
 4 SYSTEMPATH\Common.php(1171): CodeIgniter\View\View->render('/penilaianMandiri/soal_pengungkit', [], true)
 5 APPPATH\Controllers\PenilaianMandiri.php(204): view('/penilaianMandiri/soal_pengungkit', [...])
 6 SYSTEMPATH\CodeIgniter.php(933): App\Controllers\PenilaianMandiri->soal_pengungkit()
 7 SYSTEMPATH\CodeIgniter.php(509): CodeIgniter\CodeIgniter->runController(Object(App\Controllers\PenilaianMandiri))
 8 SYSTEMPATH\CodeIgniter.php(355): CodeIgniter\CodeIgniter->handleRequest(null, Object(Config\Cache), false)
 9 SYSTEMPATH\Boot.php(325): CodeIgniter\CodeIgniter->run()
10 SYSTEMPATH\Boot.php(67): CodeIgniter\Boot::runCodeIgniter(Object(CodeIgniter\CodeIgniter))
11 FCPATH\index.php(56): CodeIgniter\Boot::bootWeb(Object(Config\Paths))
12 SYSTEMPATH\rewrite.php(44): require_once('D:\\DLL\\IT\\SKI\\SKI2025\\public\\index.php')
INFO - 2025-01-31 04:30:06 --> Session: Class initialized using 'CodeIgniter\Session\Handlers\FileHandler' driver.
INFO - 2025-01-31 04:30:06 --> Current route: /soal_pengungkit
INFO - 2025-01-31 04:35:33 --> Session: Class initialized using 'CodeIgniter\Session\Handlers\FileHandler' driver.
INFO - 2025-01-31 04:35:33 --> Current route: /soal_pengungkit
INFO - 2025-01-31 04:35:49 --> Session: Class initialized using 'CodeIgniter\Session\Handlers\FileHandler' driver.
INFO - 2025-01-31 04:35:49 --> Current route: /soal_pengungkit
INFO - 2025-01-31 04:37:48 --> Session: Class initialized using 'CodeIgniter\Session\Handlers\FileHandler' driver.
INFO - 2025-01-31 04:37:48 --> Current route: /soal_pengungkit
INFO - 2025-01-31 06:43:02 --> Session: Class initialized using 'CodeIgniter\Session\Handlers\FileHandler' driver.
INFO - 2025-01-31 06:43:06 --> Session: Class initialized using 'CodeIgniter\Session\Handlers\FileHandler' driver.
INFO - 2025-01-31 06:43:06 --> Session: Class initialized using 'CodeIgniter\Session\Handlers\FileHandler' driver.
INFO - 2025-01-31 06:43:06 --> Current route: /pm
INFO - 2025-01-31 06:43:09 --> Session: Class initialized using 'CodeIgniter\Session\Handlers\FileHandler' driver.
INFO - 2025-01-31 06:43:09 --> Current route: /
INFO - 2025-01-31 06:43:13 --> Session: Class initialized using 'CodeIgniter\Session\Handlers\FileHandler' driver.
INFO - 2025-01-31 06:43:13 --> Current route: /soal_pengungkit
INFO - 2025-01-31 06:44:34 --> Session: Class initialized using 'CodeIgniter\Session\Handlers\FileHandler' driver.
INFO - 2025-01-31 06:44:34 --> Current route: /soal_pengungkit
INFO - 2025-01-31 06:45:37 --> Session: Class initialized using 'CodeIgniter\Session\Handlers\FileHandler' driver.
INFO - 2025-01-31 06:45:37 --> Current route: /soal_pengungkit
INFO - 2025-01-31 06:45:57 --> Session: Class initialized using 'CodeIgniter\Session\Handlers\FileHandler' driver.
INFO - 2025-01-31 06:45:57 --> Current route: /soal_pengungkit
INFO - 2025-01-31 06:46:00 --> Session: Class initialized using 'CodeIgniter\Session\Handlers\FileHandler' driver.
INFO - 2025-01-31 06:46:00 --> Current route: /soal_pengungkit
INFO - 2025-01-31 06:47:07 --> Session: Class initialized using 'CodeIgniter\Session\Handlers\FileHandler' driver.
INFO - 2025-01-31 06:47:07 --> Current route: /soal_pengungkit
INFO - 2025-01-31 06:52:11 --> Session: Class initialized using 'CodeIgniter\Session\Handlers\FileHandler' driver.
INFO - 2025-01-31 06:52:11 --> Current route: /soal_pengungkit
CRITICAL - 2025-01-31 06:52:11 --> ParseError: syntax error, unexpected token "<", expecting "elseif" or "else" or "endif"
[Method: GET, Route: soal_pengungkit]
in APPPATH\Views\penilaianMandiri\soal_pengungkit.php on line 73.
 1 SYSTEMPATH\View\View.php(237): CodeIgniter\View\View->CodeIgniter\View\{closure}()
 2 SYSTEMPATH\Common.php(1171): CodeIgniter\View\View->render('/penilaianMandiri/soal_pengungkit', [], true)
 3 APPPATH\Controllers\PenilaianMandiri.php(204): view('/penilaianMandiri/soal_pengungkit', [...])
 4 SYSTEMPATH\CodeIgniter.php(933): App\Controllers\PenilaianMandiri->soal_pengungkit()
 5 SYSTEMPATH\CodeIgniter.php(509): CodeIgniter\CodeIgniter->runController(Object(App\Controllers\PenilaianMandiri))
 6 SYSTEMPATH\CodeIgniter.php(355): CodeIgniter\CodeIgniter->handleRequest(null, Object(Config\Cache), false)
 7 SYSTEMPATH\Boot.php(325): CodeIgniter\CodeIgniter->run()
 8 SYSTEMPATH\Boot.php(67): CodeIgniter\Boot::runCodeIgniter(Object(CodeIgniter\CodeIgniter))
 9 FCPATH\index.php(56): CodeIgniter\Boot::bootWeb(Object(Config\Paths))
10 SYSTEMPATH\rewrite.php(44): require_once('D:\\DLL\\IT\\SKI\\SKI2025\\public\\index.php')
INFO - 2025-01-31 06:54:09 --> Session: Class initialized using 'CodeIgniter\Session\Handlers\FileHandler' driver.
INFO - 2025-01-31 06:54:09 --> Current route: /soal_pengungkit
INFO - 2025-01-31 06:54:28 --> Session: Class initialized using 'CodeIgniter\Session\Handlers\FileHandler' driver.
INFO - 2025-01-31 06:54:28 --> Current route: /soal_pengungkit
INFO - 2025-01-31 06:55:13 --> Session: Class initialized using 'CodeIgniter\Session\Handlers\FileHandler' driver.
INFO - 2025-01-31 06:55:13 --> Current route: /soal_pengungkit
INFO - 2025-01-31 07:01:00 --> Session: Class initialized using 'CodeIgniter\Session\Handlers\FileHandler' driver.
INFO - 2025-01-31 07:01:00 --> Current route: /soal_pengungkit
INFO - 2025-01-31 07:01:10 --> Session: Class initialized using 'CodeIgniter\Session\Handlers\FileHandler' driver.
INFO - 2025-01-31 07:01:10 --> Current route: /soal_pengungkit
INFO - 2025-01-31 07:01:15 --> Session: Class initialized using 'CodeIgniter\Session\Handlers\FileHandler' driver.
INFO - 2025-01-31 07:01:15 --> Current route: /soal_pengungkit
INFO - 2025-01-31 07:01:28 --> Session: Class initialized using 'CodeIgniter\Session\Handlers\FileHandler' driver.
INFO - 2025-01-31 07:01:28 --> Current route: /soal_pengungkit
INFO - 2025-01-31 07:02:28 --> Session: Class initialized using 'CodeIgniter\Session\Handlers\FileHandler' driver.
INFO - 2025-01-31 07:02:28 --> Current route: /soal_pengungkit
INFO - 2025-01-31 07:02:51 --> Session: Class initialized using 'CodeIgniter\Session\Handlers\FileHandler' driver.
INFO - 2025-01-31 07:02:51 --> Current route: /soal_pengungkit
INFO - 2025-01-31 07:05:04 --> Session: Class initialized using 'CodeIgniter\Session\Handlers\FileHandler' driver.
INFO - 2025-01-31 07:05:04 --> Current route: /soal_pengungkit
INFO - 2025-01-31 07:07:27 --> Session: Class initialized using 'CodeIgniter\Session\Handlers\FileHandler' driver.
INFO - 2025-01-31 07:07:27 --> Current route: /soal_pengungkit
INFO - 2025-01-31 07:08:37 --> Session: Class initialized using 'CodeIgniter\Session\Handlers\FileHandler' driver.
INFO - 2025-01-31 07:08:37 --> Current route: /soal_pengungkit
INFO - 2025-01-31 07:11:17 --> Session: Class initialized using 'CodeIgniter\Session\Handlers\FileHandler' driver.
INFO - 2025-01-31 07:11:17 --> Current route: /soal_pengungkit
INFO - 2025-01-31 07:21:42 --> Session: Class initialized using 'CodeIgniter\Session\Handlers\FileHandler' driver.
INFO - 2025-01-31 07:21:42 --> Current route: /soal_pengungkit
