INFO - 2025-02-03 03:53:41 --> Session: Class initialized using 'CodeIgniter\Session\Handlers\FileHandler' driver.
INFO - 2025-02-03 03:53:44 --> Session: Class initialized using 'CodeIgniter\Session\Handlers\FileHandler' driver.
INFO - 2025-02-03 03:53:44 --> Session: Class initialized using 'CodeIgniter\Session\Handlers\FileHandler' driver.
INFO - 2025-02-03 03:53:44 --> Current route: /pm
INFO - 2025-02-03 03:53:59 --> Session: Class initialized using 'CodeIgniter\Session\Handlers\FileHandler' driver.
INFO - 2025-02-03 03:53:59 --> Current route: /soal_pengungkit
INFO - 2025-02-03 04:12:53 --> Session: Class initialized using 'CodeIgniter\Session\Handlers\FileHandler' driver.
INFO - 2025-02-03 04:12:53 --> Current route: /soal_pengungkit
INFO - 2025-02-03 04:19:31 --> Session: Class initialized using 'CodeIgniter\Session\Handlers\FileHandler' driver.
INFO - 2025-02-03 04:19:31 --> Current route: /soal_pengungkit
INFO - 2025-02-03 04:19:58 --> Session: Class initialized using 'CodeIgniter\Session\Handlers\FileHandler' driver.
INFO - 2025-02-03 04:19:58 --> Current route: /soal_pengungkit
INFO - 2025-02-03 04:22:04 --> Session: Class initialized using 'CodeIgniter\Session\Handlers\FileHandler' driver.
INFO - 2025-02-03 04:22:04 --> Current route: /soal_pengungkit
INFO - 2025-02-03 04:22:48 --> Session: Class initialized using 'CodeIgniter\Session\Handlers\FileHandler' driver.
INFO - 2025-02-03 04:22:48 --> Current route: /soal_pengungkit
INFO - 2025-02-03 04:23:14 --> Session: Class initialized using 'CodeIgniter\Session\Handlers\FileHandler' driver.
INFO - 2025-02-03 04:23:14 --> Current route: /soal_pengungkit
INFO - 2025-02-03 04:33:23 --> Session: Class initialized using 'CodeIgniter\Session\Handlers\FileHandler' driver.
INFO - 2025-02-03 04:33:23 --> Current route: /soal_pengungkit
INFO - 2025-02-03 06:18:26 --> Session: Class initialized using 'CodeIgniter\Session\Handlers\FileHandler' driver.
INFO - 2025-02-03 06:18:26 --> Current route: /soal_pengungkit
INFO - 2025-02-03 06:18:36 --> Session: Class initialized using 'CodeIgniter\Session\Handlers\FileHandler' driver.
INFO - 2025-02-03 06:18:36 --> Current route: /soal_pengungkit
INFO - 2025-02-03 06:18:45 --> Session: Class initialized using 'CodeIgniter\Session\Handlers\FileHandler' driver.
INFO - 2025-02-03 06:18:45 --> Current route: /soal_pengungkit
INFO - 2025-02-03 06:19:11 --> Session: Class initialized using 'CodeIgniter\Session\Handlers\FileHandler' driver.
INFO - 2025-02-03 06:19:11 --> Current route: /soal_pengungkit
INFO - 2025-02-03 06:20:28 --> Session: Class initialized using 'CodeIgniter\Session\Handlers\FileHandler' driver.
INFO - 2025-02-03 06:20:28 --> Current route: /soal_pengungkit
INFO - 2025-02-03 06:20:34 --> Session: Class initialized using 'CodeIgniter\Session\Handlers\FileHandler' driver.
INFO - 2025-02-03 06:20:34 --> Current route: /soal_pengungkit
INFO - 2025-02-03 06:25:05 --> Session: Class initialized using 'CodeIgniter\Session\Handlers\FileHandler' driver.
INFO - 2025-02-03 06:25:05 --> Current route: /soal_pengungkit
INFO - 2025-02-03 06:25:40 --> Session: Class initialized using 'CodeIgniter\Session\Handlers\FileHandler' driver.
INFO - 2025-02-03 06:25:40 --> Current route: /soal_pengungkit
INFO - 2025-02-03 06:56:12 --> Session: Class initialized using 'CodeIgniter\Session\Handlers\FileHandler' driver.
INFO - 2025-02-03 06:56:12 --> Current route: /soal_pengungkit
INFO - 2025-02-03 06:57:28 --> Session: Class initialized using 'CodeIgniter\Session\Handlers\FileHandler' driver.
INFO - 2025-02-03 06:57:28 --> Current route: /soal_pengungkit
INFO - 2025-02-03 06:57:41 --> Session: Class initialized using 'CodeIgniter\Session\Handlers\FileHandler' driver.
INFO - 2025-02-03 06:57:41 --> Current route: /soal_pengungkit
INFO - 2025-02-03 06:58:43 --> Session: Class initialized using 'CodeIgniter\Session\Handlers\FileHandler' driver.
INFO - 2025-02-03 06:58:43 --> Current route: /soal_pengungkit
INFO - 2025-02-03 06:59:16 --> Session: Class initialized using 'CodeIgniter\Session\Handlers\FileHandler' driver.
INFO - 2025-02-03 06:59:16 --> Current route: /soal_pengungkit
INFO - 2025-02-03 07:00:53 --> Session: Class initialized using 'CodeIgniter\Session\Handlers\FileHandler' driver.
INFO - 2025-02-03 07:00:53 --> Current route: /soal_pengungkit
INFO - 2025-02-03 07:01:05 --> Session: Class initialized using 'CodeIgniter\Session\Handlers\FileHandler' driver.
INFO - 2025-02-03 07:01:05 --> Current route: /soal_pengungkit
INFO - 2025-02-03 07:14:54 --> Session: Class initialized using 'CodeIgniter\Session\Handlers\FileHandler' driver.
INFO - 2025-02-03 07:14:54 --> Current route: /soal_pengungkit
INFO - 2025-02-03 07:17:31 --> Session: Class initialized using 'CodeIgniter\Session\Handlers\FileHandler' driver.
INFO - 2025-02-03 07:17:31 --> Current route: /soal_pengungkit
INFO - 2025-02-03 07:18:08 --> Session: Class initialized using 'CodeIgniter\Session\Handlers\FileHandler' driver.
INFO - 2025-02-03 07:18:08 --> Current route: /soal_pengungkit
INFO - 2025-02-03 07:18:27 --> Session: Class initialized using 'CodeIgniter\Session\Handlers\FileHandler' driver.
INFO - 2025-02-03 07:18:27 --> Current route: /soal_pengungkit
INFO - 2025-02-03 07:18:46 --> Session: Class initialized using 'CodeIgniter\Session\Handlers\FileHandler' driver.
INFO - 2025-02-03 07:18:46 --> Current route: /soal_pengungkit
CRITICAL - 2025-02-03 07:18:46 --> ErrorException: Undefined array key "indikator"
[Method: GET, Route: soal_pengungkit]
in APPPATH\Views\penilaianMandiri\soal_pengungkit.php on line 93.
 1 APPPATH\Views\penilaianMandiri\soal_pengungkit.php(93): CodeIgniter\Debug\Exceptions->errorHandler(2, 'Undefined array key "indikator"', 'D:\\DLL\\IT\\SKI\\SKI2025\\app\\Views\\penilaianMandiri\\soal_pengungkit.php', 93)
 2 SYSTEMPATH\View\View.php(234): include('D:\\DLL\\IT\\SKI\\SKI2025\\app\\Views\\penilaianMandiri\\soal_pengungkit.php')
 3 SYSTEMPATH\View\View.php(237): CodeIgniter\View\View->CodeIgniter\View\{closure}()
 4 SYSTEMPATH\Common.php(1171): CodeIgniter\View\View->render('/penilaianMandiri/soal_pengungkit', [], true)
 5 APPPATH\Controllers\PenilaianMandiri.php(204): view('/penilaianMandiri/soal_pengungkit', [...])
 6 SYSTEMPATH\CodeIgniter.php(933): App\Controllers\PenilaianMandiri->soal_pengungkit()
 7 SYSTEMPATH\CodeIgniter.php(509): CodeIgniter\CodeIgniter->runController(Object(App\Controllers\PenilaianMandiri))
 8 SYSTEMPATH\CodeIgniter.php(355): CodeIgniter\CodeIgniter->handleRequest(null, Object(Config\Cache), false)
 9 SYSTEMPATH\Boot.php(325): CodeIgniter\CodeIgniter->run()
10 SYSTEMPATH\Boot.php(67): CodeIgniter\Boot::runCodeIgniter(Object(CodeIgniter\CodeIgniter))
11 FCPATH\index.php(56): CodeIgniter\Boot::bootWeb(Object(Config\Paths))
12 SYSTEMPATH\rewrite.php(44): require_once('D:\\DLL\\IT\\SKI\\SKI2025\\public\\index.php')
INFO - 2025-02-03 07:18:55 --> Session: Class initialized using 'CodeIgniter\Session\Handlers\FileHandler' driver.
INFO - 2025-02-03 07:18:55 --> Current route: /soal_pengungkit
INFO - 2025-02-03 07:19:09 --> Session: Class initialized using 'CodeIgniter\Session\Handlers\FileHandler' driver.
INFO - 2025-02-03 07:19:09 --> Current route: /soal_pengungkit
INFO - 2025-02-03 07:19:12 --> Session: Class initialized using 'CodeIgniter\Session\Handlers\FileHandler' driver.
INFO - 2025-02-03 07:19:12 --> Current route: /soal_pengungkit
INFO - 2025-02-03 07:19:23 --> Session: Class initialized using 'CodeIgniter\Session\Handlers\FileHandler' driver.
INFO - 2025-02-03 07:19:23 --> Current route: /soal_pengungkit
INFO - 2025-02-03 07:26:24 --> Session: Class initialized using 'CodeIgniter\Session\Handlers\FileHandler' driver.
INFO - 2025-02-03 07:26:24 --> Current route: /soal_pengungkit
INFO - 2025-02-03 07:26:45 --> Session: Class initialized using 'CodeIgniter\Session\Handlers\FileHandler' driver.
INFO - 2025-02-03 07:26:45 --> Current route: /soal_pengungkit
INFO - 2025-02-03 07:27:54 --> Session: Class initialized using 'CodeIgniter\Session\Handlers\FileHandler' driver.
INFO - 2025-02-03 07:27:54 --> Current route: /soal_pengungkit
INFO - 2025-02-03 07:32:06 --> Session: Class initialized using 'CodeIgniter\Session\Handlers\FileHandler' driver.
INFO - 2025-02-03 07:32:06 --> Current route: /soal_pengungkit
INFO - 2025-02-03 07:32:41 --> Session: Class initialized using 'CodeIgniter\Session\Handlers\FileHandler' driver.
INFO - 2025-02-03 07:32:41 --> Current route: /soal_pengungkit
INFO - 2025-02-03 07:42:38 --> Session: Class initialized using 'CodeIgniter\Session\Handlers\FileHandler' driver.
INFO - 2025-02-03 07:42:38 --> Current route: /soal_pengungkit
INFO - 2025-02-03 07:45:40 --> Session: Class initialized using 'CodeIgniter\Session\Handlers\FileHandler' driver.
INFO - 2025-02-03 07:45:40 --> Current route: /soal_pengungkit
INFO - 2025-02-03 07:46:12 --> Session: Class initialized using 'CodeIgniter\Session\Handlers\FileHandler' driver.
INFO - 2025-02-03 07:46:12 --> Current route: /soal_pengungkit
INFO - 2025-02-03 07:46:19 --> Session: Class initialized using 'CodeIgniter\Session\Handlers\FileHandler' driver.
INFO - 2025-02-03 07:46:19 --> Current route: /soal/save
INFO - 2025-02-03 07:47:19 --> Session: Class initialized using 'CodeIgniter\Session\Handlers\FileHandler' driver.
INFO - 2025-02-03 07:47:19 --> Current route: /soal/save
INFO - 2025-02-03 07:48:04 --> Session: Class initialized using 'CodeIgniter\Session\Handlers\FileHandler' driver.
INFO - 2025-02-03 07:48:04 --> Current route: /soal_pengungkit
INFO - 2025-02-03 07:49:15 --> Session: Class initialized using 'CodeIgniter\Session\Handlers\FileHandler' driver.
INFO - 2025-02-03 07:49:15 --> Current route: /soal_pengungkit
INFO - 2025-02-03 08:03:18 --> Session: Class initialized using 'CodeIgniter\Session\Handlers\FileHandler' driver.
INFO - 2025-02-03 08:03:18 --> Current route: /soal_pengungkit
INFO - 2025-02-03 08:03:20 --> Session: Class initialized using 'CodeIgniter\Session\Handlers\FileHandler' driver.
INFO - 2025-02-03 08:03:20 --> Current route: /soal_pengungkit
