INFO - 2025-03-10 03:04:27 --> Session: Class initialized using 'CodeIgniter\Session\Handlers\FileHandler' driver.
INFO - 2025-03-10 03:04:36 --> Session: Class initialized using 'CodeIgniter\Session\Handlers\FileHandler' driver.
INFO - 2025-03-10 03:04:36 --> Session: Class initialized using 'CodeIgniter\Session\Handlers\FileHandler' driver.
INFO - 2025-03-10 03:04:36 --> Current route: /tu
INFO - 2025-03-10 03:04:38 --> Session: Class initialized using 'CodeIgniter\Session\Handlers\FileHandler' driver.
INFO - 2025-03-10 03:04:38 --> Current route: /cTim
CRITICAL - 2025-03-10 03:06:08 --> ErrorException: Undefined array key "idPmSatker"
[Method: POST, Route: soal/save]
in APPPATH\Controllers\PenilaianMandiri.php on line 328.
 1 APPPATH\Controllers\PenilaianMandiri.php(328): CodeIgniter\Debug\Exceptions->errorHandler(2, 'Undefined array key "idPmSatker"', 'D:\\DLL\\IT\\SKI\\SKI2025\\app\\Controllers\\PenilaianMandiri.php', 328)
 2 SYSTEMPATH\CodeIgniter.php(933): App\Controllers\PenilaianMandiri->save()
 3 SYSTEMPATH\CodeIgniter.php(509): CodeIgniter\CodeIgniter->runController(Object(App\Controllers\PenilaianMandiri))
 4 SYSTEMPATH\CodeIgniter.php(355): CodeIgniter\CodeIgniter->handleRequest(null, Object(Config\Cache), false)
 5 SYSTEMPATH\Boot.php(325): CodeIgniter\CodeIgniter->run()
 6 SYSTEMPATH\Boot.php(67): CodeIgniter\Boot::runCodeIgniter(Object(CodeIgniter\CodeIgniter))
 7 FCPATH\index.php(56): CodeIgniter\Boot::bootWeb(Object(Config\Paths))
 8 SYSTEMPATH\rewrite.php(44): require_once('D:\\DLL\\IT\\SKI\\SKI2025\\public\\index.php')
INFO - 2025-03-10 03:08:19 --> Session: Class initialized using 'CodeIgniter\Session\Handlers\FileHandler' driver.
INFO - 2025-03-10 03:08:19 --> Current route: /cTim
CRITICAL - 2025-03-10 03:08:48 --> ErrorException: Undefined array key "idPmSatker"
[Method: POST, Route: soal/save]
in APPPATH\Controllers\PenilaianMandiri.php on line 328.
 1 APPPATH\Controllers\PenilaianMandiri.php(328): CodeIgniter\Debug\Exceptions->errorHandler(2, 'Undefined array key "idPmSatker"', 'D:\\DLL\\IT\\SKI\\SKI2025\\app\\Controllers\\PenilaianMandiri.php', 328)
 2 SYSTEMPATH\CodeIgniter.php(933): App\Controllers\PenilaianMandiri->save()
 3 SYSTEMPATH\CodeIgniter.php(509): CodeIgniter\CodeIgniter->runController(Object(App\Controllers\PenilaianMandiri))
 4 SYSTEMPATH\CodeIgniter.php(355): CodeIgniter\CodeIgniter->handleRequest(null, Object(Config\Cache), false)
 5 SYSTEMPATH\Boot.php(325): CodeIgniter\CodeIgniter->run()
 6 SYSTEMPATH\Boot.php(67): CodeIgniter\Boot::runCodeIgniter(Object(CodeIgniter\CodeIgniter))
 7 FCPATH\index.php(56): CodeIgniter\Boot::bootWeb(Object(Config\Paths))
 8 SYSTEMPATH\rewrite.php(44): require_once('D:\\DLL\\IT\\SKI\\SKI2025\\public\\index.php')
INFO - 2025-03-10 03:09:57 --> Session: Class initialized using 'CodeIgniter\Session\Handlers\FileHandler' driver.
INFO - 2025-03-10 03:09:57 --> Current route: /cTim
CRITICAL - 2025-03-10 03:10:21 --> ErrorException: Undefined array key "id"
[Method: POST, Route: save_tim]
in APPPATH\Controllers\TataUsaha.php on line 77.
 1 APPPATH\Controllers\TataUsaha.php(77): CodeIgniter\Debug\Exceptions->errorHandler(2, 'Undefined array key "id"', 'D:\\DLL\\IT\\SKI\\SKI2025\\app\\Controllers\\TataUsaha.php', 77)
 2 SYSTEMPATH\CodeIgniter.php(933): App\Controllers\TataUsaha->save()
 3 SYSTEMPATH\CodeIgniter.php(509): CodeIgniter\CodeIgniter->runController(Object(App\Controllers\TataUsaha))
 4 SYSTEMPATH\CodeIgniter.php(355): CodeIgniter\CodeIgniter->handleRequest(null, Object(Config\Cache), false)
 5 SYSTEMPATH\Boot.php(325): CodeIgniter\CodeIgniter->run()
 6 SYSTEMPATH\Boot.php(67): CodeIgniter\Boot::runCodeIgniter(Object(CodeIgniter\CodeIgniter))
 7 FCPATH\index.php(56): CodeIgniter\Boot::bootWeb(Object(Config\Paths))
 8 SYSTEMPATH\rewrite.php(44): require_once('D:\\DLL\\IT\\SKI\\SKI2025\\public\\index.php')
INFO - 2025-03-10 06:33:15 --> Session: Class initialized using 'CodeIgniter\Session\Handlers\FileHandler' driver.
INFO - 2025-03-10 06:33:20 --> Session: Class initialized using 'CodeIgniter\Session\Handlers\FileHandler' driver.
INFO - 2025-03-10 06:33:20 --> Session: Class initialized using 'CodeIgniter\Session\Handlers\FileHandler' driver.
INFO - 2025-03-10 06:33:20 --> Current route: /tu
INFO - 2025-03-10 06:33:22 --> Session: Class initialized using 'CodeIgniter\Session\Handlers\FileHandler' driver.
INFO - 2025-03-10 06:33:22 --> Current route: /cTim
CRITICAL - 2025-03-10 06:33:54 --> ErrorException: Undefined array key "id"
[Method: POST, Route: save_tim]
in APPPATH\Controllers\TataUsaha.php on line 64.
 1 APPPATH\Controllers\TataUsaha.php(64): CodeIgniter\Debug\Exceptions->errorHandler(2, 'Undefined array key "id"', 'D:\\DLL\\IT\\SKI\\SKI2025\\app\\Controllers\\TataUsaha.php', 64)
 2 SYSTEMPATH\CodeIgniter.php(933): App\Controllers\TataUsaha->save()
 3 SYSTEMPATH\CodeIgniter.php(509): CodeIgniter\CodeIgniter->runController(Object(App\Controllers\TataUsaha))
 4 SYSTEMPATH\CodeIgniter.php(355): CodeIgniter\CodeIgniter->handleRequest(null, Object(Config\Cache), false)
 5 SYSTEMPATH\Boot.php(325): CodeIgniter\CodeIgniter->run()
 6 SYSTEMPATH\Boot.php(67): CodeIgniter\Boot::runCodeIgniter(Object(CodeIgniter\CodeIgniter))
 7 FCPATH\index.php(56): CodeIgniter\Boot::bootWeb(Object(Config\Paths))
 8 SYSTEMPATH\rewrite.php(44): require_once('D:\\DLL\\IT\\SKI\\SKI2025\\public\\index.php')
INFO - 2025-03-10 06:39:25 --> Session: Class initialized using 'CodeIgniter\Session\Handlers\FileHandler' driver.
INFO - 2025-03-10 06:39:25 --> Current route: /cTim
INFO - 2025-03-10 06:56:55 --> Session: Class initialized using 'CodeIgniter\Session\Handlers\FileHandler' driver.
INFO - 2025-03-10 06:56:55 --> Current route: /cTim
