INFO - 2025-03-03 02:12:52 --> Session: Class initialized using 'CodeIgniter\Session\Handlers\FileHandler' driver.
INFO - 2025-03-03 02:12:56 --> Session: Class initialized using 'CodeIgniter\Session\Handlers\FileHandler' driver.
INFO - 2025-03-03 02:12:56 --> Session: Class initialized using 'CodeIgniter\Session\Handlers\FileHandler' driver.
INFO - 2025-03-03 02:12:56 --> Current route: /pm
INFO - 2025-03-03 02:12:59 --> Session: Class initialized using 'CodeIgniter\Session\Handlers\FileHandler' driver.
INFO - 2025-03-03 02:12:59 --> Current route: /dash_pm
INFO - 2025-03-03 02:13:04 --> Session: Class initialized using 'CodeIgniter\Session\Handlers\FileHandler' driver.
INFO - 2025-03-03 02:13:04 --> Current route: /pm
INFO - 2025-03-03 02:13:06 --> Session: Class initialized using 'CodeIgniter\Session\Handlers\FileHandler' driver.
INFO - 2025-03-03 02:13:06 --> Current route: /dash_pm
INFO - 2025-03-03 02:13:12 --> Session: Class initialized using 'CodeIgniter\Session\Handlers\FileHandler' driver.
INFO - 2025-03-03 02:13:12 --> Current route: /pm
INFO - 2025-03-03 02:13:14 --> Session: Class initialized using 'CodeIgniter\Session\Handlers\FileHandler' driver.
INFO - 2025-03-03 02:13:14 --> Current route: /dash_pm
INFO - 2025-03-03 02:15:39 --> Session: Class initialized using 'CodeIgniter\Session\Handlers\FileHandler' driver.
INFO - 2025-03-03 02:15:39 --> Current route: /dash_pm
INFO - 2025-03-03 02:17:22 --> Session: Class initialized using 'CodeIgniter\Session\Handlers\FileHandler' driver.
INFO - 2025-03-03 02:17:22 --> Current route: /dash_pm
INFO - 2025-03-03 02:17:38 --> Session: Class initialized using 'CodeIgniter\Session\Handlers\FileHandler' driver.
INFO - 2025-03-03 02:17:38 --> Current route: /dash_pm
INFO - 2025-03-03 02:19:07 --> Session: Class initialized using 'CodeIgniter\Session\Handlers\FileHandler' driver.
INFO - 2025-03-03 02:19:07 --> Current route: /dash_pm
INFO - 2025-03-03 02:26:49 --> Session: Class initialized using 'CodeIgniter\Session\Handlers\FileHandler' driver.
INFO - 2025-03-03 02:26:49 --> Current route: /dash_pm
INFO - 2025-03-03 02:26:58 --> Session: Class initialized using 'CodeIgniter\Session\Handlers\FileHandler' driver.
INFO - 2025-03-03 02:26:58 --> Current route: /dash_pm
INFO - 2025-03-03 02:28:27 --> Session: Class initialized using 'CodeIgniter\Session\Handlers\FileHandler' driver.
INFO - 2025-03-03 02:28:27 --> Current route: /dash_pm
INFO - 2025-03-03 02:30:01 --> Session: Class initialized using 'CodeIgniter\Session\Handlers\FileHandler' driver.
INFO - 2025-03-03 02:30:01 --> Current route: /dash_pm
INFO - 2025-03-03 02:30:03 --> Session: Class initialized using 'CodeIgniter\Session\Handlers\FileHandler' driver.
INFO - 2025-03-03 02:30:03 --> Current route: /dash_pm
INFO - 2025-03-03 02:34:58 --> Session: Class initialized using 'CodeIgniter\Session\Handlers\FileHandler' driver.
INFO - 2025-03-03 02:34:58 --> Current route: /dash_pm
INFO - 2025-03-03 02:38:28 --> Session: Class initialized using 'CodeIgniter\Session\Handlers\FileHandler' driver.
INFO - 2025-03-03 02:38:28 --> Current route: /dash_pm
INFO - 2025-03-03 02:40:33 --> Session: Class initialized using 'CodeIgniter\Session\Handlers\FileHandler' driver.
INFO - 2025-03-03 02:40:33 --> Current route: /dash_pm
INFO - 2025-03-03 02:45:26 --> Session: Class initialized using 'CodeIgniter\Session\Handlers\FileHandler' driver.
INFO - 2025-03-03 02:45:26 --> Current route: /dash_pm
INFO - 2025-03-03 02:48:03 --> Session: Class initialized using 'CodeIgniter\Session\Handlers\FileHandler' driver.
INFO - 2025-03-03 02:48:03 --> Current route: /dash_pm
INFO - 2025-03-03 02:49:45 --> Session: Class initialized using 'CodeIgniter\Session\Handlers\FileHandler' driver.
INFO - 2025-03-03 02:49:45 --> Current route: /dash_pm
INFO - 2025-03-03 02:51:33 --> Session: Class initialized using 'CodeIgniter\Session\Handlers\FileHandler' driver.
INFO - 2025-03-03 02:51:33 --> Current route: /dash_pm
INFO - 2025-03-03 02:52:16 --> Session: Class initialized using 'CodeIgniter\Session\Handlers\FileHandler' driver.
INFO - 2025-03-03 02:52:16 --> Current route: /dash_pm
INFO - 2025-03-03 02:54:46 --> Session: Class initialized using 'CodeIgniter\Session\Handlers\FileHandler' driver.
INFO - 2025-03-03 02:54:46 --> Current route: /dash_pm
INFO - 2025-03-03 02:56:01 --> Session: Class initialized using 'CodeIgniter\Session\Handlers\FileHandler' driver.
INFO - 2025-03-03 02:56:01 --> Current route: /dash_pm
INFO - 2025-03-03 02:58:04 --> Session: Class initialized using 'CodeIgniter\Session\Handlers\FileHandler' driver.
INFO - 2025-03-03 02:58:04 --> Current route: /dash_pm
INFO - 2025-03-03 02:59:56 --> Session: Class initialized using 'CodeIgniter\Session\Handlers\FileHandler' driver.
INFO - 2025-03-03 02:59:56 --> Current route: /dash_pm
INFO - 2025-03-03 03:00:06 --> Session: Class initialized using 'CodeIgniter\Session\Handlers\FileHandler' driver.
INFO - 2025-03-03 03:00:06 --> Current route: /dash_pm
INFO - 2025-03-03 03:01:00 --> Session: Class initialized using 'CodeIgniter\Session\Handlers\FileHandler' driver.
INFO - 2025-03-03 03:01:00 --> Current route: /dash_pm
INFO - 2025-03-03 03:01:52 --> Session: Class initialized using 'CodeIgniter\Session\Handlers\FileHandler' driver.
INFO - 2025-03-03 03:01:52 --> Current route: /dash_pm
INFO - 2025-03-03 03:02:03 --> Session: Class initialized using 'CodeIgniter\Session\Handlers\FileHandler' driver.
INFO - 2025-03-03 03:02:03 --> Current route: /dash_pm
INFO - 2025-03-03 03:04:58 --> Session: Class initialized using 'CodeIgniter\Session\Handlers\FileHandler' driver.
INFO - 2025-03-03 03:04:58 --> Current route: /dash_pm
INFO - 2025-03-03 03:07:46 --> Session: Class initialized using 'CodeIgniter\Session\Handlers\FileHandler' driver.
INFO - 2025-03-03 03:07:46 --> Current route: /dash_pm
INFO - 2025-03-03 03:09:31 --> Session: Class initialized using 'CodeIgniter\Session\Handlers\FileHandler' driver.
INFO - 2025-03-03 03:09:31 --> Current route: /dash_pm
INFO - 2025-03-03 03:12:19 --> Session: Class initialized using 'CodeIgniter\Session\Handlers\FileHandler' driver.
INFO - 2025-03-03 03:12:19 --> Current route: /dash_pm
INFO - 2025-03-03 03:15:21 --> Session: Class initialized using 'CodeIgniter\Session\Handlers\FileHandler' driver.
INFO - 2025-03-03 03:15:21 --> Current route: /dash_pm
INFO - 2025-03-03 03:16:33 --> Session: Class initialized using 'CodeIgniter\Session\Handlers\FileHandler' driver.
INFO - 2025-03-03 03:16:33 --> Current route: /dash_pm
INFO - 2025-03-03 03:21:14 --> Session: Class initialized using 'CodeIgniter\Session\Handlers\FileHandler' driver.
INFO - 2025-03-03 03:21:14 --> Current route: /dash_pm
CRITICAL - 2025-03-03 03:21:14 --> TypeError: number_format(): Argument #1 ($num) must be of type float, string given
[Method: GET, Route: dash_pm]
in APPPATH\Views\penilaianMandiri\dashboard.php on line 232.
 1 APPPATH\Views\penilaianMandiri\dashboard.php(232): number_format('Kurang Baik', 2, ',', '')
 2 APPPATH\Views\penilaianMandiri\dashboard.php(239): formatData([...])
 3 SYSTEMPATH\View\View.php(234): include('D:\\DLL\\IT\\SKI\\SKI2025\\app\\Views\\penilaianMandiri\\dashboard.php')
 4 SYSTEMPATH\View\View.php(237): CodeIgniter\View\View->CodeIgniter\View\{closure}()
 5 SYSTEMPATH\Common.php(1171): CodeIgniter\View\View->render('/penilaianMandiri/dashboard', [], true)
 6 APPPATH\Controllers\PenilaianMandiri.php(141): view('/penilaianMandiri/dashboard', [...])
 7 SYSTEMPATH\CodeIgniter.php(933): App\Controllers\PenilaianMandiri->dash()
 8 SYSTEMPATH\CodeIgniter.php(509): CodeIgniter\CodeIgniter->runController(Object(App\Controllers\PenilaianMandiri))
 9 SYSTEMPATH\CodeIgniter.php(355): CodeIgniter\CodeIgniter->handleRequest(null, Object(Config\Cache), false)
10 SYSTEMPATH\Boot.php(325): CodeIgniter\CodeIgniter->run()
11 SYSTEMPATH\Boot.php(67): CodeIgniter\Boot::runCodeIgniter(Object(CodeIgniter\CodeIgniter))
12 FCPATH\index.php(56): CodeIgniter\Boot::bootWeb(Object(Config\Paths))
13 SYSTEMPATH\rewrite.php(44): require_once('D:\\DLL\\IT\\SKI\\SKI2025\\public\\index.php')
INFO - 2025-03-03 03:21:40 --> Session: Class initialized using 'CodeIgniter\Session\Handlers\FileHandler' driver.
INFO - 2025-03-03 03:21:40 --> Current route: /dash_pm
INFO - 2025-03-03 03:26:45 --> Session: Class initialized using 'CodeIgniter\Session\Handlers\FileHandler' driver.
INFO - 2025-03-03 03:26:45 --> Current route: /dash_pm
INFO - 2025-03-03 03:28:04 --> Session: Class initialized using 'CodeIgniter\Session\Handlers\FileHandler' driver.
INFO - 2025-03-03 03:28:04 --> Current route: /dash_pm
INFO - 2025-03-03 03:28:17 --> Session: Class initialized using 'CodeIgniter\Session\Handlers\FileHandler' driver.
INFO - 2025-03-03 03:28:17 --> Current route: /dash_pm
INFO - 2025-03-03 03:28:34 --> Session: Class initialized using 'CodeIgniter\Session\Handlers\FileHandler' driver.
INFO - 2025-03-03 03:28:34 --> Current route: /dash_pm
INFO - 2025-03-03 03:30:04 --> Session: Class initialized using 'CodeIgniter\Session\Handlers\FileHandler' driver.
INFO - 2025-03-03 03:30:04 --> Current route: /dash_pm
INFO - 2025-03-03 03:31:01 --> Session: Class initialized using 'CodeIgniter\Session\Handlers\FileHandler' driver.
INFO - 2025-03-03 03:31:01 --> Current route: /dash_pm
INFO - 2025-03-03 03:31:30 --> Session: Class initialized using 'CodeIgniter\Session\Handlers\FileHandler' driver.
INFO - 2025-03-03 03:31:30 --> Current route: /dash_pm
INFO - 2025-03-03 03:34:24 --> Session: Class initialized using 'CodeIgniter\Session\Handlers\FileHandler' driver.
INFO - 2025-03-03 03:34:24 --> Current route: /dash_pm
INFO - 2025-03-03 03:35:13 --> Session: Class initialized using 'CodeIgniter\Session\Handlers\FileHandler' driver.
INFO - 2025-03-03 03:35:13 --> Current route: /dash_pm
INFO - 2025-03-03 03:35:30 --> Session: Class initialized using 'CodeIgniter\Session\Handlers\FileHandler' driver.
INFO - 2025-03-03 03:35:30 --> Current route: /dash_pm
INFO - 2025-03-03 03:35:48 --> Session: Class initialized using 'CodeIgniter\Session\Handlers\FileHandler' driver.
INFO - 2025-03-03 03:35:48 --> Current route: /dash_pm
INFO - 2025-03-03 03:36:57 --> Session: Class initialized using 'CodeIgniter\Session\Handlers\FileHandler' driver.
INFO - 2025-03-03 03:36:57 --> Current route: /dash_pm
INFO - 2025-03-03 03:37:32 --> Session: Class initialized using 'CodeIgniter\Session\Handlers\FileHandler' driver.
INFO - 2025-03-03 03:37:32 --> Current route: /dash_pm
INFO - 2025-03-03 03:37:39 --> Session: Class initialized using 'CodeIgniter\Session\Handlers\FileHandler' driver.
INFO - 2025-03-03 03:37:39 --> Current route: /dash_pm
INFO - 2025-03-03 03:37:57 --> Session: Class initialized using 'CodeIgniter\Session\Handlers\FileHandler' driver.
INFO - 2025-03-03 03:37:57 --> Current route: /dash_pm
INFO - 2025-03-03 03:38:11 --> Session: Class initialized using 'CodeIgniter\Session\Handlers\FileHandler' driver.
INFO - 2025-03-03 03:38:11 --> Current route: /dash_pm
INFO - 2025-03-03 03:38:24 --> Session: Class initialized using 'CodeIgniter\Session\Handlers\FileHandler' driver.
INFO - 2025-03-03 03:38:24 --> Current route: /dash_pm
INFO - 2025-03-03 03:39:19 --> Session: Class initialized using 'CodeIgniter\Session\Handlers\FileHandler' driver.
INFO - 2025-03-03 03:39:19 --> Current route: /dash_pm
INFO - 2025-03-03 03:40:34 --> Session: Class initialized using 'CodeIgniter\Session\Handlers\FileHandler' driver.
INFO - 2025-03-03 03:40:34 --> Current route: /dash_pm
INFO - 2025-03-03 03:41:16 --> Session: Class initialized using 'CodeIgniter\Session\Handlers\FileHandler' driver.
INFO - 2025-03-03 03:41:16 --> Current route: /dash_pm
INFO - 2025-03-03 03:42:29 --> Session: Class initialized using 'CodeIgniter\Session\Handlers\FileHandler' driver.
INFO - 2025-03-03 03:42:29 --> Current route: /dash_pm
INFO - 2025-03-03 03:43:47 --> Session: Class initialized using 'CodeIgniter\Session\Handlers\FileHandler' driver.
INFO - 2025-03-03 03:43:47 --> Current route: /dash_pm
INFO - 2025-03-03 03:44:14 --> Session: Class initialized using 'CodeIgniter\Session\Handlers\FileHandler' driver.
INFO - 2025-03-03 03:44:14 --> Current route: /dash_pm
INFO - 2025-03-03 03:50:25 --> Session: Class initialized using 'CodeIgniter\Session\Handlers\FileHandler' driver.
INFO - 2025-03-03 03:50:25 --> Current route: /dash_pm
INFO - 2025-03-03 04:07:59 --> Session: Class initialized using 'CodeIgniter\Session\Handlers\FileHandler' driver.
INFO - 2025-03-03 04:07:59 --> Current route: /soal_pengungkit
INFO - 2025-03-03 04:15:45 --> Session: Class initialized using 'CodeIgniter\Session\Handlers\FileHandler' driver.
INFO - 2025-03-03 04:15:45 --> Current route: /dash_pm
INFO - 2025-03-03 04:16:16 --> Session: Class initialized using 'CodeIgniter\Session\Handlers\FileHandler' driver.
INFO - 2025-03-03 04:16:16 --> Current route: /dash_pm
INFO - 2025-03-03 04:16:46 --> Session: Class initialized using 'CodeIgniter\Session\Handlers\FileHandler' driver.
INFO - 2025-03-03 04:16:46 --> Current route: /dash_pm
INFO - 2025-03-03 04:17:04 --> Session: Class initialized using 'CodeIgniter\Session\Handlers\FileHandler' driver.
INFO - 2025-03-03 04:17:04 --> Current route: /dash_pm
INFO - 2025-03-03 04:18:08 --> Session: Class initialized using 'CodeIgniter\Session\Handlers\FileHandler' driver.
INFO - 2025-03-03 04:18:08 --> Current route: /soal_pengungkit
INFO - 2025-03-03 04:18:19 --> Session: Class initialized using 'CodeIgniter\Session\Handlers\FileHandler' driver.
INFO - 2025-03-03 04:18:19 --> Current route: /dash_pm
INFO - 2025-03-03 04:18:28 --> Session: Class initialized using 'CodeIgniter\Session\Handlers\FileHandler' driver.
INFO - 2025-03-03 04:18:28 --> Current route: /soal_pengungkit
INFO - 2025-03-03 04:18:36 --> Session: Class initialized using 'CodeIgniter\Session\Handlers\FileHandler' driver.
INFO - 2025-03-03 04:18:36 --> Current route: /dash_pm
INFO - 2025-03-03 04:23:06 --> Session: Class initialized using 'CodeIgniter\Session\Handlers\FileHandler' driver.
INFO - 2025-03-03 04:23:06 --> Current route: /soal_pengungkit
INFO - 2025-03-03 04:23:29 --> Session: Class initialized using 'CodeIgniter\Session\Handlers\FileHandler' driver.
INFO - 2025-03-03 04:23:29 --> Current route: /soal_pengungkit
INFO - 2025-03-03 04:23:30 --> Session: Class initialized using 'CodeIgniter\Session\Handlers\FileHandler' driver.
INFO - 2025-03-03 04:23:30 --> Current route: /dash_pm
INFO - 2025-03-03 04:23:48 --> Session: Class initialized using 'CodeIgniter\Session\Handlers\FileHandler' driver.
INFO - 2025-03-03 04:23:48 --> Current route: /soal_pengungkit
INFO - 2025-03-03 04:24:08 --> Session: Class initialized using 'CodeIgniter\Session\Handlers\FileHandler' driver.
INFO - 2025-03-03 04:24:08 --> Current route: /dash_pm
INFO - 2025-03-03 04:24:18 --> Session: Class initialized using 'CodeIgniter\Session\Handlers\FileHandler' driver.
INFO - 2025-03-03 04:24:18 --> Current route: /dash_pm
INFO - 2025-03-03 04:25:14 --> Session: Class initialized using 'CodeIgniter\Session\Handlers\FileHandler' driver.
INFO - 2025-03-03 04:25:14 --> Current route: /dash_pm
INFO - 2025-03-03 04:26:15 --> Session: Class initialized using 'CodeIgniter\Session\Handlers\FileHandler' driver.
INFO - 2025-03-03 04:26:15 --> Current route: /dash_pm
INFO - 2025-03-03 04:26:48 --> Session: Class initialized using 'CodeIgniter\Session\Handlers\FileHandler' driver.
INFO - 2025-03-03 04:26:48 --> Current route: /dash_pm
INFO - 2025-03-03 04:30:21 --> Session: Class initialized using 'CodeIgniter\Session\Handlers\FileHandler' driver.
INFO - 2025-03-03 04:30:21 --> Current route: /pm
INFO - 2025-03-03 04:30:23 --> Session: Class initialized using 'CodeIgniter\Session\Handlers\FileHandler' driver.
INFO - 2025-03-03 04:30:23 --> Current route: /dash_pm
INFO - 2025-03-03 04:30:30 --> Session: Class initialized using 'CodeIgniter\Session\Handlers\FileHandler' driver.
INFO - 2025-03-03 04:30:30 --> Current route: /pm
INFO - 2025-03-03 04:30:34 --> Session: Class initialized using 'CodeIgniter\Session\Handlers\FileHandler' driver.
INFO - 2025-03-03 04:30:34 --> Current route: /dash_pm
INFO - 2025-03-03 04:35:34 --> Session: Class initialized using 'CodeIgniter\Session\Handlers\FileHandler' driver.
INFO - 2025-03-03 04:35:34 --> Current route: /dash_pm
INFO - 2025-03-03 04:56:35 --> Session: Class initialized using 'CodeIgniter\Session\Handlers\FileHandler' driver.
INFO - 2025-03-03 04:56:35 --> Current route: /dash_pm
INFO - 2025-03-03 04:58:04 --> Session: Class initialized using 'CodeIgniter\Session\Handlers\FileHandler' driver.
INFO - 2025-03-03 04:58:04 --> Current route: /dash_pm
CRITICAL - 2025-03-03 04:58:04 --> ErrorException: Undefined variable $session
[Method: GET, Route: dash_pm]
in APPPATH\Views\penilaianMandiri\dashboard.php on line 4.
 1 APPPATH\Views\penilaianMandiri\dashboard.php(4): CodeIgniter\Debug\Exceptions->errorHandler(2, 'Undefined variable $session', 'D:\\DLL\\IT\\SKI\\SKI2025\\app\\Views\\penilaianMandiri\\dashboard.php', 4)
 2 SYSTEMPATH\View\View.php(234): include('D:\\DLL\\IT\\SKI\\SKI2025\\app\\Views\\penilaianMandiri\\dashboard.php')
 3 SYSTEMPATH\View\View.php(237): CodeIgniter\View\View->CodeIgniter\View\{closure}()
 4 SYSTEMPATH\Common.php(1171): CodeIgniter\View\View->render('/penilaianMandiri/dashboard', [], true)
 5 APPPATH\Controllers\PenilaianMandiri.php(145): view('/penilaianMandiri/dashboard', [...])
 6 SYSTEMPATH\CodeIgniter.php(933): App\Controllers\PenilaianMandiri->dash()
 7 SYSTEMPATH\CodeIgniter.php(509): CodeIgniter\CodeIgniter->runController(Object(App\Controllers\PenilaianMandiri))
 8 SYSTEMPATH\CodeIgniter.php(355): CodeIgniter\CodeIgniter->handleRequest(null, Object(Config\Cache), false)
 9 SYSTEMPATH\Boot.php(325): CodeIgniter\CodeIgniter->run()
10 SYSTEMPATH\Boot.php(67): CodeIgniter\Boot::runCodeIgniter(Object(CodeIgniter\CodeIgniter))
11 FCPATH\index.php(56): CodeIgniter\Boot::bootWeb(Object(Config\Paths))
12 SYSTEMPATH\rewrite.php(44): require_once('D:\\DLL\\IT\\SKI\\SKI2025\\public\\index.php')
INFO - 2025-03-03 04:58:17 --> Session: Class initialized using 'CodeIgniter\Session\Handlers\FileHandler' driver.
INFO - 2025-03-03 04:58:17 --> Current route: /dash_pm
INFO - 2025-03-03 06:21:05 --> Session: Class initialized using 'CodeIgniter\Session\Handlers\FileHandler' driver.
INFO - 2025-03-03 06:21:05 --> Current route: /dash_pm
INFO - 2025-03-03 06:23:20 --> Session: Class initialized using 'CodeIgniter\Session\Handlers\FileHandler' driver.
INFO - 2025-03-03 06:23:20 --> Current route: /dash_pm
CRITICAL - 2025-03-03 06:23:20 --> ErrorException: Undefined array key "satker"
[Method: GET, Route: dash_pm]
in APPPATH\Views\penilaianMandiri\dashboard.php on line 4.
 1 APPPATH\Views\penilaianMandiri\dashboard.php(4): CodeIgniter\Debug\Exceptions->errorHandler(2, 'Undefined array key "satker"', 'D:\\DLL\\IT\\SKI\\SKI2025\\app\\Views\\penilaianMandiri\\dashboard.php', 4)
 2 SYSTEMPATH\View\View.php(234): include('D:\\DLL\\IT\\SKI\\SKI2025\\app\\Views\\penilaianMandiri\\dashboard.php')
 3 SYSTEMPATH\View\View.php(237): CodeIgniter\View\View->CodeIgniter\View\{closure}()
 4 SYSTEMPATH\Common.php(1171): CodeIgniter\View\View->render('/penilaianMandiri/dashboard', [], true)
 5 APPPATH\Controllers\PenilaianMandiri.php(146): view('/penilaianMandiri/dashboard', [...])
 6 SYSTEMPATH\CodeIgniter.php(933): App\Controllers\PenilaianMandiri->dash()
 7 SYSTEMPATH\CodeIgniter.php(509): CodeIgniter\CodeIgniter->runController(Object(App\Controllers\PenilaianMandiri))
 8 SYSTEMPATH\CodeIgniter.php(355): CodeIgniter\CodeIgniter->handleRequest(null, Object(Config\Cache), false)
 9 SYSTEMPATH\Boot.php(325): CodeIgniter\CodeIgniter->run()
10 SYSTEMPATH\Boot.php(67): CodeIgniter\Boot::runCodeIgniter(Object(CodeIgniter\CodeIgniter))
11 FCPATH\index.php(56): CodeIgniter\Boot::bootWeb(Object(Config\Paths))
12 SYSTEMPATH\rewrite.php(44): require_once('D:\\DLL\\IT\\SKI\\SKI2025\\public\\index.php')
INFO - 2025-03-03 06:23:40 --> Session: Class initialized using 'CodeIgniter\Session\Handlers\FileHandler' driver.
INFO - 2025-03-03 06:23:40 --> Current route: /dash_pm
INFO - 2025-03-03 06:23:58 --> Session: Class initialized using 'CodeIgniter\Session\Handlers\FileHandler' driver.
INFO - 2025-03-03 06:23:58 --> Current route: /dash_pm
CRITICAL - 2025-03-03 06:23:58 --> Error: Undefined constant "nama_satker"
[Method: GET, Route: dash_pm]
in APPPATH\Views\penilaianMandiri\dashboard.php on line 5.
 1 SYSTEMPATH\View\View.php(234): include()
 2 SYSTEMPATH\View\View.php(237): CodeIgniter\View\View->CodeIgniter\View\{closure}()
 3 SYSTEMPATH\Common.php(1171): CodeIgniter\View\View->render('/penilaianMandiri/dashboard', [], true)
 4 APPPATH\Controllers\PenilaianMandiri.php(146): view('/penilaianMandiri/dashboard', [...])
 5 SYSTEMPATH\CodeIgniter.php(933): App\Controllers\PenilaianMandiri->dash()
 6 SYSTEMPATH\CodeIgniter.php(509): CodeIgniter\CodeIgniter->runController(Object(App\Controllers\PenilaianMandiri))
 7 SYSTEMPATH\CodeIgniter.php(355): CodeIgniter\CodeIgniter->handleRequest(null, Object(Config\Cache), false)
 8 SYSTEMPATH\Boot.php(325): CodeIgniter\CodeIgniter->run()
 9 SYSTEMPATH\Boot.php(67): CodeIgniter\Boot::runCodeIgniter(Object(CodeIgniter\CodeIgniter))
10 FCPATH\index.php(56): CodeIgniter\Boot::bootWeb(Object(Config\Paths))
11 SYSTEMPATH\rewrite.php(44): require_once('D:\\DLL\\IT\\SKI\\SKI2025\\public\\index.php')
INFO - 2025-03-03 06:24:14 --> Session: Class initialized using 'CodeIgniter\Session\Handlers\FileHandler' driver.
INFO - 2025-03-03 06:24:14 --> Current route: /dash_pm
CRITICAL - 2025-03-03 06:24:14 --> ErrorException: Attempt to read property "nama_satker" on array
[Method: GET, Route: dash_pm]
in APPPATH\Views\penilaianMandiri\dashboard.php on line 4.
 1 APPPATH\Views\penilaianMandiri\dashboard.php(4): CodeIgniter\Debug\Exceptions->errorHandler(2, 'Attempt to read property "nama_satker" on array', 'D:\\DLL\\IT\\SKI\\SKI2025\\app\\Views\\penilaianMandiri\\dashboard.php', 4)
 2 SYSTEMPATH\View\View.php(234): include('D:\\DLL\\IT\\SKI\\SKI2025\\app\\Views\\penilaianMandiri\\dashboard.php')
 3 SYSTEMPATH\View\View.php(237): CodeIgniter\View\View->CodeIgniter\View\{closure}()
 4 SYSTEMPATH\Common.php(1171): CodeIgniter\View\View->render('/penilaianMandiri/dashboard', [], true)
 5 APPPATH\Controllers\PenilaianMandiri.php(146): view('/penilaianMandiri/dashboard', [...])
 6 SYSTEMPATH\CodeIgniter.php(933): App\Controllers\PenilaianMandiri->dash()
 7 SYSTEMPATH\CodeIgniter.php(509): CodeIgniter\CodeIgniter->runController(Object(App\Controllers\PenilaianMandiri))
 8 SYSTEMPATH\CodeIgniter.php(355): CodeIgniter\CodeIgniter->handleRequest(null, Object(Config\Cache), false)
 9 SYSTEMPATH\Boot.php(325): CodeIgniter\CodeIgniter->run()
10 SYSTEMPATH\Boot.php(67): CodeIgniter\Boot::runCodeIgniter(Object(CodeIgniter\CodeIgniter))
11 FCPATH\index.php(56): CodeIgniter\Boot::bootWeb(Object(Config\Paths))
12 SYSTEMPATH\rewrite.php(44): require_once('D:\\DLL\\IT\\SKI\\SKI2025\\public\\index.php')
INFO - 2025-03-03 06:24:25 --> Session: Class initialized using 'CodeIgniter\Session\Handlers\FileHandler' driver.
INFO - 2025-03-03 06:24:25 --> Current route: /dash_pm
CRITICAL - 2025-03-03 06:24:25 --> ErrorException: Attempt to read property "name_satker" on array
[Method: GET, Route: dash_pm]
in APPPATH\Views\penilaianMandiri\dashboard.php on line 4.
 1 APPPATH\Views\penilaianMandiri\dashboard.php(4): CodeIgniter\Debug\Exceptions->errorHandler(2, 'Attempt to read property "name_satker" on array', 'D:\\DLL\\IT\\SKI\\SKI2025\\app\\Views\\penilaianMandiri\\dashboard.php', 4)
 2 SYSTEMPATH\View\View.php(234): include('D:\\DLL\\IT\\SKI\\SKI2025\\app\\Views\\penilaianMandiri\\dashboard.php')
 3 SYSTEMPATH\View\View.php(237): CodeIgniter\View\View->CodeIgniter\View\{closure}()
 4 SYSTEMPATH\Common.php(1171): CodeIgniter\View\View->render('/penilaianMandiri/dashboard', [], true)
 5 APPPATH\Controllers\PenilaianMandiri.php(146): view('/penilaianMandiri/dashboard', [...])
 6 SYSTEMPATH\CodeIgniter.php(933): App\Controllers\PenilaianMandiri->dash()
 7 SYSTEMPATH\CodeIgniter.php(509): CodeIgniter\CodeIgniter->runController(Object(App\Controllers\PenilaianMandiri))
 8 SYSTEMPATH\CodeIgniter.php(355): CodeIgniter\CodeIgniter->handleRequest(null, Object(Config\Cache), false)
 9 SYSTEMPATH\Boot.php(325): CodeIgniter\CodeIgniter->run()
10 SYSTEMPATH\Boot.php(67): CodeIgniter\Boot::runCodeIgniter(Object(CodeIgniter\CodeIgniter))
11 FCPATH\index.php(56): CodeIgniter\Boot::bootWeb(Object(Config\Paths))
12 SYSTEMPATH\rewrite.php(44): require_once('D:\\DLL\\IT\\SKI\\SKI2025\\public\\index.php')
INFO - 2025-03-03 06:24:36 --> Session: Class initialized using 'CodeIgniter\Session\Handlers\FileHandler' driver.
INFO - 2025-03-03 06:24:36 --> Current route: /dash_pm
INFO - 2025-03-03 06:25:07 --> Session: Class initialized using 'CodeIgniter\Session\Handlers\FileHandler' driver.
INFO - 2025-03-03 06:25:07 --> Current route: /dash_pm
CRITICAL - 2025-03-03 06:25:07 --> ErrorException: Undefined array key "nama_satker"
[Method: GET, Route: dash_pm]
in APPPATH\Views\penilaianMandiri\dashboard.php on line 4.
 1 APPPATH\Views\penilaianMandiri\dashboard.php(4): CodeIgniter\Debug\Exceptions->errorHandler(2, 'Undefined array key "nama_satker"', 'D:\\DLL\\IT\\SKI\\SKI2025\\app\\Views\\penilaianMandiri\\dashboard.php', 4)
 2 SYSTEMPATH\View\View.php(234): include('D:\\DLL\\IT\\SKI\\SKI2025\\app\\Views\\penilaianMandiri\\dashboard.php')
 3 SYSTEMPATH\View\View.php(237): CodeIgniter\View\View->CodeIgniter\View\{closure}()
 4 SYSTEMPATH\Common.php(1171): CodeIgniter\View\View->render('/penilaianMandiri/dashboard', [], true)
 5 APPPATH\Controllers\PenilaianMandiri.php(146): view('/penilaianMandiri/dashboard', [...])
 6 SYSTEMPATH\CodeIgniter.php(933): App\Controllers\PenilaianMandiri->dash()
 7 SYSTEMPATH\CodeIgniter.php(509): CodeIgniter\CodeIgniter->runController(Object(App\Controllers\PenilaianMandiri))
 8 SYSTEMPATH\CodeIgniter.php(355): CodeIgniter\CodeIgniter->handleRequest(null, Object(Config\Cache), false)
 9 SYSTEMPATH\Boot.php(325): CodeIgniter\CodeIgniter->run()
10 SYSTEMPATH\Boot.php(67): CodeIgniter\Boot::runCodeIgniter(Object(CodeIgniter\CodeIgniter))
11 FCPATH\index.php(56): CodeIgniter\Boot::bootWeb(Object(Config\Paths))
12 SYSTEMPATH\rewrite.php(44): require_once('D:\\DLL\\IT\\SKI\\SKI2025\\public\\index.php')
INFO - 2025-03-03 06:25:25 --> Session: Class initialized using 'CodeIgniter\Session\Handlers\FileHandler' driver.
INFO - 2025-03-03 06:25:25 --> Current route: /dash_pm
CRITICAL - 2025-03-03 06:25:25 --> ErrorException: Attempt to read property "nama_satker" on array
[Method: GET, Route: dash_pm]
in APPPATH\Views\penilaianMandiri\dashboard.php on line 4.
 1 APPPATH\Views\penilaianMandiri\dashboard.php(4): CodeIgniter\Debug\Exceptions->errorHandler(2, 'Attempt to read property "nama_satker" on array', 'D:\\DLL\\IT\\SKI\\SKI2025\\app\\Views\\penilaianMandiri\\dashboard.php', 4)
 2 SYSTEMPATH\View\View.php(234): include('D:\\DLL\\IT\\SKI\\SKI2025\\app\\Views\\penilaianMandiri\\dashboard.php')
 3 SYSTEMPATH\View\View.php(237): CodeIgniter\View\View->CodeIgniter\View\{closure}()
 4 SYSTEMPATH\Common.php(1171): CodeIgniter\View\View->render('/penilaianMandiri/dashboard', [], true)
 5 APPPATH\Controllers\PenilaianMandiri.php(146): view('/penilaianMandiri/dashboard', [...])
 6 SYSTEMPATH\CodeIgniter.php(933): App\Controllers\PenilaianMandiri->dash()
 7 SYSTEMPATH\CodeIgniter.php(509): CodeIgniter\CodeIgniter->runController(Object(App\Controllers\PenilaianMandiri))
 8 SYSTEMPATH\CodeIgniter.php(355): CodeIgniter\CodeIgniter->handleRequest(null, Object(Config\Cache), false)
 9 SYSTEMPATH\Boot.php(325): CodeIgniter\CodeIgniter->run()
10 SYSTEMPATH\Boot.php(67): CodeIgniter\Boot::runCodeIgniter(Object(CodeIgniter\CodeIgniter))
11 FCPATH\index.php(56): CodeIgniter\Boot::bootWeb(Object(Config\Paths))
12 SYSTEMPATH\rewrite.php(44): require_once('D:\\DLL\\IT\\SKI\\SKI2025\\public\\index.php')
INFO - 2025-03-03 06:26:28 --> Session: Class initialized using 'CodeIgniter\Session\Handlers\FileHandler' driver.
INFO - 2025-03-03 06:26:28 --> Current route: /dash_pm
CRITICAL - 2025-03-03 06:26:28 --> Error: Cannot use object of type stdClass as array
[Method: GET, Route: dash_pm]
in APPPATH\Views\penilaianMandiri\dashboard.php on line 262.
 1 SYSTEMPATH\View\View.php(234): include()
 2 SYSTEMPATH\View\View.php(237): CodeIgniter\View\View->CodeIgniter\View\{closure}()
 3 SYSTEMPATH\Common.php(1171): CodeIgniter\View\View->render('/penilaianMandiri/dashboard', [], true)
 4 APPPATH\Controllers\PenilaianMandiri.php(146): view('/penilaianMandiri/dashboard', [...])
 5 SYSTEMPATH\CodeIgniter.php(933): App\Controllers\PenilaianMandiri->dash()
 6 SYSTEMPATH\CodeIgniter.php(509): CodeIgniter\CodeIgniter->runController(Object(App\Controllers\PenilaianMandiri))
 7 SYSTEMPATH\CodeIgniter.php(355): CodeIgniter\CodeIgniter->handleRequest(null, Object(Config\Cache), false)
 8 SYSTEMPATH\Boot.php(325): CodeIgniter\CodeIgniter->run()
 9 SYSTEMPATH\Boot.php(67): CodeIgniter\Boot::runCodeIgniter(Object(CodeIgniter\CodeIgniter))
10 FCPATH\index.php(56): CodeIgniter\Boot::bootWeb(Object(Config\Paths))
11 SYSTEMPATH\rewrite.php(44): require_once('D:\\DLL\\IT\\SKI\\SKI2025\\public\\index.php')
INFO - 2025-03-03 06:26:38 --> Session: Class initialized using 'CodeIgniter\Session\Handlers\FileHandler' driver.
INFO - 2025-03-03 06:26:38 --> Current route: /dash_pm
INFO - 2025-03-03 06:27:58 --> Session: Class initialized using 'CodeIgniter\Session\Handlers\FileHandler' driver.
INFO - 2025-03-03 06:27:58 --> Current route: /dash_pm
INFO - 2025-03-03 06:29:30 --> Session: Class initialized using 'CodeIgniter\Session\Handlers\FileHandler' driver.
INFO - 2025-03-03 06:29:30 --> Current route: /dash_pm
INFO - 2025-03-03 06:32:45 --> Session: Class initialized using 'CodeIgniter\Session\Handlers\FileHandler' driver.
INFO - 2025-03-03 06:32:45 --> Current route: /soal_pengungkit
INFO - 2025-03-03 06:38:10 --> Session: Class initialized using 'CodeIgniter\Session\Handlers\FileHandler' driver.
INFO - 2025-03-03 06:38:10 --> Current route: /soal_hasil
INFO - 2025-03-03 06:39:28 --> Session: Class initialized using 'CodeIgniter\Session\Handlers\FileHandler' driver.
INFO - 2025-03-03 06:39:28 --> Current route: /dash_pm
INFO - 2025-03-03 06:45:49 --> Session: Class initialized using 'CodeIgniter\Session\Handlers\FileHandler' driver.
INFO - 2025-03-03 06:45:49 --> Current route: /dash_pm
INFO - 2025-03-03 06:54:58 --> Session: Class initialized using 'CodeIgniter\Session\Handlers\FileHandler' driver.
INFO - 2025-03-03 06:54:58 --> Current route: /dash_pm
INFO - 2025-03-03 06:59:38 --> Session: Class initialized using 'CodeIgniter\Session\Handlers\FileHandler' driver.
INFO - 2025-03-03 06:59:38 --> Current route: /dash_pm
INFO - 2025-03-03 09:27:27 --> Session: Class initialized using 'CodeIgniter\Session\Handlers\FileHandler' driver.
INFO - 2025-03-03 09:27:32 --> Session: Class initialized using 'CodeIgniter\Session\Handlers\FileHandler' driver.
INFO - 2025-03-03 09:27:32 --> Session: Class initialized using 'CodeIgniter\Session\Handlers\FileHandler' driver.
INFO - 2025-03-03 09:27:32 --> Current route: /pm
INFO - 2025-03-03 09:27:35 --> Session: Class initialized using 'CodeIgniter\Session\Handlers\FileHandler' driver.
INFO - 2025-03-03 09:27:35 --> Current route: /dash_pm
INFO - 2025-03-03 09:28:56 --> Session: Class initialized using 'CodeIgniter\Session\Handlers\FileHandler' driver.
INFO - 2025-03-03 09:28:56 --> Current route: /dash_pm
INFO - 2025-03-03 09:29:46 --> Session: Class initialized using 'CodeIgniter\Session\Handlers\FileHandler' driver.
INFO - 2025-03-03 09:29:46 --> Current route: /dash_pm
CRITICAL - 2025-03-03 09:29:46 --> ErrorException: Undefined array key "$totalPersentaseKeseluruhan"
[Method: GET, Route: dash_pm]
in APPPATH\Views\penilaianMandiri\dashboard.php on line 243.
 1 APPPATH\Views\penilaianMandiri\dashboard.php(243): CodeIgniter\Debug\Exceptions->errorHandler(2, 'Undefined array key "$totalPersentaseKeseluruhan"', 'D:\\DLL\\IT\\SKI\\SKI2025\\app\\Views\\penilaianMandiri\\dashboard.php', 243)
 2 SYSTEMPATH\View\View.php(234): include('D:\\DLL\\IT\\SKI\\SKI2025\\app\\Views\\penilaianMandiri\\dashboard.php')
 3 SYSTEMPATH\View\View.php(237): CodeIgniter\View\View->CodeIgniter\View\{closure}()
 4 SYSTEMPATH\Common.php(1171): CodeIgniter\View\View->render('/penilaianMandiri/dashboard', [], true)
 5 APPPATH\Controllers\PenilaianMandiri.php(146): view('/penilaianMandiri/dashboard', [...])
 6 SYSTEMPATH\CodeIgniter.php(933): App\Controllers\PenilaianMandiri->dash()
 7 SYSTEMPATH\CodeIgniter.php(509): CodeIgniter\CodeIgniter->runController(Object(App\Controllers\PenilaianMandiri))
 8 SYSTEMPATH\CodeIgniter.php(355): CodeIgniter\CodeIgniter->handleRequest(null, Object(Config\Cache), false)
 9 SYSTEMPATH\Boot.php(325): CodeIgniter\CodeIgniter->run()
10 SYSTEMPATH\Boot.php(67): CodeIgniter\Boot::runCodeIgniter(Object(CodeIgniter\CodeIgniter))
11 FCPATH\index.php(56): CodeIgniter\Boot::bootWeb(Object(Config\Paths))
12 SYSTEMPATH\rewrite.php(44): require_once('D:\\DLL\\IT\\SKI\\SKI2025\\public\\index.php')
INFO - 2025-03-03 09:31:47 --> Session: Class initialized using 'CodeIgniter\Session\Handlers\FileHandler' driver.
INFO - 2025-03-03 09:31:47 --> Current route: /dash_pm
CRITICAL - 2025-03-03 09:31:47 --> ErrorException: Array to string conversion
[Method: GET, Route: dash_pm]
in APPPATH\Views\penilaianMandiri\dashboard.php on line 274.
 1 APPPATH\Views\penilaianMandiri\dashboard.php(274): CodeIgniter\Debug\Exceptions->errorHandler(2, 'Array to string conversion', 'D:\\DLL\\IT\\SKI\\SKI2025\\app\\Views\\penilaianMandiri\\dashboard.php', 274)
 2 SYSTEMPATH\View\View.php(234): include('D:\\DLL\\IT\\SKI\\SKI2025\\app\\Views\\penilaianMandiri\\dashboard.php')
 3 SYSTEMPATH\View\View.php(237): CodeIgniter\View\View->CodeIgniter\View\{closure}()
 4 SYSTEMPATH\Common.php(1171): CodeIgniter\View\View->render('/penilaianMandiri/dashboard', [], true)
 5 APPPATH\Controllers\PenilaianMandiri.php(146): view('/penilaianMandiri/dashboard', [...])
 6 SYSTEMPATH\CodeIgniter.php(933): App\Controllers\PenilaianMandiri->dash()
 7 SYSTEMPATH\CodeIgniter.php(509): CodeIgniter\CodeIgniter->runController(Object(App\Controllers\PenilaianMandiri))
 8 SYSTEMPATH\CodeIgniter.php(355): CodeIgniter\CodeIgniter->handleRequest(null, Object(Config\Cache), false)
 9 SYSTEMPATH\Boot.php(325): CodeIgniter\CodeIgniter->run()
10 SYSTEMPATH\Boot.php(67): CodeIgniter\Boot::runCodeIgniter(Object(CodeIgniter\CodeIgniter))
11 FCPATH\index.php(56): CodeIgniter\Boot::bootWeb(Object(Config\Paths))
12 SYSTEMPATH\rewrite.php(44): require_once('D:\\DLL\\IT\\SKI\\SKI2025\\public\\index.php')
INFO - 2025-03-03 09:32:21 --> Session: Class initialized using 'CodeIgniter\Session\Handlers\FileHandler' driver.
INFO - 2025-03-03 09:32:21 --> Current route: /dash_pm
INFO - 2025-03-03 09:34:10 --> Session: Class initialized using 'CodeIgniter\Session\Handlers\FileHandler' driver.
INFO - 2025-03-03 09:34:10 --> Current route: /dash_pm
INFO - 2025-03-03 09:39:30 --> Session: Class initialized using 'CodeIgniter\Session\Handlers\FileHandler' driver.
INFO - 2025-03-03 09:39:30 --> Current route: /dash_pm
INFO - 2025-03-03 10:02:44 --> Session: Class initialized using 'CodeIgniter\Session\Handlers\FileHandler' driver.
INFO - 2025-03-03 10:02:44 --> Current route: /dash_pm
CRITICAL - 2025-03-03 10:02:44 --> ErrorException: Undefined property: stdClass::$id
[Method: GET, Route: dash_pm]
in APPPATH\Views\penilaianMandiri\dashboard.php on line 292.
 1 APPPATH\Views\penilaianMandiri\dashboard.php(292): CodeIgniter\Debug\Exceptions->errorHandler(2, 'Undefined property: stdClass::$id', 'D:\\DLL\\IT\\SKI\\SKI2025\\app\\Views\\penilaianMandiri\\dashboard.php', 292)
 2 SYSTEMPATH\View\View.php(234): include('D:\\DLL\\IT\\SKI\\SKI2025\\app\\Views\\penilaianMandiri\\dashboard.php')
 3 SYSTEMPATH\View\View.php(237): CodeIgniter\View\View->CodeIgniter\View\{closure}()
 4 SYSTEMPATH\Common.php(1171): CodeIgniter\View\View->render('/penilaianMandiri/dashboard', [], true)
 5 APPPATH\Controllers\PenilaianMandiri.php(147): view('/penilaianMandiri/dashboard', [...])
 6 SYSTEMPATH\CodeIgniter.php(933): App\Controllers\PenilaianMandiri->dash()
 7 SYSTEMPATH\CodeIgniter.php(509): CodeIgniter\CodeIgniter->runController(Object(App\Controllers\PenilaianMandiri))
 8 SYSTEMPATH\CodeIgniter.php(355): CodeIgniter\CodeIgniter->handleRequest(null, Object(Config\Cache), false)
 9 SYSTEMPATH\Boot.php(325): CodeIgniter\CodeIgniter->run()
10 SYSTEMPATH\Boot.php(67): CodeIgniter\Boot::runCodeIgniter(Object(CodeIgniter\CodeIgniter))
11 FCPATH\index.php(56): CodeIgniter\Boot::bootWeb(Object(Config\Paths))
12 SYSTEMPATH\rewrite.php(44): require_once('D:\\DLL\\IT\\SKI\\SKI2025\\public\\index.php')
INFO - 2025-03-03 10:03:39 --> Session: Class initialized using 'CodeIgniter\Session\Handlers\FileHandler' driver.
INFO - 2025-03-03 10:03:39 --> Current route: /dash_pm
INFO - 2025-03-03 10:04:13 --> Session: Class initialized using 'CodeIgniter\Session\Handlers\FileHandler' driver.
INFO - 2025-03-03 10:04:13 --> Current route: /dash_pm
INFO - 2025-03-03 10:04:20 --> Session: Class initialized using 'CodeIgniter\Session\Handlers\FileHandler' driver.
INFO - 2025-03-03 10:04:20 --> Current route: /dash_pm
INFO - 2025-03-03 10:05:09 --> Session: Class initialized using 'CodeIgniter\Session\Handlers\FileHandler' driver.
INFO - 2025-03-03 10:05:09 --> Current route: /dash_pm
INFO - 2025-03-03 10:06:12 --> Session: Class initialized using 'CodeIgniter\Session\Handlers\FileHandler' driver.
INFO - 2025-03-03 10:06:12 --> Current route: /dash_pm
INFO - 2025-03-03 10:30:10 --> Session: Class initialized using 'CodeIgniter\Session\Handlers\FileHandler' driver.
INFO - 2025-03-03 10:30:10 --> Current route: /dash_pm
INFO - 2025-03-03 10:36:12 --> Session: Class initialized using 'CodeIgniter\Session\Handlers\FileHandler' driver.
INFO - 2025-03-03 10:36:12 --> Current route: /dash_pm
INFO - 2025-03-03 10:38:38 --> Session: Class initialized using 'CodeIgniter\Session\Handlers\FileHandler' driver.
INFO - 2025-03-03 10:38:38 --> Current route: /dash_pm
