INFO - 2025-07-28 02:05:36 --> Session: Class initialized using 'CodeIgniter\Session\Handlers\FileHandler' driver.
INFO - 2025-07-28 02:05:48 --> Session: Class initialized using 'CodeIgniter\Session\Handlers\FileHandler' driver.
INFO - 2025-07-28 02:05:57 --> Session: Class initialized using 'CodeIgniter\Session\Handlers\FileHandler' driver.
INFO - 2025-07-28 02:06:49 --> Session: Class initialized using 'CodeIgniter\Session\Handlers\FileHandler' driver.
INFO - 2025-07-28 02:06:49 --> Session: Class initialized using 'CodeIgniter\Session\Handlers\FileHandler' driver.
INFO - 2025-07-28 02:06:53 --> Session: Class initialized using 'CodeIgniter\Session\Handlers\FileHandler' driver.
INFO - 2025-07-28 02:07:11 --> Session: Class initialized using 'CodeIgniter\Session\Handlers\FileHandler' driver.
INFO - 2025-07-28 02:12:16 --> Session: Class initialized using 'CodeIgniter\Session\Handlers\FileHandler' driver.
INFO - 2025-07-28 02:15:24 --> Session: Class initialized using 'CodeIgniter\Session\Handlers\FileHandler' driver.
INFO - 2025-07-28 02:19:48 --> Session: Class initialized using 'CodeIgniter\Session\Handlers\FileHandler' driver.
INFO - 2025-07-28 02:21:26 --> Session: Class initialized using 'CodeIgniter\Session\Handlers\FileHandler' driver.
INFO - 2025-07-28 02:21:34 --> Session: Class initialized using 'CodeIgniter\Session\Handlers\FileHandler' driver.
CRITICAL - 2025-07-28 02:21:49 --> ErrorException: Undefined array key "username"
[Method: GET, Route: cms/nilai/data]
in APPPATH\Controllers\CMS.php on line 80.
 1 APPPATH\Controllers\CMS.php(80): CodeIgniter\Debug\Exceptions->errorHandler(2, 'Undefined array key "username"', 'D:\\SKI\\SKI2025\\SKI2025\\app\\Controllers\\CMS.php', 80)
 2 SYSTEMPATH\CodeIgniter.php(933): App\Controllers\CMS->getSatkerData()
 3 SYSTEMPATH\CodeIgniter.php(509): CodeIgniter\CodeIgniter->runController(Object(App\Controllers\CMS))
 4 SYSTEMPATH\CodeIgniter.php(355): CodeIgniter\CodeIgniter->handleRequest(null, Object(Config\Cache), false)
 5 SYSTEMPATH\Boot.php(325): CodeIgniter\CodeIgniter->run()
 6 SYSTEMPATH\Boot.php(67): CodeIgniter\Boot::runCodeIgniter(Object(CodeIgniter\CodeIgniter))
 7 FCPATH\index.php(56): CodeIgniter\Boot::bootWeb(Object(Config\Paths))
 8 SYSTEMPATH\rewrite.php(44): require_once('D:\\SKI\\SKI2025\\SKI2025\\public\\index.php')
INFO - 2025-07-28 02:24:56 --> Session: Class initialized using 'CodeIgniter\Session\Handlers\FileHandler' driver.
INFO - 2025-07-28 02:26:22 --> Session: Class initialized using 'CodeIgniter\Session\Handlers\FileHandler' driver.
INFO - 2025-07-28 02:28:37 --> Session: Class initialized using 'CodeIgniter\Session\Handlers\FileHandler' driver.
INFO - 2025-07-28 02:28:50 --> Session: Class initialized using 'CodeIgniter\Session\Handlers\FileHandler' driver.
INFO - 2025-07-28 02:29:03 --> Session: Class initialized using 'CodeIgniter\Session\Handlers\FileHandler' driver.
INFO - 2025-07-28 02:29:13 --> Session: Class initialized using 'CodeIgniter\Session\Handlers\FileHandler' driver.
INFO - 2025-07-28 02:29:46 --> Session: Class initialized using 'CodeIgniter\Session\Handlers\FileHandler' driver.
INFO - 2025-07-28 02:29:55 --> Session: Class initialized using 'CodeIgniter\Session\Handlers\FileHandler' driver.
INFO - 2025-07-28 02:30:06 --> Session: Class initialized using 'CodeIgniter\Session\Handlers\FileHandler' driver.
INFO - 2025-07-28 02:30:26 --> Session: Class initialized using 'CodeIgniter\Session\Handlers\FileHandler' driver.
INFO - 2025-07-28 02:31:47 --> Session: Class initialized using 'CodeIgniter\Session\Handlers\FileHandler' driver.
INFO - 2025-07-28 02:31:58 --> Session: Class initialized using 'CodeIgniter\Session\Handlers\FileHandler' driver.
INFO - 2025-07-28 02:32:36 --> Session: Class initialized using 'CodeIgniter\Session\Handlers\FileHandler' driver.
INFO - 2025-07-28 02:33:35 --> Session: Class initialized using 'CodeIgniter\Session\Handlers\FileHandler' driver.
INFO - 2025-07-28 02:33:44 --> Session: Class initialized using 'CodeIgniter\Session\Handlers\FileHandler' driver.
INFO - 2025-07-28 02:39:34 --> Session: Class initialized using 'CodeIgniter\Session\Handlers\FileHandler' driver.
INFO - 2025-07-28 02:40:33 --> Session: Class initialized using 'CodeIgniter\Session\Handlers\FileHandler' driver.
INFO - 2025-07-28 02:53:53 --> Session: Class initialized using 'CodeIgniter\Session\Handlers\FileHandler' driver.
INFO - 2025-07-28 02:54:34 --> Session: Class initialized using 'CodeIgniter\Session\Handlers\FileHandler' driver.
INFO - 2025-07-28 02:56:50 --> Session: Class initialized using 'CodeIgniter\Session\Handlers\FileHandler' driver.
CRITICAL - 2025-07-28 03:28:35 --> ArgumentCountError: Too few arguments to function App\Models\SatkerModel::getNilai(), 0 passed in D:\SKI\SKI2025\SKI2025\app\Controllers\CMS.php on line 69 and exactly 1 expected
[Method: GET, Route: cms/nilai]
in APPPATH\Models\SatkerModel.php on line 28.
 1 APPPATH\Controllers\CMS.php(69): App\Models\SatkerModel->getNilai()
 2 SYSTEMPATH\CodeIgniter.php(933): App\Controllers\CMS->nilai()
 3 SYSTEMPATH\CodeIgniter.php(509): CodeIgniter\CodeIgniter->runController(Object(App\Controllers\CMS))
 4 SYSTEMPATH\CodeIgniter.php(355): CodeIgniter\CodeIgniter->handleRequest(null, Object(Config\Cache), false)
 5 SYSTEMPATH\Boot.php(325): CodeIgniter\CodeIgniter->run()
 6 SYSTEMPATH\Boot.php(67): CodeIgniter\Boot::runCodeIgniter(Object(CodeIgniter\CodeIgniter))
 7 FCPATH\index.php(56): CodeIgniter\Boot::bootWeb(Object(Config\Paths))
 8 SYSTEMPATH\rewrite.php(44): require_once('D:\\SKI\\SKI2025\\SKI2025\\public\\index.php')
CRITICAL - 2025-07-28 03:29:16 --> ArgumentCountError: Too few arguments to function App\Models\SatkerModel::getNilai(), 0 passed in D:\SKI\SKI2025\SKI2025\app\Controllers\CMS.php on line 69 and exactly 1 expected
[Method: GET, Route: cms/nilai]
in APPPATH\Models\SatkerModel.php on line 28.
 1 APPPATH\Controllers\CMS.php(69): App\Models\SatkerModel->getNilai()
 2 SYSTEMPATH\CodeIgniter.php(933): App\Controllers\CMS->nilai()
 3 SYSTEMPATH\CodeIgniter.php(509): CodeIgniter\CodeIgniter->runController(Object(App\Controllers\CMS))
 4 SYSTEMPATH\CodeIgniter.php(355): CodeIgniter\CodeIgniter->handleRequest(null, Object(Config\Cache), false)
 5 SYSTEMPATH\Boot.php(325): CodeIgniter\CodeIgniter->run()
 6 SYSTEMPATH\Boot.php(67): CodeIgniter\Boot::runCodeIgniter(Object(CodeIgniter\CodeIgniter))
 7 FCPATH\index.php(56): CodeIgniter\Boot::bootWeb(Object(Config\Paths))
 8 SYSTEMPATH\rewrite.php(44): require_once('D:\\SKI\\SKI2025\\SKI2025\\public\\index.php')
CRITICAL - 2025-07-28 03:29:56 --> ErrorException: Undefined variable $db
[Method: GET, Route: cms/nilai]
in APPPATH\Models\SatkerModel.php on line 30.
 1 APPPATH\Models\SatkerModel.php(30): CodeIgniter\Debug\Exceptions->errorHandler(2, 'Undefined variable $db', 'D:\\SKI\\SKI2025\\SKI2025\\app\\Models\\SatkerModel.php', 30)
 2 APPPATH\Controllers\CMS.php(69): App\Models\SatkerModel->getNilai(50)
 3 SYSTEMPATH\CodeIgniter.php(933): App\Controllers\CMS->nilai()
 4 SYSTEMPATH\CodeIgniter.php(509): CodeIgniter\CodeIgniter->runController(Object(App\Controllers\CMS))
 5 SYSTEMPATH\CodeIgniter.php(355): CodeIgniter\CodeIgniter->handleRequest(null, Object(Config\Cache), false)
 6 SYSTEMPATH\Boot.php(325): CodeIgniter\CodeIgniter->run()
 7 SYSTEMPATH\Boot.php(67): CodeIgniter\Boot::runCodeIgniter(Object(CodeIgniter\CodeIgniter))
 8 FCPATH\index.php(56): CodeIgniter\Boot::bootWeb(Object(Config\Paths))
 9 SYSTEMPATH\rewrite.php(44): require_once('D:\\SKI\\SKI2025\\SKI2025\\public\\index.php')
INFO - 2025-07-28 03:33:27 --> Session: Class initialized using 'CodeIgniter\Session\Handlers\FileHandler' driver.
INFO - 2025-07-28 03:44:13 --> Session: Class initialized using 'CodeIgniter\Session\Handlers\FileHandler' driver.
CRITICAL - 2025-07-28 03:44:36 --> ArgumentCountError: Too few arguments to function App\Models\SatkerModel::getNilai(), 0 passed in D:\SKI\SKI2025\SKI2025\app\Controllers\CMS.php on line 92 and exactly 1 expected
[Method: GET, Route: cms/nilai/data/70]
in APPPATH\Models\SatkerModel.php on line 28.
 1 APPPATH\Controllers\CMS.php(92): App\Models\SatkerModel->getNilai()
 2 SYSTEMPATH\CodeIgniter.php(933): App\Controllers\CMS->getNilai('70')
 3 SYSTEMPATH\CodeIgniter.php(509): CodeIgniter\CodeIgniter->runController(Object(App\Controllers\CMS))
 4 SYSTEMPATH\CodeIgniter.php(355): CodeIgniter\CodeIgniter->handleRequest(null, Object(Config\Cache), false)
 5 SYSTEMPATH\Boot.php(325): CodeIgniter\CodeIgniter->run()
 6 SYSTEMPATH\Boot.php(67): CodeIgniter\Boot::runCodeIgniter(Object(CodeIgniter\CodeIgniter))
 7 FCPATH\index.php(56): CodeIgniter\Boot::bootWeb(Object(Config\Paths))
 8 SYSTEMPATH\rewrite.php(44): require_once('D:\\SKI\\SKI2025\\SKI2025\\public\\index.php')
INFO - 2025-07-28 03:45:11 --> Session: Class initialized using 'CodeIgniter\Session\Handlers\FileHandler' driver.
INFO - 2025-07-28 03:46:14 --> Session: Class initialized using 'CodeIgniter\Session\Handlers\FileHandler' driver.
INFO - 2025-07-28 03:47:35 --> Session: Class initialized using 'CodeIgniter\Session\Handlers\FileHandler' driver.
INFO - 2025-07-28 03:53:03 --> Session: Class initialized using 'CodeIgniter\Session\Handlers\FileHandler' driver.
INFO - 2025-07-28 03:53:29 --> Session: Class initialized using 'CodeIgniter\Session\Handlers\FileHandler' driver.
INFO - 2025-07-28 03:53:41 --> Session: Class initialized using 'CodeIgniter\Session\Handlers\FileHandler' driver.
INFO - 2025-07-28 04:18:20 --> Session: Class initialized using 'CodeIgniter\Session\Handlers\FileHandler' driver.
INFO - 2025-07-28 04:18:26 --> Session: Class initialized using 'CodeIgniter\Session\Handlers\FileHandler' driver.
INFO - 2025-07-28 04:18:26 --> Session: Class initialized using 'CodeIgniter\Session\Handlers\FileHandler' driver.
INFO - 2025-07-28 04:18:26 --> Current route: /pm
INFO - 2025-07-28 04:18:34 --> Session: Class initialized using 'CodeIgniter\Session\Handlers\FileHandler' driver.
INFO - 2025-07-28 04:18:34 --> Current route: /dash_pm
ERROR - 2025-07-28 04:18:34 --> mysqli_sql_exception: Table 'ski_db.nilai_level' doesn't exist in D:\SKI\SKI2025\SKI2025\system\Database\MySQLi\Connection.php:312
Stack trace:
#0 D:\SKI\SKI2025\SKI2025\system\Database\MySQLi\Connection.php(312): mysqli->query('SELECT `a`.`id_...', 0)
#1 D:\SKI\SKI2025\SKI2025\system\Database\BaseConnection.php(734): CodeIgniter\Database\MySQLi\Connection->execute('SELECT `a`.`id_...')
#2 D:\SKI\SKI2025\SKI2025\system\Database\BaseConnection.php(648): CodeIgniter\Database\BaseConnection->simpleQuery('SELECT `a`.`id_...')
#3 D:\SKI\SKI2025\SKI2025\system\Database\BaseBuilder.php(1644): CodeIgniter\Database\BaseConnection->query('SELECT `a`.`id_...', Array, false)
#4 D:\SKI\SKI2025\SKI2025\app\Models\NilaiPMModel.php(90): CodeIgniter\Database\BaseBuilder->get()
#5 D:\SKI\SKI2025\SKI2025\app\Controllers\PenilaianMandiri.php(135): App\Models\NilaiPMModel->precentage('208', '2024')
#6 D:\SKI\SKI2025\SKI2025\system\CodeIgniter.php(933): App\Controllers\PenilaianMandiri->dash()
#7 D:\SKI\SKI2025\SKI2025\system\CodeIgniter.php(509): CodeIgniter\CodeIgniter->runController(Object(App\Controllers\PenilaianMandiri))
#8 D:\SKI\SKI2025\SKI2025\system\CodeIgniter.php(355): CodeIgniter\CodeIgniter->handleRequest(NULL, Object(Config\Cache), false)
#9 D:\SKI\SKI2025\SKI2025\system\Boot.php(325): CodeIgniter\CodeIgniter->run()
#10 D:\SKI\SKI2025\SKI2025\system\Boot.php(67): CodeIgniter\Boot::runCodeIgniter(Object(CodeIgniter\CodeIgniter))
#11 D:\SKI\SKI2025\SKI2025\public\index.php(56): CodeIgniter\Boot::bootWeb(Object(Config\Paths))
#12 D:\SKI\SKI2025\SKI2025\system\rewrite.php(44): require_once('D:\\SKI\\SKI2025\\...')
#13 {main}
CRITICAL - 2025-07-28 04:18:34 --> CodeIgniter\Database\Exceptions\DatabaseException: Table 'ski_db.nilai_level' doesn't exist
[Method: GET, Route: dash_pm]
in SYSTEMPATH\Database\BaseConnection.php on line 688.
 1 SYSTEMPATH\Database\BaseBuilder.php(1644): CodeIgniter\Database\BaseConnection->query('SELECT `a`.`id_unsur`, COUNT(DISTINCT a.id_indikator) AS jumlah_pm_satker, COUNT(DISTINCT n_pm.id_pm_satker) AS jumlah_nilai_pm, CASE 
            WHEN COUNT(DISTINCT a.id_indikator) = 0 THEN NULL  
            WHEN COUNT(DISTINCT n_pm.id_pm_satker) = 0 THEN 0  
            ELSE (COUNT(DISTINCT n_pm.id_pm_satker) * 100.0 / COUNT(DISTINCT a.id_indikator)) 
        END AS presentase_pm, COUNT(DISTINCT n_pk.id_pm_satker) AS jumlah_nilai_pk, CASE 
            WHEN COUNT(DISTINCT a.id_indikator) = 0 THEN NULL  
            WHEN COUNT(DISTINCT n_pk.id_pm_satker) = 0 THEN 0  
            ELSE (COUNT(DISTINCT n_pk.id_pm_satker) * 100.0 / COUNT(DISTINCT a.id_indikator)) 
        END AS presentase_pk, COUNT(DISTINCT n_lvl.id_pm_satker) AS jumlah_nilai_lvl, CASE 
            WHEN COUNT(DISTINCT a.id_indikator) = 0 THEN NULL  
            WHEN COUNT(DISTINCT n_lvl.id_pm_satker) = 0 THEN 0  
            ELSE (COUNT(DISTINCT n_lvl.id_pm_satker) * 100.0 / COUNT(DISTINCT a.id_indikator)) 
        END AS presentase_lvl
FROM `pm_satker` as `a`
LEFT JOIN `nilai_pm` as `n_pm` ON `n_pm`.`id_pm_satker` = `a`.`id_pm_satker` AND `n_pm`.`id_satker` = 208 AND `n_pm`.`thn_dipa` = 2024
LEFT JOIN `nilai_pk` as `n_pk` ON `n_pk`.`id_pm_satker` = `a`.`id_pm_satker` AND `n_pk`.`id_satker` = 208 AND `n_pk`.`thn_dipa` = 2024
LEFT JOIN `nilai_level` as `n_lvl` ON `n_lvl`.`id_pm_satker` = `a`.`id_pm_satker` AND `n_lvl`.`id_satker` = 208 AND `n_lvl`.`thn_dipa` = 2024
GROUP BY `a`.`id_unsur`', [], false)
 2 APPPATH\Models\NilaiPMModel.php(90): CodeIgniter\Database\BaseBuilder->get()
 3 APPPATH\Controllers\PenilaianMandiri.php(135): App\Models\NilaiPMModel->precentage('208', '2024')
 4 SYSTEMPATH\CodeIgniter.php(933): App\Controllers\PenilaianMandiri->dash()
 5 SYSTEMPATH\CodeIgniter.php(509): CodeIgniter\CodeIgniter->runController(Object(App\Controllers\PenilaianMandiri))
 6 SYSTEMPATH\CodeIgniter.php(355): CodeIgniter\CodeIgniter->handleRequest(null, Object(Config\Cache), false)
 7 SYSTEMPATH\Boot.php(325): CodeIgniter\CodeIgniter->run()
 8 SYSTEMPATH\Boot.php(67): CodeIgniter\Boot::runCodeIgniter(Object(CodeIgniter\CodeIgniter))
 9 FCPATH\index.php(56): CodeIgniter\Boot::bootWeb(Object(Config\Paths))
10 SYSTEMPATH\rewrite.php(44): require_once('D:\\SKI\\SKI2025\\SKI2025\\public\\index.php')
CRITICAL - 2025-07-28 04:18:34 --> [Caused by] CodeIgniter\Database\Exceptions\DatabaseException: Table 'ski_db.nilai_level' doesn't exist
in SYSTEMPATH\Database\MySQLi\Connection.php on line 317.
 1 SYSTEMPATH\Database\BaseConnection.php(734): CodeIgniter\Database\MySQLi\Connection->execute('SELECT `a`.`id_unsur`, COUNT(DISTINCT a.id_indikator) AS jumlah_pm_satker, COUNT(DISTINCT n_pm.id_pm_satker) AS jumlah_nilai_pm, CASE 
            WHEN COUNT(DISTINCT a.id_indikator) = 0 THEN NULL  
            WHEN COUNT(DISTINCT n_pm.id_pm_satker) = 0 THEN 0  
            ELSE (COUNT(DISTINCT n_pm.id_pm_satker) * 100.0 / COUNT(DISTINCT a.id_indikator)) 
        END AS presentase_pm, COUNT(DISTINCT n_pk.id_pm_satker) AS jumlah_nilai_pk, CASE 
            WHEN COUNT(DISTINCT a.id_indikator) = 0 THEN NULL  
            WHEN COUNT(DISTINCT n_pk.id_pm_satker) = 0 THEN 0  
            ELSE (COUNT(DISTINCT n_pk.id_pm_satker) * 100.0 / COUNT(DISTINCT a.id_indikator)) 
        END AS presentase_pk, COUNT(DISTINCT n_lvl.id_pm_satker) AS jumlah_nilai_lvl, CASE 
            WHEN COUNT(DISTINCT a.id_indikator) = 0 THEN NULL  
            WHEN COUNT(DISTINCT n_lvl.id_pm_satker) = 0 THEN 0  
            ELSE (COUNT(DISTINCT n_lvl.id_pm_satker) * 100.0 / COUNT(DISTINCT a.id_indikator)) 
        END AS presentase_lvl
FROM `pm_satker` as `a`
LEFT JOIN `nilai_pm` as `n_pm` ON `n_pm`.`id_pm_satker` = `a`.`id_pm_satker` AND `n_pm`.`id_satker` = 208 AND `n_pm`.`thn_dipa` = 2024
LEFT JOIN `nilai_pk` as `n_pk` ON `n_pk`.`id_pm_satker` = `a`.`id_pm_satker` AND `n_pk`.`id_satker` = 208 AND `n_pk`.`thn_dipa` = 2024
LEFT JOIN `nilai_level` as `n_lvl` ON `n_lvl`.`id_pm_satker` = `a`.`id_pm_satker` AND `n_lvl`.`id_satker` = 208 AND `n_lvl`.`thn_dipa` = 2024
GROUP BY `a`.`id_unsur`')
 2 SYSTEMPATH\Database\BaseConnection.php(648): CodeIgniter\Database\BaseConnection->simpleQuery('SELECT `a`.`id_unsur`, COUNT(DISTINCT a.id_indikator) AS jumlah_pm_satker, COUNT(DISTINCT n_pm.id_pm_satker) AS jumlah_nilai_pm, CASE 
            WHEN COUNT(DISTINCT a.id_indikator) = 0 THEN NULL  
            WHEN COUNT(DISTINCT n_pm.id_pm_satker) = 0 THEN 0  
            ELSE (COUNT(DISTINCT n_pm.id_pm_satker) * 100.0 / COUNT(DISTINCT a.id_indikator)) 
        END AS presentase_pm, COUNT(DISTINCT n_pk.id_pm_satker) AS jumlah_nilai_pk, CASE 
            WHEN COUNT(DISTINCT a.id_indikator) = 0 THEN NULL  
            WHEN COUNT(DISTINCT n_pk.id_pm_satker) = 0 THEN 0  
            ELSE (COUNT(DISTINCT n_pk.id_pm_satker) * 100.0 / COUNT(DISTINCT a.id_indikator)) 
        END AS presentase_pk, COUNT(DISTINCT n_lvl.id_pm_satker) AS jumlah_nilai_lvl, CASE 
            WHEN COUNT(DISTINCT a.id_indikator) = 0 THEN NULL  
            WHEN COUNT(DISTINCT n_lvl.id_pm_satker) = 0 THEN 0  
            ELSE (COUNT(DISTINCT n_lvl.id_pm_satker) * 100.0 / COUNT(DISTINCT a.id_indikator)) 
        END AS presentase_lvl
FROM `pm_satker` as `a`
LEFT JOIN `nilai_pm` as `n_pm` ON `n_pm`.`id_pm_satker` = `a`.`id_pm_satker` AND `n_pm`.`id_satker` = 208 AND `n_pm`.`thn_dipa` = 2024
LEFT JOIN `nilai_pk` as `n_pk` ON `n_pk`.`id_pm_satker` = `a`.`id_pm_satker` AND `n_pk`.`id_satker` = 208 AND `n_pk`.`thn_dipa` = 2024
LEFT JOIN `nilai_level` as `n_lvl` ON `n_lvl`.`id_pm_satker` = `a`.`id_pm_satker` AND `n_lvl`.`id_satker` = 208 AND `n_lvl`.`thn_dipa` = 2024
GROUP BY `a`.`id_unsur`')
 3 SYSTEMPATH\Database\BaseBuilder.php(1644): CodeIgniter\Database\BaseConnection->query('SELECT `a`.`id_unsur`, COUNT(DISTINCT a.id_indikator) AS jumlah_pm_satker, COUNT(DISTINCT n_pm.id_pm_satker) AS jumlah_nilai_pm, CASE 
            WHEN COUNT(DISTINCT a.id_indikator) = 0 THEN NULL  
            WHEN COUNT(DISTINCT n_pm.id_pm_satker) = 0 THEN 0  
            ELSE (COUNT(DISTINCT n_pm.id_pm_satker) * 100.0 / COUNT(DISTINCT a.id_indikator)) 
        END AS presentase_pm, COUNT(DISTINCT n_pk.id_pm_satker) AS jumlah_nilai_pk, CASE 
            WHEN COUNT(DISTINCT a.id_indikator) = 0 THEN NULL  
            WHEN COUNT(DISTINCT n_pk.id_pm_satker) = 0 THEN 0  
            ELSE (COUNT(DISTINCT n_pk.id_pm_satker) * 100.0 / COUNT(DISTINCT a.id_indikator)) 
        END AS presentase_pk, COUNT(DISTINCT n_lvl.id_pm_satker) AS jumlah_nilai_lvl, CASE 
            WHEN COUNT(DISTINCT a.id_indikator) = 0 THEN NULL  
            WHEN COUNT(DISTINCT n_lvl.id_pm_satker) = 0 THEN 0  
            ELSE (COUNT(DISTINCT n_lvl.id_pm_satker) * 100.0 / COUNT(DISTINCT a.id_indikator)) 
        END AS presentase_lvl
FROM `pm_satker` as `a`
LEFT JOIN `nilai_pm` as `n_pm` ON `n_pm`.`id_pm_satker` = `a`.`id_pm_satker` AND `n_pm`.`id_satker` = 208 AND `n_pm`.`thn_dipa` = 2024
LEFT JOIN `nilai_pk` as `n_pk` ON `n_pk`.`id_pm_satker` = `a`.`id_pm_satker` AND `n_pk`.`id_satker` = 208 AND `n_pk`.`thn_dipa` = 2024
LEFT JOIN `nilai_level` as `n_lvl` ON `n_lvl`.`id_pm_satker` = `a`.`id_pm_satker` AND `n_lvl`.`id_satker` = 208 AND `n_lvl`.`thn_dipa` = 2024
GROUP BY `a`.`id_unsur`', [], false)
 4 APPPATH\Models\NilaiPMModel.php(90): CodeIgniter\Database\BaseBuilder->get()
 5 APPPATH\Controllers\PenilaianMandiri.php(135): App\Models\NilaiPMModel->precentage('208', '2024')
 6 SYSTEMPATH\CodeIgniter.php(933): App\Controllers\PenilaianMandiri->dash()
 7 SYSTEMPATH\CodeIgniter.php(509): CodeIgniter\CodeIgniter->runController(Object(App\Controllers\PenilaianMandiri))
 8 SYSTEMPATH\CodeIgniter.php(355): CodeIgniter\CodeIgniter->handleRequest(null, Object(Config\Cache), false)
 9 SYSTEMPATH\Boot.php(325): CodeIgniter\CodeIgniter->run()
10 SYSTEMPATH\Boot.php(67): CodeIgniter\Boot::runCodeIgniter(Object(CodeIgniter\CodeIgniter))
11 FCPATH\index.php(56): CodeIgniter\Boot::bootWeb(Object(Config\Paths))
12 SYSTEMPATH\rewrite.php(44): require_once('D:\\SKI\\SKI2025\\SKI2025\\public\\index.php')
CRITICAL - 2025-07-28 04:18:34 --> [Caused by] mysqli_sql_exception: Table 'ski_db.nilai_level' doesn't exist
in SYSTEMPATH\Database\MySQLi\Connection.php on line 312.
 1 SYSTEMPATH\Database\MySQLi\Connection.php(312): mysqli->query('SELECT `a`.`id_unsur`, COUNT(DISTINCT a.id_indikator) AS jumlah_pm_satker, COUNT(DISTINCT n_pm.id_pm_satker) AS jumlah_nilai_pm, CASE 
            WHEN COUNT(DISTINCT a.id_indikator) = 0 THEN NULL  
            WHEN COUNT(DISTINCT n_pm.id_pm_satker) = 0 THEN 0  
            ELSE (COUNT(DISTINCT n_pm.id_pm_satker) * 100.0 / COUNT(DISTINCT a.id_indikator)) 
        END AS presentase_pm, COUNT(DISTINCT n_pk.id_pm_satker) AS jumlah_nilai_pk, CASE 
            WHEN COUNT(DISTINCT a.id_indikator) = 0 THEN NULL  
            WHEN COUNT(DISTINCT n_pk.id_pm_satker) = 0 THEN 0  
            ELSE (COUNT(DISTINCT n_pk.id_pm_satker) * 100.0 / COUNT(DISTINCT a.id_indikator)) 
        END AS presentase_pk, COUNT(DISTINCT n_lvl.id_pm_satker) AS jumlah_nilai_lvl, CASE 
            WHEN COUNT(DISTINCT a.id_indikator) = 0 THEN NULL  
            WHEN COUNT(DISTINCT n_lvl.id_pm_satker) = 0 THEN 0  
            ELSE (COUNT(DISTINCT n_lvl.id_pm_satker) * 100.0 / COUNT(DISTINCT a.id_indikator)) 
        END AS presentase_lvl
FROM `pm_satker` as `a`
LEFT JOIN `nilai_pm` as `n_pm` ON `n_pm`.`id_pm_satker` = `a`.`id_pm_satker` AND `n_pm`.`id_satker` = 208 AND `n_pm`.`thn_dipa` = 2024
LEFT JOIN `nilai_pk` as `n_pk` ON `n_pk`.`id_pm_satker` = `a`.`id_pm_satker` AND `n_pk`.`id_satker` = 208 AND `n_pk`.`thn_dipa` = 2024
LEFT JOIN `nilai_level` as `n_lvl` ON `n_lvl`.`id_pm_satker` = `a`.`id_pm_satker` AND `n_lvl`.`id_satker` = 208 AND `n_lvl`.`thn_dipa` = 2024
GROUP BY `a`.`id_unsur`', 0)
 2 SYSTEMPATH\Database\BaseConnection.php(734): CodeIgniter\Database\MySQLi\Connection->execute('SELECT `a`.`id_unsur`, COUNT(DISTINCT a.id_indikator) AS jumlah_pm_satker, COUNT(DISTINCT n_pm.id_pm_satker) AS jumlah_nilai_pm, CASE 
            WHEN COUNT(DISTINCT a.id_indikator) = 0 THEN NULL  
            WHEN COUNT(DISTINCT n_pm.id_pm_satker) = 0 THEN 0  
            ELSE (COUNT(DISTINCT n_pm.id_pm_satker) * 100.0 / COUNT(DISTINCT a.id_indikator)) 
        END AS presentase_pm, COUNT(DISTINCT n_pk.id_pm_satker) AS jumlah_nilai_pk, CASE 
            WHEN COUNT(DISTINCT a.id_indikator) = 0 THEN NULL  
            WHEN COUNT(DISTINCT n_pk.id_pm_satker) = 0 THEN 0  
            ELSE (COUNT(DISTINCT n_pk.id_pm_satker) * 100.0 / COUNT(DISTINCT a.id_indikator)) 
        END AS presentase_pk, COUNT(DISTINCT n_lvl.id_pm_satker) AS jumlah_nilai_lvl, CASE 
            WHEN COUNT(DISTINCT a.id_indikator) = 0 THEN NULL  
            WHEN COUNT(DISTINCT n_lvl.id_pm_satker) = 0 THEN 0  
            ELSE (COUNT(DISTINCT n_lvl.id_pm_satker) * 100.0 / COUNT(DISTINCT a.id_indikator)) 
        END AS presentase_lvl
FROM `pm_satker` as `a`
LEFT JOIN `nilai_pm` as `n_pm` ON `n_pm`.`id_pm_satker` = `a`.`id_pm_satker` AND `n_pm`.`id_satker` = 208 AND `n_pm`.`thn_dipa` = 2024
LEFT JOIN `nilai_pk` as `n_pk` ON `n_pk`.`id_pm_satker` = `a`.`id_pm_satker` AND `n_pk`.`id_satker` = 208 AND `n_pk`.`thn_dipa` = 2024
LEFT JOIN `nilai_level` as `n_lvl` ON `n_lvl`.`id_pm_satker` = `a`.`id_pm_satker` AND `n_lvl`.`id_satker` = 208 AND `n_lvl`.`thn_dipa` = 2024
GROUP BY `a`.`id_unsur`')
 3 SYSTEMPATH\Database\BaseConnection.php(648): CodeIgniter\Database\BaseConnection->simpleQuery('SELECT `a`.`id_unsur`, COUNT(DISTINCT a.id_indikator) AS jumlah_pm_satker, COUNT(DISTINCT n_pm.id_pm_satker) AS jumlah_nilai_pm, CASE 
            WHEN COUNT(DISTINCT a.id_indikator) = 0 THEN NULL  
            WHEN COUNT(DISTINCT n_pm.id_pm_satker) = 0 THEN 0  
            ELSE (COUNT(DISTINCT n_pm.id_pm_satker) * 100.0 / COUNT(DISTINCT a.id_indikator)) 
        END AS presentase_pm, COUNT(DISTINCT n_pk.id_pm_satker) AS jumlah_nilai_pk, CASE 
            WHEN COUNT(DISTINCT a.id_indikator) = 0 THEN NULL  
            WHEN COUNT(DISTINCT n_pk.id_pm_satker) = 0 THEN 0  
            ELSE (COUNT(DISTINCT n_pk.id_pm_satker) * 100.0 / COUNT(DISTINCT a.id_indikator)) 
        END AS presentase_pk, COUNT(DISTINCT n_lvl.id_pm_satker) AS jumlah_nilai_lvl, CASE 
            WHEN COUNT(DISTINCT a.id_indikator) = 0 THEN NULL  
            WHEN COUNT(DISTINCT n_lvl.id_pm_satker) = 0 THEN 0  
            ELSE (COUNT(DISTINCT n_lvl.id_pm_satker) * 100.0 / COUNT(DISTINCT a.id_indikator)) 
        END AS presentase_lvl
FROM `pm_satker` as `a`
LEFT JOIN `nilai_pm` as `n_pm` ON `n_pm`.`id_pm_satker` = `a`.`id_pm_satker` AND `n_pm`.`id_satker` = 208 AND `n_pm`.`thn_dipa` = 2024
LEFT JOIN `nilai_pk` as `n_pk` ON `n_pk`.`id_pm_satker` = `a`.`id_pm_satker` AND `n_pk`.`id_satker` = 208 AND `n_pk`.`thn_dipa` = 2024
LEFT JOIN `nilai_level` as `n_lvl` ON `n_lvl`.`id_pm_satker` = `a`.`id_pm_satker` AND `n_lvl`.`id_satker` = 208 AND `n_lvl`.`thn_dipa` = 2024
GROUP BY `a`.`id_unsur`')
 4 SYSTEMPATH\Database\BaseBuilder.php(1644): CodeIgniter\Database\BaseConnection->query('SELECT `a`.`id_unsur`, COUNT(DISTINCT a.id_indikator) AS jumlah_pm_satker, COUNT(DISTINCT n_pm.id_pm_satker) AS jumlah_nilai_pm, CASE 
            WHEN COUNT(DISTINCT a.id_indikator) = 0 THEN NULL  
            WHEN COUNT(DISTINCT n_pm.id_pm_satker) = 0 THEN 0  
            ELSE (COUNT(DISTINCT n_pm.id_pm_satker) * 100.0 / COUNT(DISTINCT a.id_indikator)) 
        END AS presentase_pm, COUNT(DISTINCT n_pk.id_pm_satker) AS jumlah_nilai_pk, CASE 
            WHEN COUNT(DISTINCT a.id_indikator) = 0 THEN NULL  
            WHEN COUNT(DISTINCT n_pk.id_pm_satker) = 0 THEN 0  
            ELSE (COUNT(DISTINCT n_pk.id_pm_satker) * 100.0 / COUNT(DISTINCT a.id_indikator)) 
        END AS presentase_pk, COUNT(DISTINCT n_lvl.id_pm_satker) AS jumlah_nilai_lvl, CASE 
            WHEN COUNT(DISTINCT a.id_indikator) = 0 THEN NULL  
            WHEN COUNT(DISTINCT n_lvl.id_pm_satker) = 0 THEN 0  
            ELSE (COUNT(DISTINCT n_lvl.id_pm_satker) * 100.0 / COUNT(DISTINCT a.id_indikator)) 
        END AS presentase_lvl
FROM `pm_satker` as `a`
LEFT JOIN `nilai_pm` as `n_pm` ON `n_pm`.`id_pm_satker` = `a`.`id_pm_satker` AND `n_pm`.`id_satker` = 208 AND `n_pm`.`thn_dipa` = 2024
LEFT JOIN `nilai_pk` as `n_pk` ON `n_pk`.`id_pm_satker` = `a`.`id_pm_satker` AND `n_pk`.`id_satker` = 208 AND `n_pk`.`thn_dipa` = 2024
LEFT JOIN `nilai_level` as `n_lvl` ON `n_lvl`.`id_pm_satker` = `a`.`id_pm_satker` AND `n_lvl`.`id_satker` = 208 AND `n_lvl`.`thn_dipa` = 2024
GROUP BY `a`.`id_unsur`', [], false)
 5 APPPATH\Models\NilaiPMModel.php(90): CodeIgniter\Database\BaseBuilder->get()
 6 APPPATH\Controllers\PenilaianMandiri.php(135): App\Models\NilaiPMModel->precentage('208', '2024')
 7 SYSTEMPATH\CodeIgniter.php(933): App\Controllers\PenilaianMandiri->dash()
 8 SYSTEMPATH\CodeIgniter.php(509): CodeIgniter\CodeIgniter->runController(Object(App\Controllers\PenilaianMandiri))
 9 SYSTEMPATH\CodeIgniter.php(355): CodeIgniter\CodeIgniter->handleRequest(null, Object(Config\Cache), false)
10 SYSTEMPATH\Boot.php(325): CodeIgniter\CodeIgniter->run()
11 SYSTEMPATH\Boot.php(67): CodeIgniter\Boot::runCodeIgniter(Object(CodeIgniter\CodeIgniter))
12 FCPATH\index.php(56): CodeIgniter\Boot::bootWeb(Object(Config\Paths))
13 SYSTEMPATH\rewrite.php(44): require_once('D:\\SKI\\SKI2025\\SKI2025\\public\\index.php')
INFO - 2025-07-28 04:18:39 --> Session: Class initialized using 'CodeIgniter\Session\Handlers\FileHandler' driver.
INFO - 2025-07-28 04:18:39 --> Current route: /dash_pm
ERROR - 2025-07-28 04:18:39 --> mysqli_sql_exception: Table 'ski_db.nilai_level' doesn't exist in D:\SKI\SKI2025\SKI2025\system\Database\MySQLi\Connection.php:312
Stack trace:
#0 D:\SKI\SKI2025\SKI2025\system\Database\MySQLi\Connection.php(312): mysqli->query('SELECT `a`.`id_...', 0)
#1 D:\SKI\SKI2025\SKI2025\system\Database\BaseConnection.php(734): CodeIgniter\Database\MySQLi\Connection->execute('SELECT `a`.`id_...')
#2 D:\SKI\SKI2025\SKI2025\system\Database\BaseConnection.php(648): CodeIgniter\Database\BaseConnection->simpleQuery('SELECT `a`.`id_...')
#3 D:\SKI\SKI2025\SKI2025\system\Database\BaseBuilder.php(1644): CodeIgniter\Database\BaseConnection->query('SELECT `a`.`id_...', Array, false)
#4 D:\SKI\SKI2025\SKI2025\app\Models\NilaiPMModel.php(90): CodeIgniter\Database\BaseBuilder->get()
#5 D:\SKI\SKI2025\SKI2025\app\Controllers\PenilaianMandiri.php(135): App\Models\NilaiPMModel->precentage('208', '2025')
#6 D:\SKI\SKI2025\SKI2025\system\CodeIgniter.php(933): App\Controllers\PenilaianMandiri->dash()
#7 D:\SKI\SKI2025\SKI2025\system\CodeIgniter.php(509): CodeIgniter\CodeIgniter->runController(Object(App\Controllers\PenilaianMandiri))
#8 D:\SKI\SKI2025\SKI2025\system\CodeIgniter.php(355): CodeIgniter\CodeIgniter->handleRequest(NULL, Object(Config\Cache), false)
#9 D:\SKI\SKI2025\SKI2025\system\Boot.php(325): CodeIgniter\CodeIgniter->run()
#10 D:\SKI\SKI2025\SKI2025\system\Boot.php(67): CodeIgniter\Boot::runCodeIgniter(Object(CodeIgniter\CodeIgniter))
#11 D:\SKI\SKI2025\SKI2025\public\index.php(56): CodeIgniter\Boot::bootWeb(Object(Config\Paths))
#12 D:\SKI\SKI2025\SKI2025\system\rewrite.php(44): require_once('D:\\SKI\\SKI2025\\...')
#13 {main}
CRITICAL - 2025-07-28 04:18:39 --> CodeIgniter\Database\Exceptions\DatabaseException: Table 'ski_db.nilai_level' doesn't exist
[Method: GET, Route: dash_pm]
in SYSTEMPATH\Database\BaseConnection.php on line 688.
 1 SYSTEMPATH\Database\BaseBuilder.php(1644): CodeIgniter\Database\BaseConnection->query('SELECT `a`.`id_unsur`, COUNT(DISTINCT a.id_indikator) AS jumlah_pm_satker, COUNT(DISTINCT n_pm.id_pm_satker) AS jumlah_nilai_pm, CASE 
            WHEN COUNT(DISTINCT a.id_indikator) = 0 THEN NULL  
            WHEN COUNT(DISTINCT n_pm.id_pm_satker) = 0 THEN 0  
            ELSE (COUNT(DISTINCT n_pm.id_pm_satker) * 100.0 / COUNT(DISTINCT a.id_indikator)) 
        END AS presentase_pm, COUNT(DISTINCT n_pk.id_pm_satker) AS jumlah_nilai_pk, CASE 
            WHEN COUNT(DISTINCT a.id_indikator) = 0 THEN NULL  
            WHEN COUNT(DISTINCT n_pk.id_pm_satker) = 0 THEN 0  
            ELSE (COUNT(DISTINCT n_pk.id_pm_satker) * 100.0 / COUNT(DISTINCT a.id_indikator)) 
        END AS presentase_pk, COUNT(DISTINCT n_lvl.id_pm_satker) AS jumlah_nilai_lvl, CASE 
            WHEN COUNT(DISTINCT a.id_indikator) = 0 THEN NULL  
            WHEN COUNT(DISTINCT n_lvl.id_pm_satker) = 0 THEN 0  
            ELSE (COUNT(DISTINCT n_lvl.id_pm_satker) * 100.0 / COUNT(DISTINCT a.id_indikator)) 
        END AS presentase_lvl
FROM `pm_satker` as `a`
LEFT JOIN `nilai_pm` as `n_pm` ON `n_pm`.`id_pm_satker` = `a`.`id_pm_satker` AND `n_pm`.`id_satker` = 208 AND `n_pm`.`thn_dipa` = 2025
LEFT JOIN `nilai_pk` as `n_pk` ON `n_pk`.`id_pm_satker` = `a`.`id_pm_satker` AND `n_pk`.`id_satker` = 208 AND `n_pk`.`thn_dipa` = 2025
LEFT JOIN `nilai_level` as `n_lvl` ON `n_lvl`.`id_pm_satker` = `a`.`id_pm_satker` AND `n_lvl`.`id_satker` = 208 AND `n_lvl`.`thn_dipa` = 2025
GROUP BY `a`.`id_unsur`', [], false)
 2 APPPATH\Models\NilaiPMModel.php(90): CodeIgniter\Database\BaseBuilder->get()
 3 APPPATH\Controllers\PenilaianMandiri.php(135): App\Models\NilaiPMModel->precentage('208', '2025')
 4 SYSTEMPATH\CodeIgniter.php(933): App\Controllers\PenilaianMandiri->dash()
 5 SYSTEMPATH\CodeIgniter.php(509): CodeIgniter\CodeIgniter->runController(Object(App\Controllers\PenilaianMandiri))
 6 SYSTEMPATH\CodeIgniter.php(355): CodeIgniter\CodeIgniter->handleRequest(null, Object(Config\Cache), false)
 7 SYSTEMPATH\Boot.php(325): CodeIgniter\CodeIgniter->run()
 8 SYSTEMPATH\Boot.php(67): CodeIgniter\Boot::runCodeIgniter(Object(CodeIgniter\CodeIgniter))
 9 FCPATH\index.php(56): CodeIgniter\Boot::bootWeb(Object(Config\Paths))
10 SYSTEMPATH\rewrite.php(44): require_once('D:\\SKI\\SKI2025\\SKI2025\\public\\index.php')
CRITICAL - 2025-07-28 04:18:39 --> [Caused by] CodeIgniter\Database\Exceptions\DatabaseException: Table 'ski_db.nilai_level' doesn't exist
in SYSTEMPATH\Database\MySQLi\Connection.php on line 317.
 1 SYSTEMPATH\Database\BaseConnection.php(734): CodeIgniter\Database\MySQLi\Connection->execute('SELECT `a`.`id_unsur`, COUNT(DISTINCT a.id_indikator) AS jumlah_pm_satker, COUNT(DISTINCT n_pm.id_pm_satker) AS jumlah_nilai_pm, CASE 
            WHEN COUNT(DISTINCT a.id_indikator) = 0 THEN NULL  
            WHEN COUNT(DISTINCT n_pm.id_pm_satker) = 0 THEN 0  
            ELSE (COUNT(DISTINCT n_pm.id_pm_satker) * 100.0 / COUNT(DISTINCT a.id_indikator)) 
        END AS presentase_pm, COUNT(DISTINCT n_pk.id_pm_satker) AS jumlah_nilai_pk, CASE 
            WHEN COUNT(DISTINCT a.id_indikator) = 0 THEN NULL  
            WHEN COUNT(DISTINCT n_pk.id_pm_satker) = 0 THEN 0  
            ELSE (COUNT(DISTINCT n_pk.id_pm_satker) * 100.0 / COUNT(DISTINCT a.id_indikator)) 
        END AS presentase_pk, COUNT(DISTINCT n_lvl.id_pm_satker) AS jumlah_nilai_lvl, CASE 
            WHEN COUNT(DISTINCT a.id_indikator) = 0 THEN NULL  
            WHEN COUNT(DISTINCT n_lvl.id_pm_satker) = 0 THEN 0  
            ELSE (COUNT(DISTINCT n_lvl.id_pm_satker) * 100.0 / COUNT(DISTINCT a.id_indikator)) 
        END AS presentase_lvl
FROM `pm_satker` as `a`
LEFT JOIN `nilai_pm` as `n_pm` ON `n_pm`.`id_pm_satker` = `a`.`id_pm_satker` AND `n_pm`.`id_satker` = 208 AND `n_pm`.`thn_dipa` = 2025
LEFT JOIN `nilai_pk` as `n_pk` ON `n_pk`.`id_pm_satker` = `a`.`id_pm_satker` AND `n_pk`.`id_satker` = 208 AND `n_pk`.`thn_dipa` = 2025
LEFT JOIN `nilai_level` as `n_lvl` ON `n_lvl`.`id_pm_satker` = `a`.`id_pm_satker` AND `n_lvl`.`id_satker` = 208 AND `n_lvl`.`thn_dipa` = 2025
GROUP BY `a`.`id_unsur`')
 2 SYSTEMPATH\Database\BaseConnection.php(648): CodeIgniter\Database\BaseConnection->simpleQuery('SELECT `a`.`id_unsur`, COUNT(DISTINCT a.id_indikator) AS jumlah_pm_satker, COUNT(DISTINCT n_pm.id_pm_satker) AS jumlah_nilai_pm, CASE 
            WHEN COUNT(DISTINCT a.id_indikator) = 0 THEN NULL  
            WHEN COUNT(DISTINCT n_pm.id_pm_satker) = 0 THEN 0  
            ELSE (COUNT(DISTINCT n_pm.id_pm_satker) * 100.0 / COUNT(DISTINCT a.id_indikator)) 
        END AS presentase_pm, COUNT(DISTINCT n_pk.id_pm_satker) AS jumlah_nilai_pk, CASE 
            WHEN COUNT(DISTINCT a.id_indikator) = 0 THEN NULL  
            WHEN COUNT(DISTINCT n_pk.id_pm_satker) = 0 THEN 0  
            ELSE (COUNT(DISTINCT n_pk.id_pm_satker) * 100.0 / COUNT(DISTINCT a.id_indikator)) 
        END AS presentase_pk, COUNT(DISTINCT n_lvl.id_pm_satker) AS jumlah_nilai_lvl, CASE 
            WHEN COUNT(DISTINCT a.id_indikator) = 0 THEN NULL  
            WHEN COUNT(DISTINCT n_lvl.id_pm_satker) = 0 THEN 0  
            ELSE (COUNT(DISTINCT n_lvl.id_pm_satker) * 100.0 / COUNT(DISTINCT a.id_indikator)) 
        END AS presentase_lvl
FROM `pm_satker` as `a`
LEFT JOIN `nilai_pm` as `n_pm` ON `n_pm`.`id_pm_satker` = `a`.`id_pm_satker` AND `n_pm`.`id_satker` = 208 AND `n_pm`.`thn_dipa` = 2025
LEFT JOIN `nilai_pk` as `n_pk` ON `n_pk`.`id_pm_satker` = `a`.`id_pm_satker` AND `n_pk`.`id_satker` = 208 AND `n_pk`.`thn_dipa` = 2025
LEFT JOIN `nilai_level` as `n_lvl` ON `n_lvl`.`id_pm_satker` = `a`.`id_pm_satker` AND `n_lvl`.`id_satker` = 208 AND `n_lvl`.`thn_dipa` = 2025
GROUP BY `a`.`id_unsur`')
 3 SYSTEMPATH\Database\BaseBuilder.php(1644): CodeIgniter\Database\BaseConnection->query('SELECT `a`.`id_unsur`, COUNT(DISTINCT a.id_indikator) AS jumlah_pm_satker, COUNT(DISTINCT n_pm.id_pm_satker) AS jumlah_nilai_pm, CASE 
            WHEN COUNT(DISTINCT a.id_indikator) = 0 THEN NULL  
            WHEN COUNT(DISTINCT n_pm.id_pm_satker) = 0 THEN 0  
            ELSE (COUNT(DISTINCT n_pm.id_pm_satker) * 100.0 / COUNT(DISTINCT a.id_indikator)) 
        END AS presentase_pm, COUNT(DISTINCT n_pk.id_pm_satker) AS jumlah_nilai_pk, CASE 
            WHEN COUNT(DISTINCT a.id_indikator) = 0 THEN NULL  
            WHEN COUNT(DISTINCT n_pk.id_pm_satker) = 0 THEN 0  
            ELSE (COUNT(DISTINCT n_pk.id_pm_satker) * 100.0 / COUNT(DISTINCT a.id_indikator)) 
        END AS presentase_pk, COUNT(DISTINCT n_lvl.id_pm_satker) AS jumlah_nilai_lvl, CASE 
            WHEN COUNT(DISTINCT a.id_indikator) = 0 THEN NULL  
            WHEN COUNT(DISTINCT n_lvl.id_pm_satker) = 0 THEN 0  
            ELSE (COUNT(DISTINCT n_lvl.id_pm_satker) * 100.0 / COUNT(DISTINCT a.id_indikator)) 
        END AS presentase_lvl
FROM `pm_satker` as `a`
LEFT JOIN `nilai_pm` as `n_pm` ON `n_pm`.`id_pm_satker` = `a`.`id_pm_satker` AND `n_pm`.`id_satker` = 208 AND `n_pm`.`thn_dipa` = 2025
LEFT JOIN `nilai_pk` as `n_pk` ON `n_pk`.`id_pm_satker` = `a`.`id_pm_satker` AND `n_pk`.`id_satker` = 208 AND `n_pk`.`thn_dipa` = 2025
LEFT JOIN `nilai_level` as `n_lvl` ON `n_lvl`.`id_pm_satker` = `a`.`id_pm_satker` AND `n_lvl`.`id_satker` = 208 AND `n_lvl`.`thn_dipa` = 2025
GROUP BY `a`.`id_unsur`', [], false)
 4 APPPATH\Models\NilaiPMModel.php(90): CodeIgniter\Database\BaseBuilder->get()
 5 APPPATH\Controllers\PenilaianMandiri.php(135): App\Models\NilaiPMModel->precentage('208', '2025')
 6 SYSTEMPATH\CodeIgniter.php(933): App\Controllers\PenilaianMandiri->dash()
 7 SYSTEMPATH\CodeIgniter.php(509): CodeIgniter\CodeIgniter->runController(Object(App\Controllers\PenilaianMandiri))
 8 SYSTEMPATH\CodeIgniter.php(355): CodeIgniter\CodeIgniter->handleRequest(null, Object(Config\Cache), false)
 9 SYSTEMPATH\Boot.php(325): CodeIgniter\CodeIgniter->run()
10 SYSTEMPATH\Boot.php(67): CodeIgniter\Boot::runCodeIgniter(Object(CodeIgniter\CodeIgniter))
11 FCPATH\index.php(56): CodeIgniter\Boot::bootWeb(Object(Config\Paths))
12 SYSTEMPATH\rewrite.php(44): require_once('D:\\SKI\\SKI2025\\SKI2025\\public\\index.php')
CRITICAL - 2025-07-28 04:18:39 --> [Caused by] mysqli_sql_exception: Table 'ski_db.nilai_level' doesn't exist
in SYSTEMPATH\Database\MySQLi\Connection.php on line 312.
 1 SYSTEMPATH\Database\MySQLi\Connection.php(312): mysqli->query('SELECT `a`.`id_unsur`, COUNT(DISTINCT a.id_indikator) AS jumlah_pm_satker, COUNT(DISTINCT n_pm.id_pm_satker) AS jumlah_nilai_pm, CASE 
            WHEN COUNT(DISTINCT a.id_indikator) = 0 THEN NULL  
            WHEN COUNT(DISTINCT n_pm.id_pm_satker) = 0 THEN 0  
            ELSE (COUNT(DISTINCT n_pm.id_pm_satker) * 100.0 / COUNT(DISTINCT a.id_indikator)) 
        END AS presentase_pm, COUNT(DISTINCT n_pk.id_pm_satker) AS jumlah_nilai_pk, CASE 
            WHEN COUNT(DISTINCT a.id_indikator) = 0 THEN NULL  
            WHEN COUNT(DISTINCT n_pk.id_pm_satker) = 0 THEN 0  
            ELSE (COUNT(DISTINCT n_pk.id_pm_satker) * 100.0 / COUNT(DISTINCT a.id_indikator)) 
        END AS presentase_pk, COUNT(DISTINCT n_lvl.id_pm_satker) AS jumlah_nilai_lvl, CASE 
            WHEN COUNT(DISTINCT a.id_indikator) = 0 THEN NULL  
            WHEN COUNT(DISTINCT n_lvl.id_pm_satker) = 0 THEN 0  
            ELSE (COUNT(DISTINCT n_lvl.id_pm_satker) * 100.0 / COUNT(DISTINCT a.id_indikator)) 
        END AS presentase_lvl
FROM `pm_satker` as `a`
LEFT JOIN `nilai_pm` as `n_pm` ON `n_pm`.`id_pm_satker` = `a`.`id_pm_satker` AND `n_pm`.`id_satker` = 208 AND `n_pm`.`thn_dipa` = 2025
LEFT JOIN `nilai_pk` as `n_pk` ON `n_pk`.`id_pm_satker` = `a`.`id_pm_satker` AND `n_pk`.`id_satker` = 208 AND `n_pk`.`thn_dipa` = 2025
LEFT JOIN `nilai_level` as `n_lvl` ON `n_lvl`.`id_pm_satker` = `a`.`id_pm_satker` AND `n_lvl`.`id_satker` = 208 AND `n_lvl`.`thn_dipa` = 2025
GROUP BY `a`.`id_unsur`', 0)
 2 SYSTEMPATH\Database\BaseConnection.php(734): CodeIgniter\Database\MySQLi\Connection->execute('SELECT `a`.`id_unsur`, COUNT(DISTINCT a.id_indikator) AS jumlah_pm_satker, COUNT(DISTINCT n_pm.id_pm_satker) AS jumlah_nilai_pm, CASE 
            WHEN COUNT(DISTINCT a.id_indikator) = 0 THEN NULL  
            WHEN COUNT(DISTINCT n_pm.id_pm_satker) = 0 THEN 0  
            ELSE (COUNT(DISTINCT n_pm.id_pm_satker) * 100.0 / COUNT(DISTINCT a.id_indikator)) 
        END AS presentase_pm, COUNT(DISTINCT n_pk.id_pm_satker) AS jumlah_nilai_pk, CASE 
            WHEN COUNT(DISTINCT a.id_indikator) = 0 THEN NULL  
            WHEN COUNT(DISTINCT n_pk.id_pm_satker) = 0 THEN 0  
            ELSE (COUNT(DISTINCT n_pk.id_pm_satker) * 100.0 / COUNT(DISTINCT a.id_indikator)) 
        END AS presentase_pk, COUNT(DISTINCT n_lvl.id_pm_satker) AS jumlah_nilai_lvl, CASE 
            WHEN COUNT(DISTINCT a.id_indikator) = 0 THEN NULL  
            WHEN COUNT(DISTINCT n_lvl.id_pm_satker) = 0 THEN 0  
            ELSE (COUNT(DISTINCT n_lvl.id_pm_satker) * 100.0 / COUNT(DISTINCT a.id_indikator)) 
        END AS presentase_lvl
FROM `pm_satker` as `a`
LEFT JOIN `nilai_pm` as `n_pm` ON `n_pm`.`id_pm_satker` = `a`.`id_pm_satker` AND `n_pm`.`id_satker` = 208 AND `n_pm`.`thn_dipa` = 2025
LEFT JOIN `nilai_pk` as `n_pk` ON `n_pk`.`id_pm_satker` = `a`.`id_pm_satker` AND `n_pk`.`id_satker` = 208 AND `n_pk`.`thn_dipa` = 2025
LEFT JOIN `nilai_level` as `n_lvl` ON `n_lvl`.`id_pm_satker` = `a`.`id_pm_satker` AND `n_lvl`.`id_satker` = 208 AND `n_lvl`.`thn_dipa` = 2025
GROUP BY `a`.`id_unsur`')
 3 SYSTEMPATH\Database\BaseConnection.php(648): CodeIgniter\Database\BaseConnection->simpleQuery('SELECT `a`.`id_unsur`, COUNT(DISTINCT a.id_indikator) AS jumlah_pm_satker, COUNT(DISTINCT n_pm.id_pm_satker) AS jumlah_nilai_pm, CASE 
            WHEN COUNT(DISTINCT a.id_indikator) = 0 THEN NULL  
            WHEN COUNT(DISTINCT n_pm.id_pm_satker) = 0 THEN 0  
            ELSE (COUNT(DISTINCT n_pm.id_pm_satker) * 100.0 / COUNT(DISTINCT a.id_indikator)) 
        END AS presentase_pm, COUNT(DISTINCT n_pk.id_pm_satker) AS jumlah_nilai_pk, CASE 
            WHEN COUNT(DISTINCT a.id_indikator) = 0 THEN NULL  
            WHEN COUNT(DISTINCT n_pk.id_pm_satker) = 0 THEN 0  
            ELSE (COUNT(DISTINCT n_pk.id_pm_satker) * 100.0 / COUNT(DISTINCT a.id_indikator)) 
        END AS presentase_pk, COUNT(DISTINCT n_lvl.id_pm_satker) AS jumlah_nilai_lvl, CASE 
            WHEN COUNT(DISTINCT a.id_indikator) = 0 THEN NULL  
            WHEN COUNT(DISTINCT n_lvl.id_pm_satker) = 0 THEN 0  
            ELSE (COUNT(DISTINCT n_lvl.id_pm_satker) * 100.0 / COUNT(DISTINCT a.id_indikator)) 
        END AS presentase_lvl
FROM `pm_satker` as `a`
LEFT JOIN `nilai_pm` as `n_pm` ON `n_pm`.`id_pm_satker` = `a`.`id_pm_satker` AND `n_pm`.`id_satker` = 208 AND `n_pm`.`thn_dipa` = 2025
LEFT JOIN `nilai_pk` as `n_pk` ON `n_pk`.`id_pm_satker` = `a`.`id_pm_satker` AND `n_pk`.`id_satker` = 208 AND `n_pk`.`thn_dipa` = 2025
LEFT JOIN `nilai_level` as `n_lvl` ON `n_lvl`.`id_pm_satker` = `a`.`id_pm_satker` AND `n_lvl`.`id_satker` = 208 AND `n_lvl`.`thn_dipa` = 2025
GROUP BY `a`.`id_unsur`')
 4 SYSTEMPATH\Database\BaseBuilder.php(1644): CodeIgniter\Database\BaseConnection->query('SELECT `a`.`id_unsur`, COUNT(DISTINCT a.id_indikator) AS jumlah_pm_satker, COUNT(DISTINCT n_pm.id_pm_satker) AS jumlah_nilai_pm, CASE 
            WHEN COUNT(DISTINCT a.id_indikator) = 0 THEN NULL  
            WHEN COUNT(DISTINCT n_pm.id_pm_satker) = 0 THEN 0  
            ELSE (COUNT(DISTINCT n_pm.id_pm_satker) * 100.0 / COUNT(DISTINCT a.id_indikator)) 
        END AS presentase_pm, COUNT(DISTINCT n_pk.id_pm_satker) AS jumlah_nilai_pk, CASE 
            WHEN COUNT(DISTINCT a.id_indikator) = 0 THEN NULL  
            WHEN COUNT(DISTINCT n_pk.id_pm_satker) = 0 THEN 0  
            ELSE (COUNT(DISTINCT n_pk.id_pm_satker) * 100.0 / COUNT(DISTINCT a.id_indikator)) 
        END AS presentase_pk, COUNT(DISTINCT n_lvl.id_pm_satker) AS jumlah_nilai_lvl, CASE 
            WHEN COUNT(DISTINCT a.id_indikator) = 0 THEN NULL  
            WHEN COUNT(DISTINCT n_lvl.id_pm_satker) = 0 THEN 0  
            ELSE (COUNT(DISTINCT n_lvl.id_pm_satker) * 100.0 / COUNT(DISTINCT a.id_indikator)) 
        END AS presentase_lvl
FROM `pm_satker` as `a`
LEFT JOIN `nilai_pm` as `n_pm` ON `n_pm`.`id_pm_satker` = `a`.`id_pm_satker` AND `n_pm`.`id_satker` = 208 AND `n_pm`.`thn_dipa` = 2025
LEFT JOIN `nilai_pk` as `n_pk` ON `n_pk`.`id_pm_satker` = `a`.`id_pm_satker` AND `n_pk`.`id_satker` = 208 AND `n_pk`.`thn_dipa` = 2025
LEFT JOIN `nilai_level` as `n_lvl` ON `n_lvl`.`id_pm_satker` = `a`.`id_pm_satker` AND `n_lvl`.`id_satker` = 208 AND `n_lvl`.`thn_dipa` = 2025
GROUP BY `a`.`id_unsur`', [], false)
 5 APPPATH\Models\NilaiPMModel.php(90): CodeIgniter\Database\BaseBuilder->get()
 6 APPPATH\Controllers\PenilaianMandiri.php(135): App\Models\NilaiPMModel->precentage('208', '2025')
 7 SYSTEMPATH\CodeIgniter.php(933): App\Controllers\PenilaianMandiri->dash()
 8 SYSTEMPATH\CodeIgniter.php(509): CodeIgniter\CodeIgniter->runController(Object(App\Controllers\PenilaianMandiri))
 9 SYSTEMPATH\CodeIgniter.php(355): CodeIgniter\CodeIgniter->handleRequest(null, Object(Config\Cache), false)
10 SYSTEMPATH\Boot.php(325): CodeIgniter\CodeIgniter->run()
11 SYSTEMPATH\Boot.php(67): CodeIgniter\Boot::runCodeIgniter(Object(CodeIgniter\CodeIgniter))
12 FCPATH\index.php(56): CodeIgniter\Boot::bootWeb(Object(Config\Paths))
13 SYSTEMPATH\rewrite.php(44): require_once('D:\\SKI\\SKI2025\\SKI2025\\public\\index.php')
INFO - 2025-07-28 04:19:18 --> Session: Class initialized using 'CodeIgniter\Session\Handlers\FileHandler' driver.
INFO - 2025-07-28 04:19:18 --> Current route: /dash_pm
INFO - 2025-07-28 04:43:14 --> Session: Class initialized using 'CodeIgniter\Session\Handlers\FileHandler' driver.
INFO - 2025-07-28 04:43:19 --> Session: Class initialized using 'CodeIgniter\Session\Handlers\FileHandler' driver.
INFO - 2025-07-28 04:43:19 --> Session: Class initialized using 'CodeIgniter\Session\Handlers\FileHandler' driver.
INFO - 2025-07-28 05:01:07 --> Session: Class initialized using 'CodeIgniter\Session\Handlers\FileHandler' driver.
INFO - 2025-07-28 05:01:43 --> Session: Class initialized using 'CodeIgniter\Session\Handlers\FileHandler' driver.
INFO - 2025-07-28 06:42:31 --> Session: Class initialized using 'CodeIgniter\Session\Handlers\FileHandler' driver.
INFO - 2025-07-28 06:43:38 --> Session: Class initialized using 'CodeIgniter\Session\Handlers\FileHandler' driver.
INFO - 2025-07-28 06:43:38 --> Current route: /dash_pm
INFO - 2025-07-28 06:43:41 --> Session: Class initialized using 'CodeIgniter\Session\Handlers\FileHandler' driver.
INFO - 2025-07-28 06:45:28 --> Session: Class initialized using 'CodeIgniter\Session\Handlers\FileHandler' driver.
INFO - 2025-07-28 06:45:33 --> Session: Class initialized using 'CodeIgniter\Session\Handlers\FileHandler' driver.
INFO - 2025-07-28 06:45:33 --> Current route: /dash_pm
INFO - 2025-07-28 06:45:37 --> Session: Class initialized using 'CodeIgniter\Session\Handlers\FileHandler' driver.
INFO - 2025-07-28 06:49:11 --> Session: Class initialized using 'CodeIgniter\Session\Handlers\FileHandler' driver.
INFO - 2025-07-28 06:49:14 --> Session: Class initialized using 'CodeIgniter\Session\Handlers\FileHandler' driver.
INFO - 2025-07-28 06:49:51 --> Session: Class initialized using 'CodeIgniter\Session\Handlers\FileHandler' driver.
INFO - 2025-07-28 06:52:25 --> Session: Class initialized using 'CodeIgniter\Session\Handlers\FileHandler' driver.
INFO - 2025-07-28 06:59:15 --> Session: Class initialized using 'CodeIgniter\Session\Handlers\FileHandler' driver.
INFO - 2025-07-28 07:01:09 --> Session: Class initialized using 'CodeIgniter\Session\Handlers\FileHandler' driver.
INFO - 2025-07-28 07:01:09 --> Current route: /dash_pm
INFO - 2025-07-28 07:01:19 --> Session: Class initialized using 'CodeIgniter\Session\Handlers\FileHandler' driver.
INFO - 2025-07-28 07:15:07 --> Session: Class initialized using 'CodeIgniter\Session\Handlers\FileHandler' driver.
INFO - 2025-07-28 07:28:16 --> Session: Class initialized using 'CodeIgniter\Session\Handlers\FileHandler' driver.
INFO - 2025-07-28 07:28:23 --> Session: Class initialized using 'CodeIgniter\Session\Handlers\FileHandler' driver.
INFO - 2025-07-28 07:28:23 --> Session: Class initialized using 'CodeIgniter\Session\Handlers\FileHandler' driver.
INFO - 2025-07-28 07:28:23 --> Current route: /pm
INFO - 2025-07-28 07:28:28 --> Session: Class initialized using 'CodeIgniter\Session\Handlers\FileHandler' driver.
INFO - 2025-07-28 07:28:28 --> Current route: /dash_pm
INFO - 2025-07-28 07:28:37 --> Session: Class initialized using 'CodeIgniter\Session\Handlers\FileHandler' driver.
INFO - 2025-07-28 07:28:44 --> Session: Class initialized using 'CodeIgniter\Session\Handlers\FileHandler' driver.
INFO - 2025-07-28 07:28:45 --> Session: Class initialized using 'CodeIgniter\Session\Handlers\FileHandler' driver.
INFO - 2025-07-28 07:28:49 --> Session: Class initialized using 'CodeIgniter\Session\Handlers\FileHandler' driver.
INFO - 2025-07-28 07:28:54 --> Session: Class initialized using 'CodeIgniter\Session\Handlers\FileHandler' driver.
INFO - 2025-07-28 07:28:59 --> Session: Class initialized using 'CodeIgniter\Session\Handlers\FileHandler' driver.
INFO - 2025-07-28 07:28:59 --> Current route: /dash_pm
INFO - 2025-07-28 07:29:17 --> Session: Class initialized using 'CodeIgniter\Session\Handlers\FileHandler' driver.
INFO - 2025-07-28 07:31:29 --> Session: Class initialized using 'CodeIgniter\Session\Handlers\FileHandler' driver.
INFO - 2025-07-28 07:31:33 --> Session: Class initialized using 'CodeIgniter\Session\Handlers\FileHandler' driver.
INFO - 2025-07-28 07:31:33 --> Current route: /dash_pm
INFO - 2025-07-28 07:32:19 --> Session: Class initialized using 'CodeIgniter\Session\Handlers\FileHandler' driver.
INFO - 2025-07-28 07:32:25 --> Session: Class initialized using 'CodeIgniter\Session\Handlers\FileHandler' driver.
INFO - 2025-07-28 07:32:25 --> Session: Class initialized using 'CodeIgniter\Session\Handlers\FileHandler' driver.
INFO - 2025-07-28 07:32:25 --> Current route: /pm
INFO - 2025-07-28 07:32:29 --> Session: Class initialized using 'CodeIgniter\Session\Handlers\FileHandler' driver.
INFO - 2025-07-28 07:32:29 --> Current route: /dash_pm
INFO - 2025-07-28 07:32:46 --> Session: Class initialized using 'CodeIgniter\Session\Handlers\FileHandler' driver.
INFO - 2025-07-28 07:32:46 --> Current route: /dash_pm
INFO - 2025-07-28 07:32:55 --> Session: Class initialized using 'CodeIgniter\Session\Handlers\FileHandler' driver.
INFO - 2025-07-28 07:32:55 --> Current route: /dash_pm
INFO - 2025-07-28 07:33:02 --> Session: Class initialized using 'CodeIgniter\Session\Handlers\FileHandler' driver.
INFO - 2025-07-28 07:33:02 --> Current route: /dash_pm
INFO - 2025-07-28 07:33:12 --> Session: Class initialized using 'CodeIgniter\Session\Handlers\FileHandler' driver.
INFO - 2025-07-28 07:33:12 --> Current route: /dash_pm
INFO - 2025-07-28 07:33:16 --> Session: Class initialized using 'CodeIgniter\Session\Handlers\FileHandler' driver.
INFO - 2025-07-28 07:33:16 --> Current route: /dash_pm
INFO - 2025-07-28 07:33:30 --> Session: Class initialized using 'CodeIgniter\Session\Handlers\FileHandler' driver.
INFO - 2025-07-28 07:33:38 --> Session: Class initialized using 'CodeIgniter\Session\Handlers\FileHandler' driver.
INFO - 2025-07-28 07:33:39 --> Session: Class initialized using 'CodeIgniter\Session\Handlers\FileHandler' driver.
INFO - 2025-07-28 07:33:43 --> Session: Class initialized using 'CodeIgniter\Session\Handlers\FileHandler' driver.
INFO - 2025-07-28 07:34:50 --> Session: Class initialized using 'CodeIgniter\Session\Handlers\FileHandler' driver.
INFO - 2025-07-28 07:34:55 --> Session: Class initialized using 'CodeIgniter\Session\Handlers\FileHandler' driver.
INFO - 2025-07-28 07:34:55 --> Session: Class initialized using 'CodeIgniter\Session\Handlers\FileHandler' driver.
INFO - 2025-07-28 07:34:55 --> Current route: /pm
INFO - 2025-07-28 07:35:00 --> Session: Class initialized using 'CodeIgniter\Session\Handlers\FileHandler' driver.
INFO - 2025-07-28 07:35:00 --> Current route: /dash_pm
INFO - 2025-07-28 07:35:27 --> Session: Class initialized using 'CodeIgniter\Session\Handlers\FileHandler' driver.
INFO - 2025-07-28 07:36:03 --> Session: Class initialized using 'CodeIgniter\Session\Handlers\FileHandler' driver.
INFO - 2025-07-28 07:36:10 --> Session: Class initialized using 'CodeIgniter\Session\Handlers\FileHandler' driver.
INFO - 2025-07-28 07:36:11 --> Session: Class initialized using 'CodeIgniter\Session\Handlers\FileHandler' driver.
INFO - 2025-07-28 07:36:43 --> Session: Class initialized using 'CodeIgniter\Session\Handlers\FileHandler' driver.
INFO - 2025-07-28 07:36:54 --> Session: Class initialized using 'CodeIgniter\Session\Handlers\FileHandler' driver.
INFO - 2025-07-28 07:36:54 --> Current route: /dash_pm
INFO - 2025-07-28 07:37:06 --> Session: Class initialized using 'CodeIgniter\Session\Handlers\FileHandler' driver.
INFO - 2025-07-28 07:37:12 --> Session: Class initialized using 'CodeIgniter\Session\Handlers\FileHandler' driver.
INFO - 2025-07-28 07:37:12 --> Current route: /dash_pm
INFO - 2025-07-28 07:38:18 --> Session: Class initialized using 'CodeIgniter\Session\Handlers\FileHandler' driver.
INFO - 2025-07-28 07:38:18 --> Current route: /dash_pm
INFO - 2025-07-28 08:20:03 --> Session: Class initialized using 'CodeIgniter\Session\Handlers\FileHandler' driver.
INFO - 2025-07-28 08:20:03 --> Current route: /dash_pm
INFO - 2025-07-28 08:20:06 --> Session: Class initialized using 'CodeIgniter\Session\Handlers\FileHandler' driver.
INFO - 2025-07-28 08:20:13 --> Session: Class initialized using 'CodeIgniter\Session\Handlers\FileHandler' driver.
INFO - 2025-07-28 08:20:13 --> Current route: /dash_pm
INFO - 2025-07-28 08:22:52 --> Session: Class initialized using 'CodeIgniter\Session\Handlers\FileHandler' driver.
INFO - 2025-07-28 08:22:52 --> Current route: /dash_pm
INFO - 2025-07-28 08:24:02 --> Session: Class initialized using 'CodeIgniter\Session\Handlers\FileHandler' driver.
INFO - 2025-07-28 08:24:07 --> Session: Class initialized using 'CodeIgniter\Session\Handlers\FileHandler' driver.
INFO - 2025-07-28 08:24:07 --> Session: Class initialized using 'CodeIgniter\Session\Handlers\FileHandler' driver.
INFO - 2025-07-28 08:24:13 --> Session: Class initialized using 'CodeIgniter\Session\Handlers\FileHandler' driver.
INFO - 2025-07-28 08:24:19 --> Session: Class initialized using 'CodeIgniter\Session\Handlers\FileHandler' driver.
INFO - 2025-07-28 08:24:19 --> Current route: /dash_pm
INFO - 2025-07-28 08:25:16 --> Session: Class initialized using 'CodeIgniter\Session\Handlers\FileHandler' driver.
INFO - 2025-07-28 08:25:16 --> Current route: /dash_pm
CRITICAL - 2025-07-28 08:25:16 --> ErrorException: Attempt to read property "nama_satker" on array
[Method: GET, Route: dash_pm]
in APPPATH\Views\penilaianMandiri\dashboard.php on line 288.
 1 APPPATH\Views\penilaianMandiri\dashboard.php(288): CodeIgniter\Debug\Exceptions->errorHandler(2, 'Attempt to read property "nama_satker" on array', 'D:\\SKI\\SKI2025\\SKI2025\\app\\Views\\penilaianMandiri\\dashboard.php', 288)
 2 SYSTEMPATH\View\View.php(234): include('D:\\SKI\\SKI2025\\SKI2025\\app\\Views\\penilaianMandiri\\dashboard.php')
 3 SYSTEMPATH\View\View.php(237): CodeIgniter\View\View->CodeIgniter\View\{closure}()
 4 SYSTEMPATH\Common.php(1171): CodeIgniter\View\View->render('/penilaianMandiri/dashboard', [], true)
 5 APPPATH\Controllers\PenilaianMandiri.php(163): view('/penilaianMandiri/dashboard', [...])
 6 SYSTEMPATH\CodeIgniter.php(933): App\Controllers\PenilaianMandiri->dash()
 7 SYSTEMPATH\CodeIgniter.php(509): CodeIgniter\CodeIgniter->runController(Object(App\Controllers\PenilaianMandiri))
 8 SYSTEMPATH\CodeIgniter.php(355): CodeIgniter\CodeIgniter->handleRequest(null, Object(Config\Cache), false)
 9 SYSTEMPATH\Boot.php(325): CodeIgniter\CodeIgniter->run()
10 SYSTEMPATH\Boot.php(67): CodeIgniter\Boot::runCodeIgniter(Object(CodeIgniter\CodeIgniter))
11 FCPATH\index.php(56): CodeIgniter\Boot::bootWeb(Object(Config\Paths))
12 SYSTEMPATH\rewrite.php(44): require_once('D:\\SKI\\SKI2025\\SKI2025\\public\\index.php')
INFO - 2025-07-28 08:45:14 --> Session: Class initialized using 'CodeIgniter\Session\Handlers\FileHandler' driver.
INFO - 2025-07-28 08:45:14 --> Current route: /dash_pm
INFO - 2025-07-28 08:45:39 --> Session: Class initialized using 'CodeIgniter\Session\Handlers\FileHandler' driver.
INFO - 2025-07-28 08:45:39 --> Current route: /dash_pm
CRITICAL - 2025-07-28 08:45:39 --> Error: Cannot use object of type stdClass as array
[Method: GET, Route: dash_pm]
in APPPATH\Views\penilaianMandiri\dashboard.php on line 288.
 1 SYSTEMPATH\View\View.php(234): include()
 2 SYSTEMPATH\View\View.php(237): CodeIgniter\View\View->CodeIgniter\View\{closure}()
 3 SYSTEMPATH\Common.php(1171): CodeIgniter\View\View->render('/penilaianMandiri/dashboard', [], true)
 4 APPPATH\Controllers\PenilaianMandiri.php(163): view('/penilaianMandiri/dashboard', [...])
 5 SYSTEMPATH\CodeIgniter.php(933): App\Controllers\PenilaianMandiri->dash()
 6 SYSTEMPATH\CodeIgniter.php(509): CodeIgniter\CodeIgniter->runController(Object(App\Controllers\PenilaianMandiri))
 7 SYSTEMPATH\CodeIgniter.php(355): CodeIgniter\CodeIgniter->handleRequest(null, Object(Config\Cache), false)
 8 SYSTEMPATH\Boot.php(325): CodeIgniter\CodeIgniter->run()
 9 SYSTEMPATH\Boot.php(67): CodeIgniter\Boot::runCodeIgniter(Object(CodeIgniter\CodeIgniter))
10 FCPATH\index.php(56): CodeIgniter\Boot::bootWeb(Object(Config\Paths))
11 SYSTEMPATH\rewrite.php(44): require_once('D:\\SKI\\SKI2025\\SKI2025\\public\\index.php')
INFO - 2025-07-28 08:45:45 --> Session: Class initialized using 'CodeIgniter\Session\Handlers\FileHandler' driver.
INFO - 2025-07-28 08:45:45 --> Current route: /dash_pm
INFO - 2025-07-28 08:46:10 --> Session: Class initialized using 'CodeIgniter\Session\Handlers\FileHandler' driver.
INFO - 2025-07-28 08:46:10 --> Current route: /dash_pm
CRITICAL - 2025-07-28 08:46:10 --> ErrorException: Attempt to read property "nama_satker" on string
[Method: GET, Route: dash_pm]
in APPPATH\Views\penilaianMandiri\dashboard.php on line 288.
 1 APPPATH\Views\penilaianMandiri\dashboard.php(288): CodeIgniter\Debug\Exceptions->errorHandler(2, 'Attempt to read property "nama_satker" on string', 'D:\\SKI\\SKI2025\\SKI2025\\app\\Views\\penilaianMandiri\\dashboard.php', 288)
 2 SYSTEMPATH\View\View.php(234): include('D:\\SKI\\SKI2025\\SKI2025\\app\\Views\\penilaianMandiri\\dashboard.php')
 3 SYSTEMPATH\View\View.php(237): CodeIgniter\View\View->CodeIgniter\View\{closure}()
 4 SYSTEMPATH\Common.php(1171): CodeIgniter\View\View->render('/penilaianMandiri/dashboard', [], true)
 5 APPPATH\Controllers\PenilaianMandiri.php(163): view('/penilaianMandiri/dashboard', [...])
 6 SYSTEMPATH\CodeIgniter.php(933): App\Controllers\PenilaianMandiri->dash()
 7 SYSTEMPATH\CodeIgniter.php(509): CodeIgniter\CodeIgniter->runController(Object(App\Controllers\PenilaianMandiri))
 8 SYSTEMPATH\CodeIgniter.php(355): CodeIgniter\CodeIgniter->handleRequest(null, Object(Config\Cache), false)
 9 SYSTEMPATH\Boot.php(325): CodeIgniter\CodeIgniter->run()
10 SYSTEMPATH\Boot.php(67): CodeIgniter\Boot::runCodeIgniter(Object(CodeIgniter\CodeIgniter))
11 FCPATH\index.php(56): CodeIgniter\Boot::bootWeb(Object(Config\Paths))
12 SYSTEMPATH\rewrite.php(44): require_once('D:\\SKI\\SKI2025\\SKI2025\\public\\index.php')
INFO - 2025-07-28 08:46:28 --> Session: Class initialized using 'CodeIgniter\Session\Handlers\FileHandler' driver.
INFO - 2025-07-28 08:46:28 --> Current route: /dash_pm
CRITICAL - 2025-07-28 08:46:28 --> TypeError: Cannot access offset of type string on string
[Method: GET, Route: dash_pm]
in APPPATH\Views\penilaianMandiri\dashboard.php on line 288.
 1 SYSTEMPATH\View\View.php(234): include()
 2 SYSTEMPATH\View\View.php(237): CodeIgniter\View\View->CodeIgniter\View\{closure}()
 3 SYSTEMPATH\Common.php(1171): CodeIgniter\View\View->render('/penilaianMandiri/dashboard', [], true)
 4 APPPATH\Controllers\PenilaianMandiri.php(163): view('/penilaianMandiri/dashboard', [...])
 5 SYSTEMPATH\CodeIgniter.php(933): App\Controllers\PenilaianMandiri->dash()
 6 SYSTEMPATH\CodeIgniter.php(509): CodeIgniter\CodeIgniter->runController(Object(App\Controllers\PenilaianMandiri))
 7 SYSTEMPATH\CodeIgniter.php(355): CodeIgniter\CodeIgniter->handleRequest(null, Object(Config\Cache), false)
 8 SYSTEMPATH\Boot.php(325): CodeIgniter\CodeIgniter->run()
 9 SYSTEMPATH\Boot.php(67): CodeIgniter\Boot::runCodeIgniter(Object(CodeIgniter\CodeIgniter))
10 FCPATH\index.php(56): CodeIgniter\Boot::bootWeb(Object(Config\Paths))
11 SYSTEMPATH\rewrite.php(44): require_once('D:\\SKI\\SKI2025\\SKI2025\\public\\index.php')
