INFO - 2025-07-29 01:31:52 --> Session: Class initialized using 'CodeIgniter\Session\Handlers\FileHandler' driver.
INFO - 2025-07-29 01:51:57 --> Session: Class initialized using 'CodeIgniter\Session\Handlers\FileHandler' driver.
INFO - 2025-07-29 01:51:57 --> Session: Class initialized using 'CodeIgniter\Session\Handlers\FileHandler' driver.
INFO - 2025-07-29 01:51:57 --> Current route: /pm
INFO - 2025-07-29 01:52:01 --> Session: Class initialized using 'CodeIgniter\Session\Handlers\FileHandler' driver.
INFO - 2025-07-29 01:52:01 --> Current route: /dash_pm
INFO - 2025-07-29 01:57:45 --> Session: Class initialized using 'CodeIgniter\Session\Handlers\FileHandler' driver.
INFO - 2025-07-29 01:57:49 --> Session: Class initialized using 'CodeIgniter\Session\Handlers\FileHandler' driver.
INFO - 2025-07-29 01:57:58 --> Session: Class initialized using 'CodeIgniter\Session\Handlers\FileHandler' driver.
ERROR - 2025-07-29 01:57:58 --> mysqli_sql_exception: You have an error in your SQL syntax; check the manual that corresponds to your MariaDB server version for the right syntax to use near 'AND `n_pm`.`thn_dipa` = 2024
LEFT JOIN `nilai_pk` as `n_pk` ON `n_pk`.`id_pm_...' at line 15 in D:\SKI\SKI2025\SKI2025\system\Database\MySQLi\Connection.php:312
Stack trace:
#0 D:\SKI\SKI2025\SKI2025\system\Database\MySQLi\Connection.php(312): mysqli->query('SELECT `a`.`id_...', 0)
#1 D:\SKI\SKI2025\SKI2025\system\Database\BaseConnection.php(734): CodeIgniter\Database\MySQLi\Connection->execute('SELECT `a`.`id_...')
#2 D:\SKI\SKI2025\SKI2025\system\Database\BaseConnection.php(648): CodeIgniter\Database\BaseConnection->simpleQuery('SELECT `a`.`id_...')
#3 D:\SKI\SKI2025\SKI2025\system\Database\BaseBuilder.php(1644): CodeIgniter\Database\BaseConnection->query('SELECT `a`.`id_...', Array, false)
#4 D:\SKI\SKI2025\SKI2025\app\Models\NilaiPMModel.php(90): CodeIgniter\Database\BaseBuilder->get()
#5 D:\SKI\SKI2025\SKI2025\app\Controllers\CMS.php(101): App\Models\NilaiPMModel->precentage(NULL, '2024')
#6 D:\SKI\SKI2025\SKI2025\system\CodeIgniter.php(933): App\Controllers\CMS->dash_pm()
#7 D:\SKI\SKI2025\SKI2025\system\CodeIgniter.php(509): CodeIgniter\CodeIgniter->runController(Object(App\Controllers\CMS))
#8 D:\SKI\SKI2025\SKI2025\system\CodeIgniter.php(355): CodeIgniter\CodeIgniter->handleRequest(NULL, Object(Config\Cache), false)
#9 D:\SKI\SKI2025\SKI2025\system\Boot.php(325): CodeIgniter\CodeIgniter->run()
#10 D:\SKI\SKI2025\SKI2025\system\Boot.php(67): CodeIgniter\Boot::runCodeIgniter(Object(CodeIgniter\CodeIgniter))
#11 D:\SKI\SKI2025\SKI2025\public\index.php(56): CodeIgniter\Boot::bootWeb(Object(Config\Paths))
#12 D:\SKI\SKI2025\SKI2025\system\rewrite.php(44): require_once('D:\\SKI\\SKI2025\\...')
#13 {main}
CRITICAL - 2025-07-29 01:57:58 --> CodeIgniter\Database\Exceptions\DatabaseException: You have an error in your SQL syntax; check the manual that corresponds to your MariaDB server version for the right syntax to use near 'AND `n_pm`.`thn_dipa` = 2024
LEFT JOIN `nilai_pk` as `n_pk` ON `n_pk`.`id_pm_...' at line 15
[Method: GET, Route: cms/dashPm]
in SYSTEMPATH\Database\BaseConnection.php on line 688.
 1 SYSTEMPATH\Database\BaseBuilder.php(1644): CodeIgniter\Database\BaseConnection->query('SELECT `a`.`id_unsur`, COUNT(DISTINCT a.id_indikator) AS jumlah_pm_satker, COUNT(DISTINCT n_pm.id_pm_satker) AS jumlah_nilai_pm, CASE 
            WHEN COUNT(DISTINCT a.id_indikator) = 0 THEN NULL  
            WHEN COUNT(DISTINCT n_pm.id_pm_satker) = 0 THEN 0  
            ELSE (COUNT(DISTINCT n_pm.id_pm_satker) * 100.0 / COUNT(DISTINCT a.id_indikator)) 
        END AS presentase_pm, COUNT(DISTINCT n_pk.id_pm_satker) AS jumlah_nilai_pk, CASE 
            WHEN COUNT(DISTINCT a.id_indikator) = 0 THEN NULL  
            WHEN COUNT(DISTINCT n_pk.id_pm_satker) = 0 THEN 0  
            ELSE (COUNT(DISTINCT n_pk.id_pm_satker) * 100.0 / COUNT(DISTINCT a.id_indikator)) 
        END AS presentase_pk, COUNT(DISTINCT n_lvl.id_pm_satker) AS jumlah_nilai_lvl, CASE 
            WHEN COUNT(DISTINCT a.id_indikator) = 0 THEN NULL  
            WHEN COUNT(DISTINCT n_lvl.id_pm_satker) = 0 THEN 0  
            ELSE (COUNT(DISTINCT n_lvl.id_pm_satker) * 100.0 / COUNT(DISTINCT a.id_indikator)) 
        END AS presentase_lvl
FROM `pm_satker` as `a`
LEFT JOIN `nilai_pm` as `n_pm` ON `n_pm`.`id_pm_satker` = `a`.`id_pm_satker` AND `n_pm`.`id_satker` =  AND `n_pm`.`thn_dipa` = 2024
LEFT JOIN `nilai_pk` as `n_pk` ON `n_pk`.`id_pm_satker` = `a`.`id_pm_satker` AND `n_pk`.`id_satker` =  AND `n_pk`.`thn_dipa` = 2024
LEFT JOIN `nilai_level` as `n_lvl` ON `n_lvl`.`id_pm_satker` = `a`.`id_pm_satker` AND `n_lvl`.`id_satker` =  AND `n_lvl`.`thn_dipa` = 2024
GROUP BY `a`.`id_unsur`', [], false)
 2 APPPATH\Models\NilaiPMModel.php(90): CodeIgniter\Database\BaseBuilder->get()
 3 APPPATH\Controllers\CMS.php(101): App\Models\NilaiPMModel->precentage(null, '2024')
 4 SYSTEMPATH\CodeIgniter.php(933): App\Controllers\CMS->dash_pm()
 5 SYSTEMPATH\CodeIgniter.php(509): CodeIgniter\CodeIgniter->runController(Object(App\Controllers\CMS))
 6 SYSTEMPATH\CodeIgniter.php(355): CodeIgniter\CodeIgniter->handleRequest(null, Object(Config\Cache), false)
 7 SYSTEMPATH\Boot.php(325): CodeIgniter\CodeIgniter->run()
 8 SYSTEMPATH\Boot.php(67): CodeIgniter\Boot::runCodeIgniter(Object(CodeIgniter\CodeIgniter))
 9 FCPATH\index.php(56): CodeIgniter\Boot::bootWeb(Object(Config\Paths))
10 SYSTEMPATH\rewrite.php(44): require_once('D:\\SKI\\SKI2025\\SKI2025\\public\\index.php')
CRITICAL - 2025-07-29 01:57:58 --> [Caused by] CodeIgniter\Database\Exceptions\DatabaseException: You have an error in your SQL syntax; check the manual that corresponds to your MariaDB server version for the right syntax to use near 'AND `n_pm`.`thn_dipa` = 2024
LEFT JOIN `nilai_pk` as `n_pk` ON `n_pk`.`id_pm_...' at line 15
in SYSTEMPATH\Database\MySQLi\Connection.php on line 317.
 1 SYSTEMPATH\Database\BaseConnection.php(734): CodeIgniter\Database\MySQLi\Connection->execute('SELECT `a`.`id_unsur`, COUNT(DISTINCT a.id_indikator) AS jumlah_pm_satker, COUNT(DISTINCT n_pm.id_pm_satker) AS jumlah_nilai_pm, CASE 
            WHEN COUNT(DISTINCT a.id_indikator) = 0 THEN NULL  
            WHEN COUNT(DISTINCT n_pm.id_pm_satker) = 0 THEN 0  
            ELSE (COUNT(DISTINCT n_pm.id_pm_satker) * 100.0 / COUNT(DISTINCT a.id_indikator)) 
        END AS presentase_pm, COUNT(DISTINCT n_pk.id_pm_satker) AS jumlah_nilai_pk, CASE 
            WHEN COUNT(DISTINCT a.id_indikator) = 0 THEN NULL  
            WHEN COUNT(DISTINCT n_pk.id_pm_satker) = 0 THEN 0  
            ELSE (COUNT(DISTINCT n_pk.id_pm_satker) * 100.0 / COUNT(DISTINCT a.id_indikator)) 
        END AS presentase_pk, COUNT(DISTINCT n_lvl.id_pm_satker) AS jumlah_nilai_lvl, CASE 
            WHEN COUNT(DISTINCT a.id_indikator) = 0 THEN NULL  
            WHEN COUNT(DISTINCT n_lvl.id_pm_satker) = 0 THEN 0  
            ELSE (COUNT(DISTINCT n_lvl.id_pm_satker) * 100.0 / COUNT(DISTINCT a.id_indikator)) 
        END AS presentase_lvl
FROM `pm_satker` as `a`
LEFT JOIN `nilai_pm` as `n_pm` ON `n_pm`.`id_pm_satker` = `a`.`id_pm_satker` AND `n_pm`.`id_satker` =  AND `n_pm`.`thn_dipa` = 2024
LEFT JOIN `nilai_pk` as `n_pk` ON `n_pk`.`id_pm_satker` = `a`.`id_pm_satker` AND `n_pk`.`id_satker` =  AND `n_pk`.`thn_dipa` = 2024
LEFT JOIN `nilai_level` as `n_lvl` ON `n_lvl`.`id_pm_satker` = `a`.`id_pm_satker` AND `n_lvl`.`id_satker` =  AND `n_lvl`.`thn_dipa` = 2024
GROUP BY `a`.`id_unsur`')
 2 SYSTEMPATH\Database\BaseConnection.php(648): CodeIgniter\Database\BaseConnection->simpleQuery('SELECT `a`.`id_unsur`, COUNT(DISTINCT a.id_indikator) AS jumlah_pm_satker, COUNT(DISTINCT n_pm.id_pm_satker) AS jumlah_nilai_pm, CASE 
            WHEN COUNT(DISTINCT a.id_indikator) = 0 THEN NULL  
            WHEN COUNT(DISTINCT n_pm.id_pm_satker) = 0 THEN 0  
            ELSE (COUNT(DISTINCT n_pm.id_pm_satker) * 100.0 / COUNT(DISTINCT a.id_indikator)) 
        END AS presentase_pm, COUNT(DISTINCT n_pk.id_pm_satker) AS jumlah_nilai_pk, CASE 
            WHEN COUNT(DISTINCT a.id_indikator) = 0 THEN NULL  
            WHEN COUNT(DISTINCT n_pk.id_pm_satker) = 0 THEN 0  
            ELSE (COUNT(DISTINCT n_pk.id_pm_satker) * 100.0 / COUNT(DISTINCT a.id_indikator)) 
        END AS presentase_pk, COUNT(DISTINCT n_lvl.id_pm_satker) AS jumlah_nilai_lvl, CASE 
            WHEN COUNT(DISTINCT a.id_indikator) = 0 THEN NULL  
            WHEN COUNT(DISTINCT n_lvl.id_pm_satker) = 0 THEN 0  
            ELSE (COUNT(DISTINCT n_lvl.id_pm_satker) * 100.0 / COUNT(DISTINCT a.id_indikator)) 
        END AS presentase_lvl
FROM `pm_satker` as `a`
LEFT JOIN `nilai_pm` as `n_pm` ON `n_pm`.`id_pm_satker` = `a`.`id_pm_satker` AND `n_pm`.`id_satker` =  AND `n_pm`.`thn_dipa` = 2024
LEFT JOIN `nilai_pk` as `n_pk` ON `n_pk`.`id_pm_satker` = `a`.`id_pm_satker` AND `n_pk`.`id_satker` =  AND `n_pk`.`thn_dipa` = 2024
LEFT JOIN `nilai_level` as `n_lvl` ON `n_lvl`.`id_pm_satker` = `a`.`id_pm_satker` AND `n_lvl`.`id_satker` =  AND `n_lvl`.`thn_dipa` = 2024
GROUP BY `a`.`id_unsur`')
 3 SYSTEMPATH\Database\BaseBuilder.php(1644): CodeIgniter\Database\BaseConnection->query('SELECT `a`.`id_unsur`, COUNT(DISTINCT a.id_indikator) AS jumlah_pm_satker, COUNT(DISTINCT n_pm.id_pm_satker) AS jumlah_nilai_pm, CASE 
            WHEN COUNT(DISTINCT a.id_indikator) = 0 THEN NULL  
            WHEN COUNT(DISTINCT n_pm.id_pm_satker) = 0 THEN 0  
            ELSE (COUNT(DISTINCT n_pm.id_pm_satker) * 100.0 / COUNT(DISTINCT a.id_indikator)) 
        END AS presentase_pm, COUNT(DISTINCT n_pk.id_pm_satker) AS jumlah_nilai_pk, CASE 
            WHEN COUNT(DISTINCT a.id_indikator) = 0 THEN NULL  
            WHEN COUNT(DISTINCT n_pk.id_pm_satker) = 0 THEN 0  
            ELSE (COUNT(DISTINCT n_pk.id_pm_satker) * 100.0 / COUNT(DISTINCT a.id_indikator)) 
        END AS presentase_pk, COUNT(DISTINCT n_lvl.id_pm_satker) AS jumlah_nilai_lvl, CASE 
            WHEN COUNT(DISTINCT a.id_indikator) = 0 THEN NULL  
            WHEN COUNT(DISTINCT n_lvl.id_pm_satker) = 0 THEN 0  
            ELSE (COUNT(DISTINCT n_lvl.id_pm_satker) * 100.0 / COUNT(DISTINCT a.id_indikator)) 
        END AS presentase_lvl
FROM `pm_satker` as `a`
LEFT JOIN `nilai_pm` as `n_pm` ON `n_pm`.`id_pm_satker` = `a`.`id_pm_satker` AND `n_pm`.`id_satker` =  AND `n_pm`.`thn_dipa` = 2024
LEFT JOIN `nilai_pk` as `n_pk` ON `n_pk`.`id_pm_satker` = `a`.`id_pm_satker` AND `n_pk`.`id_satker` =  AND `n_pk`.`thn_dipa` = 2024
LEFT JOIN `nilai_level` as `n_lvl` ON `n_lvl`.`id_pm_satker` = `a`.`id_pm_satker` AND `n_lvl`.`id_satker` =  AND `n_lvl`.`thn_dipa` = 2024
GROUP BY `a`.`id_unsur`', [], false)
 4 APPPATH\Models\NilaiPMModel.php(90): CodeIgniter\Database\BaseBuilder->get()
 5 APPPATH\Controllers\CMS.php(101): App\Models\NilaiPMModel->precentage(null, '2024')
 6 SYSTEMPATH\CodeIgniter.php(933): App\Controllers\CMS->dash_pm()
 7 SYSTEMPATH\CodeIgniter.php(509): CodeIgniter\CodeIgniter->runController(Object(App\Controllers\CMS))
 8 SYSTEMPATH\CodeIgniter.php(355): CodeIgniter\CodeIgniter->handleRequest(null, Object(Config\Cache), false)
 9 SYSTEMPATH\Boot.php(325): CodeIgniter\CodeIgniter->run()
10 SYSTEMPATH\Boot.php(67): CodeIgniter\Boot::runCodeIgniter(Object(CodeIgniter\CodeIgniter))
11 FCPATH\index.php(56): CodeIgniter\Boot::bootWeb(Object(Config\Paths))
12 SYSTEMPATH\rewrite.php(44): require_once('D:\\SKI\\SKI2025\\SKI2025\\public\\index.php')
CRITICAL - 2025-07-29 01:57:58 --> [Caused by] mysqli_sql_exception: You have an error in your SQL syntax; check the manual that corresponds to your MariaDB server version for the right syntax to use near 'AND `n_pm`.`thn_dipa` = 2024
LEFT JOIN `nilai_pk` as `n_pk` ON `n_pk`.`id_pm_...' at line 15
in SYSTEMPATH\Database\MySQLi\Connection.php on line 312.
 1 SYSTEMPATH\Database\MySQLi\Connection.php(312): mysqli->query('SELECT `a`.`id_unsur`, COUNT(DISTINCT a.id_indikator) AS jumlah_pm_satker, COUNT(DISTINCT n_pm.id_pm_satker) AS jumlah_nilai_pm, CASE 
            WHEN COUNT(DISTINCT a.id_indikator) = 0 THEN NULL  
            WHEN COUNT(DISTINCT n_pm.id_pm_satker) = 0 THEN 0  
            ELSE (COUNT(DISTINCT n_pm.id_pm_satker) * 100.0 / COUNT(DISTINCT a.id_indikator)) 
        END AS presentase_pm, COUNT(DISTINCT n_pk.id_pm_satker) AS jumlah_nilai_pk, CASE 
            WHEN COUNT(DISTINCT a.id_indikator) = 0 THEN NULL  
            WHEN COUNT(DISTINCT n_pk.id_pm_satker) = 0 THEN 0  
            ELSE (COUNT(DISTINCT n_pk.id_pm_satker) * 100.0 / COUNT(DISTINCT a.id_indikator)) 
        END AS presentase_pk, COUNT(DISTINCT n_lvl.id_pm_satker) AS jumlah_nilai_lvl, CASE 
            WHEN COUNT(DISTINCT a.id_indikator) = 0 THEN NULL  
            WHEN COUNT(DISTINCT n_lvl.id_pm_satker) = 0 THEN 0  
            ELSE (COUNT(DISTINCT n_lvl.id_pm_satker) * 100.0 / COUNT(DISTINCT a.id_indikator)) 
        END AS presentase_lvl
FROM `pm_satker` as `a`
LEFT JOIN `nilai_pm` as `n_pm` ON `n_pm`.`id_pm_satker` = `a`.`id_pm_satker` AND `n_pm`.`id_satker` =  AND `n_pm`.`thn_dipa` = 2024
LEFT JOIN `nilai_pk` as `n_pk` ON `n_pk`.`id_pm_satker` = `a`.`id_pm_satker` AND `n_pk`.`id_satker` =  AND `n_pk`.`thn_dipa` = 2024
LEFT JOIN `nilai_level` as `n_lvl` ON `n_lvl`.`id_pm_satker` = `a`.`id_pm_satker` AND `n_lvl`.`id_satker` =  AND `n_lvl`.`thn_dipa` = 2024
GROUP BY `a`.`id_unsur`', 0)
 2 SYSTEMPATH\Database\BaseConnection.php(734): CodeIgniter\Database\MySQLi\Connection->execute('SELECT `a`.`id_unsur`, COUNT(DISTINCT a.id_indikator) AS jumlah_pm_satker, COUNT(DISTINCT n_pm.id_pm_satker) AS jumlah_nilai_pm, CASE 
            WHEN COUNT(DISTINCT a.id_indikator) = 0 THEN NULL  
            WHEN COUNT(DISTINCT n_pm.id_pm_satker) = 0 THEN 0  
            ELSE (COUNT(DISTINCT n_pm.id_pm_satker) * 100.0 / COUNT(DISTINCT a.id_indikator)) 
        END AS presentase_pm, COUNT(DISTINCT n_pk.id_pm_satker) AS jumlah_nilai_pk, CASE 
            WHEN COUNT(DISTINCT a.id_indikator) = 0 THEN NULL  
            WHEN COUNT(DISTINCT n_pk.id_pm_satker) = 0 THEN 0  
            ELSE (COUNT(DISTINCT n_pk.id_pm_satker) * 100.0 / COUNT(DISTINCT a.id_indikator)) 
        END AS presentase_pk, COUNT(DISTINCT n_lvl.id_pm_satker) AS jumlah_nilai_lvl, CASE 
            WHEN COUNT(DISTINCT a.id_indikator) = 0 THEN NULL  
            WHEN COUNT(DISTINCT n_lvl.id_pm_satker) = 0 THEN 0  
            ELSE (COUNT(DISTINCT n_lvl.id_pm_satker) * 100.0 / COUNT(DISTINCT a.id_indikator)) 
        END AS presentase_lvl
FROM `pm_satker` as `a`
LEFT JOIN `nilai_pm` as `n_pm` ON `n_pm`.`id_pm_satker` = `a`.`id_pm_satker` AND `n_pm`.`id_satker` =  AND `n_pm`.`thn_dipa` = 2024
LEFT JOIN `nilai_pk` as `n_pk` ON `n_pk`.`id_pm_satker` = `a`.`id_pm_satker` AND `n_pk`.`id_satker` =  AND `n_pk`.`thn_dipa` = 2024
LEFT JOIN `nilai_level` as `n_lvl` ON `n_lvl`.`id_pm_satker` = `a`.`id_pm_satker` AND `n_lvl`.`id_satker` =  AND `n_lvl`.`thn_dipa` = 2024
GROUP BY `a`.`id_unsur`')
 3 SYSTEMPATH\Database\BaseConnection.php(648): CodeIgniter\Database\BaseConnection->simpleQuery('SELECT `a`.`id_unsur`, COUNT(DISTINCT a.id_indikator) AS jumlah_pm_satker, COUNT(DISTINCT n_pm.id_pm_satker) AS jumlah_nilai_pm, CASE 
            WHEN COUNT(DISTINCT a.id_indikator) = 0 THEN NULL  
            WHEN COUNT(DISTINCT n_pm.id_pm_satker) = 0 THEN 0  
            ELSE (COUNT(DISTINCT n_pm.id_pm_satker) * 100.0 / COUNT(DISTINCT a.id_indikator)) 
        END AS presentase_pm, COUNT(DISTINCT n_pk.id_pm_satker) AS jumlah_nilai_pk, CASE 
            WHEN COUNT(DISTINCT a.id_indikator) = 0 THEN NULL  
            WHEN COUNT(DISTINCT n_pk.id_pm_satker) = 0 THEN 0  
            ELSE (COUNT(DISTINCT n_pk.id_pm_satker) * 100.0 / COUNT(DISTINCT a.id_indikator)) 
        END AS presentase_pk, COUNT(DISTINCT n_lvl.id_pm_satker) AS jumlah_nilai_lvl, CASE 
            WHEN COUNT(DISTINCT a.id_indikator) = 0 THEN NULL  
            WHEN COUNT(DISTINCT n_lvl.id_pm_satker) = 0 THEN 0  
            ELSE (COUNT(DISTINCT n_lvl.id_pm_satker) * 100.0 / COUNT(DISTINCT a.id_indikator)) 
        END AS presentase_lvl
FROM `pm_satker` as `a`
LEFT JOIN `nilai_pm` as `n_pm` ON `n_pm`.`id_pm_satker` = `a`.`id_pm_satker` AND `n_pm`.`id_satker` =  AND `n_pm`.`thn_dipa` = 2024
LEFT JOIN `nilai_pk` as `n_pk` ON `n_pk`.`id_pm_satker` = `a`.`id_pm_satker` AND `n_pk`.`id_satker` =  AND `n_pk`.`thn_dipa` = 2024
LEFT JOIN `nilai_level` as `n_lvl` ON `n_lvl`.`id_pm_satker` = `a`.`id_pm_satker` AND `n_lvl`.`id_satker` =  AND `n_lvl`.`thn_dipa` = 2024
GROUP BY `a`.`id_unsur`')
 4 SYSTEMPATH\Database\BaseBuilder.php(1644): CodeIgniter\Database\BaseConnection->query('SELECT `a`.`id_unsur`, COUNT(DISTINCT a.id_indikator) AS jumlah_pm_satker, COUNT(DISTINCT n_pm.id_pm_satker) AS jumlah_nilai_pm, CASE 
            WHEN COUNT(DISTINCT a.id_indikator) = 0 THEN NULL  
            WHEN COUNT(DISTINCT n_pm.id_pm_satker) = 0 THEN 0  
            ELSE (COUNT(DISTINCT n_pm.id_pm_satker) * 100.0 / COUNT(DISTINCT a.id_indikator)) 
        END AS presentase_pm, COUNT(DISTINCT n_pk.id_pm_satker) AS jumlah_nilai_pk, CASE 
            WHEN COUNT(DISTINCT a.id_indikator) = 0 THEN NULL  
            WHEN COUNT(DISTINCT n_pk.id_pm_satker) = 0 THEN 0  
            ELSE (COUNT(DISTINCT n_pk.id_pm_satker) * 100.0 / COUNT(DISTINCT a.id_indikator)) 
        END AS presentase_pk, COUNT(DISTINCT n_lvl.id_pm_satker) AS jumlah_nilai_lvl, CASE 
            WHEN COUNT(DISTINCT a.id_indikator) = 0 THEN NULL  
            WHEN COUNT(DISTINCT n_lvl.id_pm_satker) = 0 THEN 0  
            ELSE (COUNT(DISTINCT n_lvl.id_pm_satker) * 100.0 / COUNT(DISTINCT a.id_indikator)) 
        END AS presentase_lvl
FROM `pm_satker` as `a`
LEFT JOIN `nilai_pm` as `n_pm` ON `n_pm`.`id_pm_satker` = `a`.`id_pm_satker` AND `n_pm`.`id_satker` =  AND `n_pm`.`thn_dipa` = 2024
LEFT JOIN `nilai_pk` as `n_pk` ON `n_pk`.`id_pm_satker` = `a`.`id_pm_satker` AND `n_pk`.`id_satker` =  AND `n_pk`.`thn_dipa` = 2024
LEFT JOIN `nilai_level` as `n_lvl` ON `n_lvl`.`id_pm_satker` = `a`.`id_pm_satker` AND `n_lvl`.`id_satker` =  AND `n_lvl`.`thn_dipa` = 2024
GROUP BY `a`.`id_unsur`', [], false)
 5 APPPATH\Models\NilaiPMModel.php(90): CodeIgniter\Database\BaseBuilder->get()
 6 APPPATH\Controllers\CMS.php(101): App\Models\NilaiPMModel->precentage(null, '2024')
 7 SYSTEMPATH\CodeIgniter.php(933): App\Controllers\CMS->dash_pm()
 8 SYSTEMPATH\CodeIgniter.php(509): CodeIgniter\CodeIgniter->runController(Object(App\Controllers\CMS))
 9 SYSTEMPATH\CodeIgniter.php(355): CodeIgniter\CodeIgniter->handleRequest(null, Object(Config\Cache), false)
10 SYSTEMPATH\Boot.php(325): CodeIgniter\CodeIgniter->run()
11 SYSTEMPATH\Boot.php(67): CodeIgniter\Boot::runCodeIgniter(Object(CodeIgniter\CodeIgniter))
12 FCPATH\index.php(56): CodeIgniter\Boot::bootWeb(Object(Config\Paths))
13 SYSTEMPATH\rewrite.php(44): require_once('D:\\SKI\\SKI2025\\SKI2025\\public\\index.php')
INFO - 2025-07-29 01:58:07 --> Session: Class initialized using 'CodeIgniter\Session\Handlers\FileHandler' driver.
INFO - 2025-07-29 02:01:07 --> Session: Class initialized using 'CodeIgniter\Session\Handlers\FileHandler' driver.
ERROR - 2025-07-29 02:01:07 --> mysqli_sql_exception: You have an error in your SQL syntax; check the manual that corresponds to your MariaDB server version for the right syntax to use near 'AND `n_pm`.`thn_dipa` = 2024
LEFT JOIN `nilai_pk` as `n_pk` ON `n_pk`.`id_pm_...' at line 15 in D:\SKI\SKI2025\SKI2025\system\Database\MySQLi\Connection.php:312
Stack trace:
#0 D:\SKI\SKI2025\SKI2025\system\Database\MySQLi\Connection.php(312): mysqli->query('SELECT `a`.`id_...', 0)
#1 D:\SKI\SKI2025\SKI2025\system\Database\BaseConnection.php(734): CodeIgniter\Database\MySQLi\Connection->execute('SELECT `a`.`id_...')
#2 D:\SKI\SKI2025\SKI2025\system\Database\BaseConnection.php(648): CodeIgniter\Database\BaseConnection->simpleQuery('SELECT `a`.`id_...')
#3 D:\SKI\SKI2025\SKI2025\system\Database\BaseBuilder.php(1644): CodeIgniter\Database\BaseConnection->query('SELECT `a`.`id_...', Array, false)
#4 D:\SKI\SKI2025\SKI2025\app\Models\NilaiPMModel.php(90): CodeIgniter\Database\BaseBuilder->get()
#5 D:\SKI\SKI2025\SKI2025\app\Controllers\CMS.php(101): App\Models\NilaiPMModel->precentage(NULL, '2024')
#6 D:\SKI\SKI2025\SKI2025\system\CodeIgniter.php(933): App\Controllers\CMS->dash_pm()
#7 D:\SKI\SKI2025\SKI2025\system\CodeIgniter.php(509): CodeIgniter\CodeIgniter->runController(Object(App\Controllers\CMS))
#8 D:\SKI\SKI2025\SKI2025\system\CodeIgniter.php(355): CodeIgniter\CodeIgniter->handleRequest(NULL, Object(Config\Cache), false)
#9 D:\SKI\SKI2025\SKI2025\system\Boot.php(325): CodeIgniter\CodeIgniter->run()
#10 D:\SKI\SKI2025\SKI2025\system\Boot.php(67): CodeIgniter\Boot::runCodeIgniter(Object(CodeIgniter\CodeIgniter))
#11 D:\SKI\SKI2025\SKI2025\public\index.php(56): CodeIgniter\Boot::bootWeb(Object(Config\Paths))
#12 D:\SKI\SKI2025\SKI2025\system\rewrite.php(44): require_once('D:\\SKI\\SKI2025\\...')
#13 {main}
CRITICAL - 2025-07-29 02:01:07 --> CodeIgniter\Database\Exceptions\DatabaseException: You have an error in your SQL syntax; check the manual that corresponds to your MariaDB server version for the right syntax to use near 'AND `n_pm`.`thn_dipa` = 2024
LEFT JOIN `nilai_pk` as `n_pk` ON `n_pk`.`id_pm_...' at line 15
[Method: GET, Route: cms/dashPm]
in SYSTEMPATH\Database\BaseConnection.php on line 688.
 1 SYSTEMPATH\Database\BaseBuilder.php(1644): CodeIgniter\Database\BaseConnection->query('SELECT `a`.`id_unsur`, COUNT(DISTINCT a.id_indikator) AS jumlah_pm_satker, COUNT(DISTINCT n_pm.id_pm_satker) AS jumlah_nilai_pm, CASE 
            WHEN COUNT(DISTINCT a.id_indikator) = 0 THEN NULL  
            WHEN COUNT(DISTINCT n_pm.id_pm_satker) = 0 THEN 0  
            ELSE (COUNT(DISTINCT n_pm.id_pm_satker) * 100.0 / COUNT(DISTINCT a.id_indikator)) 
        END AS presentase_pm, COUNT(DISTINCT n_pk.id_pm_satker) AS jumlah_nilai_pk, CASE 
            WHEN COUNT(DISTINCT a.id_indikator) = 0 THEN NULL  
            WHEN COUNT(DISTINCT n_pk.id_pm_satker) = 0 THEN 0  
            ELSE (COUNT(DISTINCT n_pk.id_pm_satker) * 100.0 / COUNT(DISTINCT a.id_indikator)) 
        END AS presentase_pk, COUNT(DISTINCT n_lvl.id_pm_satker) AS jumlah_nilai_lvl, CASE 
            WHEN COUNT(DISTINCT a.id_indikator) = 0 THEN NULL  
            WHEN COUNT(DISTINCT n_lvl.id_pm_satker) = 0 THEN 0  
            ELSE (COUNT(DISTINCT n_lvl.id_pm_satker) * 100.0 / COUNT(DISTINCT a.id_indikator)) 
        END AS presentase_lvl
FROM `pm_satker` as `a`
LEFT JOIN `nilai_pm` as `n_pm` ON `n_pm`.`id_pm_satker` = `a`.`id_pm_satker` AND `n_pm`.`id_satker` =  AND `n_pm`.`thn_dipa` = 2024
LEFT JOIN `nilai_pk` as `n_pk` ON `n_pk`.`id_pm_satker` = `a`.`id_pm_satker` AND `n_pk`.`id_satker` =  AND `n_pk`.`thn_dipa` = 2024
LEFT JOIN `nilai_level` as `n_lvl` ON `n_lvl`.`id_pm_satker` = `a`.`id_pm_satker` AND `n_lvl`.`id_satker` =  AND `n_lvl`.`thn_dipa` = 2024
GROUP BY `a`.`id_unsur`', [], false)
 2 APPPATH\Models\NilaiPMModel.php(90): CodeIgniter\Database\BaseBuilder->get()
 3 APPPATH\Controllers\CMS.php(101): App\Models\NilaiPMModel->precentage(null, '2024')
 4 SYSTEMPATH\CodeIgniter.php(933): App\Controllers\CMS->dash_pm()
 5 SYSTEMPATH\CodeIgniter.php(509): CodeIgniter\CodeIgniter->runController(Object(App\Controllers\CMS))
 6 SYSTEMPATH\CodeIgniter.php(355): CodeIgniter\CodeIgniter->handleRequest(null, Object(Config\Cache), false)
 7 SYSTEMPATH\Boot.php(325): CodeIgniter\CodeIgniter->run()
 8 SYSTEMPATH\Boot.php(67): CodeIgniter\Boot::runCodeIgniter(Object(CodeIgniter\CodeIgniter))
 9 FCPATH\index.php(56): CodeIgniter\Boot::bootWeb(Object(Config\Paths))
10 SYSTEMPATH\rewrite.php(44): require_once('D:\\SKI\\SKI2025\\SKI2025\\public\\index.php')
CRITICAL - 2025-07-29 02:01:07 --> [Caused by] CodeIgniter\Database\Exceptions\DatabaseException: You have an error in your SQL syntax; check the manual that corresponds to your MariaDB server version for the right syntax to use near 'AND `n_pm`.`thn_dipa` = 2024
LEFT JOIN `nilai_pk` as `n_pk` ON `n_pk`.`id_pm_...' at line 15
in SYSTEMPATH\Database\MySQLi\Connection.php on line 317.
 1 SYSTEMPATH\Database\BaseConnection.php(734): CodeIgniter\Database\MySQLi\Connection->execute('SELECT `a`.`id_unsur`, COUNT(DISTINCT a.id_indikator) AS jumlah_pm_satker, COUNT(DISTINCT n_pm.id_pm_satker) AS jumlah_nilai_pm, CASE 
            WHEN COUNT(DISTINCT a.id_indikator) = 0 THEN NULL  
            WHEN COUNT(DISTINCT n_pm.id_pm_satker) = 0 THEN 0  
            ELSE (COUNT(DISTINCT n_pm.id_pm_satker) * 100.0 / COUNT(DISTINCT a.id_indikator)) 
        END AS presentase_pm, COUNT(DISTINCT n_pk.id_pm_satker) AS jumlah_nilai_pk, CASE 
            WHEN COUNT(DISTINCT a.id_indikator) = 0 THEN NULL  
            WHEN COUNT(DISTINCT n_pk.id_pm_satker) = 0 THEN 0  
            ELSE (COUNT(DISTINCT n_pk.id_pm_satker) * 100.0 / COUNT(DISTINCT a.id_indikator)) 
        END AS presentase_pk, COUNT(DISTINCT n_lvl.id_pm_satker) AS jumlah_nilai_lvl, CASE 
            WHEN COUNT(DISTINCT a.id_indikator) = 0 THEN NULL  
            WHEN COUNT(DISTINCT n_lvl.id_pm_satker) = 0 THEN 0  
            ELSE (COUNT(DISTINCT n_lvl.id_pm_satker) * 100.0 / COUNT(DISTINCT a.id_indikator)) 
        END AS presentase_lvl
FROM `pm_satker` as `a`
LEFT JOIN `nilai_pm` as `n_pm` ON `n_pm`.`id_pm_satker` = `a`.`id_pm_satker` AND `n_pm`.`id_satker` =  AND `n_pm`.`thn_dipa` = 2024
LEFT JOIN `nilai_pk` as `n_pk` ON `n_pk`.`id_pm_satker` = `a`.`id_pm_satker` AND `n_pk`.`id_satker` =  AND `n_pk`.`thn_dipa` = 2024
LEFT JOIN `nilai_level` as `n_lvl` ON `n_lvl`.`id_pm_satker` = `a`.`id_pm_satker` AND `n_lvl`.`id_satker` =  AND `n_lvl`.`thn_dipa` = 2024
GROUP BY `a`.`id_unsur`')
 2 SYSTEMPATH\Database\BaseConnection.php(648): CodeIgniter\Database\BaseConnection->simpleQuery('SELECT `a`.`id_unsur`, COUNT(DISTINCT a.id_indikator) AS jumlah_pm_satker, COUNT(DISTINCT n_pm.id_pm_satker) AS jumlah_nilai_pm, CASE 
            WHEN COUNT(DISTINCT a.id_indikator) = 0 THEN NULL  
            WHEN COUNT(DISTINCT n_pm.id_pm_satker) = 0 THEN 0  
            ELSE (COUNT(DISTINCT n_pm.id_pm_satker) * 100.0 / COUNT(DISTINCT a.id_indikator)) 
        END AS presentase_pm, COUNT(DISTINCT n_pk.id_pm_satker) AS jumlah_nilai_pk, CASE 
            WHEN COUNT(DISTINCT a.id_indikator) = 0 THEN NULL  
            WHEN COUNT(DISTINCT n_pk.id_pm_satker) = 0 THEN 0  
            ELSE (COUNT(DISTINCT n_pk.id_pm_satker) * 100.0 / COUNT(DISTINCT a.id_indikator)) 
        END AS presentase_pk, COUNT(DISTINCT n_lvl.id_pm_satker) AS jumlah_nilai_lvl, CASE 
            WHEN COUNT(DISTINCT a.id_indikator) = 0 THEN NULL  
            WHEN COUNT(DISTINCT n_lvl.id_pm_satker) = 0 THEN 0  
            ELSE (COUNT(DISTINCT n_lvl.id_pm_satker) * 100.0 / COUNT(DISTINCT a.id_indikator)) 
        END AS presentase_lvl
FROM `pm_satker` as `a`
LEFT JOIN `nilai_pm` as `n_pm` ON `n_pm`.`id_pm_satker` = `a`.`id_pm_satker` AND `n_pm`.`id_satker` =  AND `n_pm`.`thn_dipa` = 2024
LEFT JOIN `nilai_pk` as `n_pk` ON `n_pk`.`id_pm_satker` = `a`.`id_pm_satker` AND `n_pk`.`id_satker` =  AND `n_pk`.`thn_dipa` = 2024
LEFT JOIN `nilai_level` as `n_lvl` ON `n_lvl`.`id_pm_satker` = `a`.`id_pm_satker` AND `n_lvl`.`id_satker` =  AND `n_lvl`.`thn_dipa` = 2024
GROUP BY `a`.`id_unsur`')
 3 SYSTEMPATH\Database\BaseBuilder.php(1644): CodeIgniter\Database\BaseConnection->query('SELECT `a`.`id_unsur`, COUNT(DISTINCT a.id_indikator) AS jumlah_pm_satker, COUNT(DISTINCT n_pm.id_pm_satker) AS jumlah_nilai_pm, CASE 
            WHEN COUNT(DISTINCT a.id_indikator) = 0 THEN NULL  
            WHEN COUNT(DISTINCT n_pm.id_pm_satker) = 0 THEN 0  
            ELSE (COUNT(DISTINCT n_pm.id_pm_satker) * 100.0 / COUNT(DISTINCT a.id_indikator)) 
        END AS presentase_pm, COUNT(DISTINCT n_pk.id_pm_satker) AS jumlah_nilai_pk, CASE 
            WHEN COUNT(DISTINCT a.id_indikator) = 0 THEN NULL  
            WHEN COUNT(DISTINCT n_pk.id_pm_satker) = 0 THEN 0  
            ELSE (COUNT(DISTINCT n_pk.id_pm_satker) * 100.0 / COUNT(DISTINCT a.id_indikator)) 
        END AS presentase_pk, COUNT(DISTINCT n_lvl.id_pm_satker) AS jumlah_nilai_lvl, CASE 
            WHEN COUNT(DISTINCT a.id_indikator) = 0 THEN NULL  
            WHEN COUNT(DISTINCT n_lvl.id_pm_satker) = 0 THEN 0  
            ELSE (COUNT(DISTINCT n_lvl.id_pm_satker) * 100.0 / COUNT(DISTINCT a.id_indikator)) 
        END AS presentase_lvl
FROM `pm_satker` as `a`
LEFT JOIN `nilai_pm` as `n_pm` ON `n_pm`.`id_pm_satker` = `a`.`id_pm_satker` AND `n_pm`.`id_satker` =  AND `n_pm`.`thn_dipa` = 2024
LEFT JOIN `nilai_pk` as `n_pk` ON `n_pk`.`id_pm_satker` = `a`.`id_pm_satker` AND `n_pk`.`id_satker` =  AND `n_pk`.`thn_dipa` = 2024
LEFT JOIN `nilai_level` as `n_lvl` ON `n_lvl`.`id_pm_satker` = `a`.`id_pm_satker` AND `n_lvl`.`id_satker` =  AND `n_lvl`.`thn_dipa` = 2024
GROUP BY `a`.`id_unsur`', [], false)
 4 APPPATH\Models\NilaiPMModel.php(90): CodeIgniter\Database\BaseBuilder->get()
 5 APPPATH\Controllers\CMS.php(101): App\Models\NilaiPMModel->precentage(null, '2024')
 6 SYSTEMPATH\CodeIgniter.php(933): App\Controllers\CMS->dash_pm()
 7 SYSTEMPATH\CodeIgniter.php(509): CodeIgniter\CodeIgniter->runController(Object(App\Controllers\CMS))
 8 SYSTEMPATH\CodeIgniter.php(355): CodeIgniter\CodeIgniter->handleRequest(null, Object(Config\Cache), false)
 9 SYSTEMPATH\Boot.php(325): CodeIgniter\CodeIgniter->run()
10 SYSTEMPATH\Boot.php(67): CodeIgniter\Boot::runCodeIgniter(Object(CodeIgniter\CodeIgniter))
11 FCPATH\index.php(56): CodeIgniter\Boot::bootWeb(Object(Config\Paths))
12 SYSTEMPATH\rewrite.php(44): require_once('D:\\SKI\\SKI2025\\SKI2025\\public\\index.php')
CRITICAL - 2025-07-29 02:01:07 --> [Caused by] mysqli_sql_exception: You have an error in your SQL syntax; check the manual that corresponds to your MariaDB server version for the right syntax to use near 'AND `n_pm`.`thn_dipa` = 2024
LEFT JOIN `nilai_pk` as `n_pk` ON `n_pk`.`id_pm_...' at line 15
in SYSTEMPATH\Database\MySQLi\Connection.php on line 312.
 1 SYSTEMPATH\Database\MySQLi\Connection.php(312): mysqli->query('SELECT `a`.`id_unsur`, COUNT(DISTINCT a.id_indikator) AS jumlah_pm_satker, COUNT(DISTINCT n_pm.id_pm_satker) AS jumlah_nilai_pm, CASE 
            WHEN COUNT(DISTINCT a.id_indikator) = 0 THEN NULL  
            WHEN COUNT(DISTINCT n_pm.id_pm_satker) = 0 THEN 0  
            ELSE (COUNT(DISTINCT n_pm.id_pm_satker) * 100.0 / COUNT(DISTINCT a.id_indikator)) 
        END AS presentase_pm, COUNT(DISTINCT n_pk.id_pm_satker) AS jumlah_nilai_pk, CASE 
            WHEN COUNT(DISTINCT a.id_indikator) = 0 THEN NULL  
            WHEN COUNT(DISTINCT n_pk.id_pm_satker) = 0 THEN 0  
            ELSE (COUNT(DISTINCT n_pk.id_pm_satker) * 100.0 / COUNT(DISTINCT a.id_indikator)) 
        END AS presentase_pk, COUNT(DISTINCT n_lvl.id_pm_satker) AS jumlah_nilai_lvl, CASE 
            WHEN COUNT(DISTINCT a.id_indikator) = 0 THEN NULL  
            WHEN COUNT(DISTINCT n_lvl.id_pm_satker) = 0 THEN 0  
            ELSE (COUNT(DISTINCT n_lvl.id_pm_satker) * 100.0 / COUNT(DISTINCT a.id_indikator)) 
        END AS presentase_lvl
FROM `pm_satker` as `a`
LEFT JOIN `nilai_pm` as `n_pm` ON `n_pm`.`id_pm_satker` = `a`.`id_pm_satker` AND `n_pm`.`id_satker` =  AND `n_pm`.`thn_dipa` = 2024
LEFT JOIN `nilai_pk` as `n_pk` ON `n_pk`.`id_pm_satker` = `a`.`id_pm_satker` AND `n_pk`.`id_satker` =  AND `n_pk`.`thn_dipa` = 2024
LEFT JOIN `nilai_level` as `n_lvl` ON `n_lvl`.`id_pm_satker` = `a`.`id_pm_satker` AND `n_lvl`.`id_satker` =  AND `n_lvl`.`thn_dipa` = 2024
GROUP BY `a`.`id_unsur`', 0)
 2 SYSTEMPATH\Database\BaseConnection.php(734): CodeIgniter\Database\MySQLi\Connection->execute('SELECT `a`.`id_unsur`, COUNT(DISTINCT a.id_indikator) AS jumlah_pm_satker, COUNT(DISTINCT n_pm.id_pm_satker) AS jumlah_nilai_pm, CASE 
            WHEN COUNT(DISTINCT a.id_indikator) = 0 THEN NULL  
            WHEN COUNT(DISTINCT n_pm.id_pm_satker) = 0 THEN 0  
            ELSE (COUNT(DISTINCT n_pm.id_pm_satker) * 100.0 / COUNT(DISTINCT a.id_indikator)) 
        END AS presentase_pm, COUNT(DISTINCT n_pk.id_pm_satker) AS jumlah_nilai_pk, CASE 
            WHEN COUNT(DISTINCT a.id_indikator) = 0 THEN NULL  
            WHEN COUNT(DISTINCT n_pk.id_pm_satker) = 0 THEN 0  
            ELSE (COUNT(DISTINCT n_pk.id_pm_satker) * 100.0 / COUNT(DISTINCT a.id_indikator)) 
        END AS presentase_pk, COUNT(DISTINCT n_lvl.id_pm_satker) AS jumlah_nilai_lvl, CASE 
            WHEN COUNT(DISTINCT a.id_indikator) = 0 THEN NULL  
            WHEN COUNT(DISTINCT n_lvl.id_pm_satker) = 0 THEN 0  
            ELSE (COUNT(DISTINCT n_lvl.id_pm_satker) * 100.0 / COUNT(DISTINCT a.id_indikator)) 
        END AS presentase_lvl
FROM `pm_satker` as `a`
LEFT JOIN `nilai_pm` as `n_pm` ON `n_pm`.`id_pm_satker` = `a`.`id_pm_satker` AND `n_pm`.`id_satker` =  AND `n_pm`.`thn_dipa` = 2024
LEFT JOIN `nilai_pk` as `n_pk` ON `n_pk`.`id_pm_satker` = `a`.`id_pm_satker` AND `n_pk`.`id_satker` =  AND `n_pk`.`thn_dipa` = 2024
LEFT JOIN `nilai_level` as `n_lvl` ON `n_lvl`.`id_pm_satker` = `a`.`id_pm_satker` AND `n_lvl`.`id_satker` =  AND `n_lvl`.`thn_dipa` = 2024
GROUP BY `a`.`id_unsur`')
 3 SYSTEMPATH\Database\BaseConnection.php(648): CodeIgniter\Database\BaseConnection->simpleQuery('SELECT `a`.`id_unsur`, COUNT(DISTINCT a.id_indikator) AS jumlah_pm_satker, COUNT(DISTINCT n_pm.id_pm_satker) AS jumlah_nilai_pm, CASE 
            WHEN COUNT(DISTINCT a.id_indikator) = 0 THEN NULL  
            WHEN COUNT(DISTINCT n_pm.id_pm_satker) = 0 THEN 0  
            ELSE (COUNT(DISTINCT n_pm.id_pm_satker) * 100.0 / COUNT(DISTINCT a.id_indikator)) 
        END AS presentase_pm, COUNT(DISTINCT n_pk.id_pm_satker) AS jumlah_nilai_pk, CASE 
            WHEN COUNT(DISTINCT a.id_indikator) = 0 THEN NULL  
            WHEN COUNT(DISTINCT n_pk.id_pm_satker) = 0 THEN 0  
            ELSE (COUNT(DISTINCT n_pk.id_pm_satker) * 100.0 / COUNT(DISTINCT a.id_indikator)) 
        END AS presentase_pk, COUNT(DISTINCT n_lvl.id_pm_satker) AS jumlah_nilai_lvl, CASE 
            WHEN COUNT(DISTINCT a.id_indikator) = 0 THEN NULL  
            WHEN COUNT(DISTINCT n_lvl.id_pm_satker) = 0 THEN 0  
            ELSE (COUNT(DISTINCT n_lvl.id_pm_satker) * 100.0 / COUNT(DISTINCT a.id_indikator)) 
        END AS presentase_lvl
FROM `pm_satker` as `a`
LEFT JOIN `nilai_pm` as `n_pm` ON `n_pm`.`id_pm_satker` = `a`.`id_pm_satker` AND `n_pm`.`id_satker` =  AND `n_pm`.`thn_dipa` = 2024
LEFT JOIN `nilai_pk` as `n_pk` ON `n_pk`.`id_pm_satker` = `a`.`id_pm_satker` AND `n_pk`.`id_satker` =  AND `n_pk`.`thn_dipa` = 2024
LEFT JOIN `nilai_level` as `n_lvl` ON `n_lvl`.`id_pm_satker` = `a`.`id_pm_satker` AND `n_lvl`.`id_satker` =  AND `n_lvl`.`thn_dipa` = 2024
GROUP BY `a`.`id_unsur`')
 4 SYSTEMPATH\Database\BaseBuilder.php(1644): CodeIgniter\Database\BaseConnection->query('SELECT `a`.`id_unsur`, COUNT(DISTINCT a.id_indikator) AS jumlah_pm_satker, COUNT(DISTINCT n_pm.id_pm_satker) AS jumlah_nilai_pm, CASE 
            WHEN COUNT(DISTINCT a.id_indikator) = 0 THEN NULL  
            WHEN COUNT(DISTINCT n_pm.id_pm_satker) = 0 THEN 0  
            ELSE (COUNT(DISTINCT n_pm.id_pm_satker) * 100.0 / COUNT(DISTINCT a.id_indikator)) 
        END AS presentase_pm, COUNT(DISTINCT n_pk.id_pm_satker) AS jumlah_nilai_pk, CASE 
            WHEN COUNT(DISTINCT a.id_indikator) = 0 THEN NULL  
            WHEN COUNT(DISTINCT n_pk.id_pm_satker) = 0 THEN 0  
            ELSE (COUNT(DISTINCT n_pk.id_pm_satker) * 100.0 / COUNT(DISTINCT a.id_indikator)) 
        END AS presentase_pk, COUNT(DISTINCT n_lvl.id_pm_satker) AS jumlah_nilai_lvl, CASE 
            WHEN COUNT(DISTINCT a.id_indikator) = 0 THEN NULL  
            WHEN COUNT(DISTINCT n_lvl.id_pm_satker) = 0 THEN 0  
            ELSE (COUNT(DISTINCT n_lvl.id_pm_satker) * 100.0 / COUNT(DISTINCT a.id_indikator)) 
        END AS presentase_lvl
FROM `pm_satker` as `a`
LEFT JOIN `nilai_pm` as `n_pm` ON `n_pm`.`id_pm_satker` = `a`.`id_pm_satker` AND `n_pm`.`id_satker` =  AND `n_pm`.`thn_dipa` = 2024
LEFT JOIN `nilai_pk` as `n_pk` ON `n_pk`.`id_pm_satker` = `a`.`id_pm_satker` AND `n_pk`.`id_satker` =  AND `n_pk`.`thn_dipa` = 2024
LEFT JOIN `nilai_level` as `n_lvl` ON `n_lvl`.`id_pm_satker` = `a`.`id_pm_satker` AND `n_lvl`.`id_satker` =  AND `n_lvl`.`thn_dipa` = 2024
GROUP BY `a`.`id_unsur`', [], false)
 5 APPPATH\Models\NilaiPMModel.php(90): CodeIgniter\Database\BaseBuilder->get()
 6 APPPATH\Controllers\CMS.php(101): App\Models\NilaiPMModel->precentage(null, '2024')
 7 SYSTEMPATH\CodeIgniter.php(933): App\Controllers\CMS->dash_pm()
 8 SYSTEMPATH\CodeIgniter.php(509): CodeIgniter\CodeIgniter->runController(Object(App\Controllers\CMS))
 9 SYSTEMPATH\CodeIgniter.php(355): CodeIgniter\CodeIgniter->handleRequest(null, Object(Config\Cache), false)
10 SYSTEMPATH\Boot.php(325): CodeIgniter\CodeIgniter->run()
11 SYSTEMPATH\Boot.php(67): CodeIgniter\Boot::runCodeIgniter(Object(CodeIgniter\CodeIgniter))
12 FCPATH\index.php(56): CodeIgniter\Boot::bootWeb(Object(Config\Paths))
13 SYSTEMPATH\rewrite.php(44): require_once('D:\\SKI\\SKI2025\\SKI2025\\public\\index.php')
INFO - 2025-07-29 02:03:00 --> Session: Class initialized using 'CodeIgniter\Session\Handlers\FileHandler' driver.
ERROR - 2025-07-29 02:03:00 --> mysqli_sql_exception: You have an error in your SQL syntax; check the manual that corresponds to your MariaDB server version for the right syntax to use near 'AND `n_pm`.`thn_dipa` = 2024
LEFT JOIN `nilai_pk` as `n_pk` ON `n_pk`.`id_pm_...' at line 15 in D:\SKI\SKI2025\SKI2025\system\Database\MySQLi\Connection.php:312
Stack trace:
#0 D:\SKI\SKI2025\SKI2025\system\Database\MySQLi\Connection.php(312): mysqli->query('SELECT `a`.`id_...', 0)
#1 D:\SKI\SKI2025\SKI2025\system\Database\BaseConnection.php(734): CodeIgniter\Database\MySQLi\Connection->execute('SELECT `a`.`id_...')
#2 D:\SKI\SKI2025\SKI2025\system\Database\BaseConnection.php(648): CodeIgniter\Database\BaseConnection->simpleQuery('SELECT `a`.`id_...')
#3 D:\SKI\SKI2025\SKI2025\system\Database\BaseBuilder.php(1644): CodeIgniter\Database\BaseConnection->query('SELECT `a`.`id_...', Array, false)
#4 D:\SKI\SKI2025\SKI2025\app\Models\NilaiPMModel.php(90): CodeIgniter\Database\BaseBuilder->get()
#5 D:\SKI\SKI2025\SKI2025\app\Controllers\CMS.php(101): App\Models\NilaiPMModel->precentage(NULL, '2024')
#6 D:\SKI\SKI2025\SKI2025\system\CodeIgniter.php(933): App\Controllers\CMS->dash_pm()
#7 D:\SKI\SKI2025\SKI2025\system\CodeIgniter.php(509): CodeIgniter\CodeIgniter->runController(Object(App\Controllers\CMS))
#8 D:\SKI\SKI2025\SKI2025\system\CodeIgniter.php(355): CodeIgniter\CodeIgniter->handleRequest(NULL, Object(Config\Cache), false)
#9 D:\SKI\SKI2025\SKI2025\system\Boot.php(325): CodeIgniter\CodeIgniter->run()
#10 D:\SKI\SKI2025\SKI2025\system\Boot.php(67): CodeIgniter\Boot::runCodeIgniter(Object(CodeIgniter\CodeIgniter))
#11 D:\SKI\SKI2025\SKI2025\public\index.php(56): CodeIgniter\Boot::bootWeb(Object(Config\Paths))
#12 D:\SKI\SKI2025\SKI2025\system\rewrite.php(44): require_once('D:\\SKI\\SKI2025\\...')
#13 {main}
CRITICAL - 2025-07-29 02:03:00 --> CodeIgniter\Database\Exceptions\DatabaseException: You have an error in your SQL syntax; check the manual that corresponds to your MariaDB server version for the right syntax to use near 'AND `n_pm`.`thn_dipa` = 2024
LEFT JOIN `nilai_pk` as `n_pk` ON `n_pk`.`id_pm_...' at line 15
[Method: GET, Route: cms/dashPm]
in SYSTEMPATH\Database\BaseConnection.php on line 688.
 1 SYSTEMPATH\Database\BaseBuilder.php(1644): CodeIgniter\Database\BaseConnection->query('SELECT `a`.`id_unsur`, COUNT(DISTINCT a.id_indikator) AS jumlah_pm_satker, COUNT(DISTINCT n_pm.id_pm_satker) AS jumlah_nilai_pm, CASE 
            WHEN COUNT(DISTINCT a.id_indikator) = 0 THEN NULL  
            WHEN COUNT(DISTINCT n_pm.id_pm_satker) = 0 THEN 0  
            ELSE (COUNT(DISTINCT n_pm.id_pm_satker) * 100.0 / COUNT(DISTINCT a.id_indikator)) 
        END AS presentase_pm, COUNT(DISTINCT n_pk.id_pm_satker) AS jumlah_nilai_pk, CASE 
            WHEN COUNT(DISTINCT a.id_indikator) = 0 THEN NULL  
            WHEN COUNT(DISTINCT n_pk.id_pm_satker) = 0 THEN 0  
            ELSE (COUNT(DISTINCT n_pk.id_pm_satker) * 100.0 / COUNT(DISTINCT a.id_indikator)) 
        END AS presentase_pk, COUNT(DISTINCT n_lvl.id_pm_satker) AS jumlah_nilai_lvl, CASE 
            WHEN COUNT(DISTINCT a.id_indikator) = 0 THEN NULL  
            WHEN COUNT(DISTINCT n_lvl.id_pm_satker) = 0 THEN 0  
            ELSE (COUNT(DISTINCT n_lvl.id_pm_satker) * 100.0 / COUNT(DISTINCT a.id_indikator)) 
        END AS presentase_lvl
FROM `pm_satker` as `a`
LEFT JOIN `nilai_pm` as `n_pm` ON `n_pm`.`id_pm_satker` = `a`.`id_pm_satker` AND `n_pm`.`id_satker` =  AND `n_pm`.`thn_dipa` = 2024
LEFT JOIN `nilai_pk` as `n_pk` ON `n_pk`.`id_pm_satker` = `a`.`id_pm_satker` AND `n_pk`.`id_satker` =  AND `n_pk`.`thn_dipa` = 2024
LEFT JOIN `nilai_level` as `n_lvl` ON `n_lvl`.`id_pm_satker` = `a`.`id_pm_satker` AND `n_lvl`.`id_satker` =  AND `n_lvl`.`thn_dipa` = 2024
GROUP BY `a`.`id_unsur`', [], false)
 2 APPPATH\Models\NilaiPMModel.php(90): CodeIgniter\Database\BaseBuilder->get()
 3 APPPATH\Controllers\CMS.php(101): App\Models\NilaiPMModel->precentage(null, '2024')
 4 SYSTEMPATH\CodeIgniter.php(933): App\Controllers\CMS->dash_pm()
 5 SYSTEMPATH\CodeIgniter.php(509): CodeIgniter\CodeIgniter->runController(Object(App\Controllers\CMS))
 6 SYSTEMPATH\CodeIgniter.php(355): CodeIgniter\CodeIgniter->handleRequest(null, Object(Config\Cache), false)
 7 SYSTEMPATH\Boot.php(325): CodeIgniter\CodeIgniter->run()
 8 SYSTEMPATH\Boot.php(67): CodeIgniter\Boot::runCodeIgniter(Object(CodeIgniter\CodeIgniter))
 9 FCPATH\index.php(56): CodeIgniter\Boot::bootWeb(Object(Config\Paths))
10 SYSTEMPATH\rewrite.php(44): require_once('D:\\SKI\\SKI2025\\SKI2025\\public\\index.php')
CRITICAL - 2025-07-29 02:03:00 --> [Caused by] CodeIgniter\Database\Exceptions\DatabaseException: You have an error in your SQL syntax; check the manual that corresponds to your MariaDB server version for the right syntax to use near 'AND `n_pm`.`thn_dipa` = 2024
LEFT JOIN `nilai_pk` as `n_pk` ON `n_pk`.`id_pm_...' at line 15
in SYSTEMPATH\Database\MySQLi\Connection.php on line 317.
 1 SYSTEMPATH\Database\BaseConnection.php(734): CodeIgniter\Database\MySQLi\Connection->execute('SELECT `a`.`id_unsur`, COUNT(DISTINCT a.id_indikator) AS jumlah_pm_satker, COUNT(DISTINCT n_pm.id_pm_satker) AS jumlah_nilai_pm, CASE 
            WHEN COUNT(DISTINCT a.id_indikator) = 0 THEN NULL  
            WHEN COUNT(DISTINCT n_pm.id_pm_satker) = 0 THEN 0  
            ELSE (COUNT(DISTINCT n_pm.id_pm_satker) * 100.0 / COUNT(DISTINCT a.id_indikator)) 
        END AS presentase_pm, COUNT(DISTINCT n_pk.id_pm_satker) AS jumlah_nilai_pk, CASE 
            WHEN COUNT(DISTINCT a.id_indikator) = 0 THEN NULL  
            WHEN COUNT(DISTINCT n_pk.id_pm_satker) = 0 THEN 0  
            ELSE (COUNT(DISTINCT n_pk.id_pm_satker) * 100.0 / COUNT(DISTINCT a.id_indikator)) 
        END AS presentase_pk, COUNT(DISTINCT n_lvl.id_pm_satker) AS jumlah_nilai_lvl, CASE 
            WHEN COUNT(DISTINCT a.id_indikator) = 0 THEN NULL  
            WHEN COUNT(DISTINCT n_lvl.id_pm_satker) = 0 THEN 0  
            ELSE (COUNT(DISTINCT n_lvl.id_pm_satker) * 100.0 / COUNT(DISTINCT a.id_indikator)) 
        END AS presentase_lvl
FROM `pm_satker` as `a`
LEFT JOIN `nilai_pm` as `n_pm` ON `n_pm`.`id_pm_satker` = `a`.`id_pm_satker` AND `n_pm`.`id_satker` =  AND `n_pm`.`thn_dipa` = 2024
LEFT JOIN `nilai_pk` as `n_pk` ON `n_pk`.`id_pm_satker` = `a`.`id_pm_satker` AND `n_pk`.`id_satker` =  AND `n_pk`.`thn_dipa` = 2024
LEFT JOIN `nilai_level` as `n_lvl` ON `n_lvl`.`id_pm_satker` = `a`.`id_pm_satker` AND `n_lvl`.`id_satker` =  AND `n_lvl`.`thn_dipa` = 2024
GROUP BY `a`.`id_unsur`')
 2 SYSTEMPATH\Database\BaseConnection.php(648): CodeIgniter\Database\BaseConnection->simpleQuery('SELECT `a`.`id_unsur`, COUNT(DISTINCT a.id_indikator) AS jumlah_pm_satker, COUNT(DISTINCT n_pm.id_pm_satker) AS jumlah_nilai_pm, CASE 
            WHEN COUNT(DISTINCT a.id_indikator) = 0 THEN NULL  
            WHEN COUNT(DISTINCT n_pm.id_pm_satker) = 0 THEN 0  
            ELSE (COUNT(DISTINCT n_pm.id_pm_satker) * 100.0 / COUNT(DISTINCT a.id_indikator)) 
        END AS presentase_pm, COUNT(DISTINCT n_pk.id_pm_satker) AS jumlah_nilai_pk, CASE 
            WHEN COUNT(DISTINCT a.id_indikator) = 0 THEN NULL  
            WHEN COUNT(DISTINCT n_pk.id_pm_satker) = 0 THEN 0  
            ELSE (COUNT(DISTINCT n_pk.id_pm_satker) * 100.0 / COUNT(DISTINCT a.id_indikator)) 
        END AS presentase_pk, COUNT(DISTINCT n_lvl.id_pm_satker) AS jumlah_nilai_lvl, CASE 
            WHEN COUNT(DISTINCT a.id_indikator) = 0 THEN NULL  
            WHEN COUNT(DISTINCT n_lvl.id_pm_satker) = 0 THEN 0  
            ELSE (COUNT(DISTINCT n_lvl.id_pm_satker) * 100.0 / COUNT(DISTINCT a.id_indikator)) 
        END AS presentase_lvl
FROM `pm_satker` as `a`
LEFT JOIN `nilai_pm` as `n_pm` ON `n_pm`.`id_pm_satker` = `a`.`id_pm_satker` AND `n_pm`.`id_satker` =  AND `n_pm`.`thn_dipa` = 2024
LEFT JOIN `nilai_pk` as `n_pk` ON `n_pk`.`id_pm_satker` = `a`.`id_pm_satker` AND `n_pk`.`id_satker` =  AND `n_pk`.`thn_dipa` = 2024
LEFT JOIN `nilai_level` as `n_lvl` ON `n_lvl`.`id_pm_satker` = `a`.`id_pm_satker` AND `n_lvl`.`id_satker` =  AND `n_lvl`.`thn_dipa` = 2024
GROUP BY `a`.`id_unsur`')
 3 SYSTEMPATH\Database\BaseBuilder.php(1644): CodeIgniter\Database\BaseConnection->query('SELECT `a`.`id_unsur`, COUNT(DISTINCT a.id_indikator) AS jumlah_pm_satker, COUNT(DISTINCT n_pm.id_pm_satker) AS jumlah_nilai_pm, CASE 
            WHEN COUNT(DISTINCT a.id_indikator) = 0 THEN NULL  
            WHEN COUNT(DISTINCT n_pm.id_pm_satker) = 0 THEN 0  
            ELSE (COUNT(DISTINCT n_pm.id_pm_satker) * 100.0 / COUNT(DISTINCT a.id_indikator)) 
        END AS presentase_pm, COUNT(DISTINCT n_pk.id_pm_satker) AS jumlah_nilai_pk, CASE 
            WHEN COUNT(DISTINCT a.id_indikator) = 0 THEN NULL  
            WHEN COUNT(DISTINCT n_pk.id_pm_satker) = 0 THEN 0  
            ELSE (COUNT(DISTINCT n_pk.id_pm_satker) * 100.0 / COUNT(DISTINCT a.id_indikator)) 
        END AS presentase_pk, COUNT(DISTINCT n_lvl.id_pm_satker) AS jumlah_nilai_lvl, CASE 
            WHEN COUNT(DISTINCT a.id_indikator) = 0 THEN NULL  
            WHEN COUNT(DISTINCT n_lvl.id_pm_satker) = 0 THEN 0  
            ELSE (COUNT(DISTINCT n_lvl.id_pm_satker) * 100.0 / COUNT(DISTINCT a.id_indikator)) 
        END AS presentase_lvl
FROM `pm_satker` as `a`
LEFT JOIN `nilai_pm` as `n_pm` ON `n_pm`.`id_pm_satker` = `a`.`id_pm_satker` AND `n_pm`.`id_satker` =  AND `n_pm`.`thn_dipa` = 2024
LEFT JOIN `nilai_pk` as `n_pk` ON `n_pk`.`id_pm_satker` = `a`.`id_pm_satker` AND `n_pk`.`id_satker` =  AND `n_pk`.`thn_dipa` = 2024
LEFT JOIN `nilai_level` as `n_lvl` ON `n_lvl`.`id_pm_satker` = `a`.`id_pm_satker` AND `n_lvl`.`id_satker` =  AND `n_lvl`.`thn_dipa` = 2024
GROUP BY `a`.`id_unsur`', [], false)
 4 APPPATH\Models\NilaiPMModel.php(90): CodeIgniter\Database\BaseBuilder->get()
 5 APPPATH\Controllers\CMS.php(101): App\Models\NilaiPMModel->precentage(null, '2024')
 6 SYSTEMPATH\CodeIgniter.php(933): App\Controllers\CMS->dash_pm()
 7 SYSTEMPATH\CodeIgniter.php(509): CodeIgniter\CodeIgniter->runController(Object(App\Controllers\CMS))
 8 SYSTEMPATH\CodeIgniter.php(355): CodeIgniter\CodeIgniter->handleRequest(null, Object(Config\Cache), false)
 9 SYSTEMPATH\Boot.php(325): CodeIgniter\CodeIgniter->run()
10 SYSTEMPATH\Boot.php(67): CodeIgniter\Boot::runCodeIgniter(Object(CodeIgniter\CodeIgniter))
11 FCPATH\index.php(56): CodeIgniter\Boot::bootWeb(Object(Config\Paths))
12 SYSTEMPATH\rewrite.php(44): require_once('D:\\SKI\\SKI2025\\SKI2025\\public\\index.php')
CRITICAL - 2025-07-29 02:03:00 --> [Caused by] mysqli_sql_exception: You have an error in your SQL syntax; check the manual that corresponds to your MariaDB server version for the right syntax to use near 'AND `n_pm`.`thn_dipa` = 2024
LEFT JOIN `nilai_pk` as `n_pk` ON `n_pk`.`id_pm_...' at line 15
in SYSTEMPATH\Database\MySQLi\Connection.php on line 312.
 1 SYSTEMPATH\Database\MySQLi\Connection.php(312): mysqli->query('SELECT `a`.`id_unsur`, COUNT(DISTINCT a.id_indikator) AS jumlah_pm_satker, COUNT(DISTINCT n_pm.id_pm_satker) AS jumlah_nilai_pm, CASE 
            WHEN COUNT(DISTINCT a.id_indikator) = 0 THEN NULL  
            WHEN COUNT(DISTINCT n_pm.id_pm_satker) = 0 THEN 0  
            ELSE (COUNT(DISTINCT n_pm.id_pm_satker) * 100.0 / COUNT(DISTINCT a.id_indikator)) 
        END AS presentase_pm, COUNT(DISTINCT n_pk.id_pm_satker) AS jumlah_nilai_pk, CASE 
            WHEN COUNT(DISTINCT a.id_indikator) = 0 THEN NULL  
            WHEN COUNT(DISTINCT n_pk.id_pm_satker) = 0 THEN 0  
            ELSE (COUNT(DISTINCT n_pk.id_pm_satker) * 100.0 / COUNT(DISTINCT a.id_indikator)) 
        END AS presentase_pk, COUNT(DISTINCT n_lvl.id_pm_satker) AS jumlah_nilai_lvl, CASE 
            WHEN COUNT(DISTINCT a.id_indikator) = 0 THEN NULL  
            WHEN COUNT(DISTINCT n_lvl.id_pm_satker) = 0 THEN 0  
            ELSE (COUNT(DISTINCT n_lvl.id_pm_satker) * 100.0 / COUNT(DISTINCT a.id_indikator)) 
        END AS presentase_lvl
FROM `pm_satker` as `a`
LEFT JOIN `nilai_pm` as `n_pm` ON `n_pm`.`id_pm_satker` = `a`.`id_pm_satker` AND `n_pm`.`id_satker` =  AND `n_pm`.`thn_dipa` = 2024
LEFT JOIN `nilai_pk` as `n_pk` ON `n_pk`.`id_pm_satker` = `a`.`id_pm_satker` AND `n_pk`.`id_satker` =  AND `n_pk`.`thn_dipa` = 2024
LEFT JOIN `nilai_level` as `n_lvl` ON `n_lvl`.`id_pm_satker` = `a`.`id_pm_satker` AND `n_lvl`.`id_satker` =  AND `n_lvl`.`thn_dipa` = 2024
GROUP BY `a`.`id_unsur`', 0)
 2 SYSTEMPATH\Database\BaseConnection.php(734): CodeIgniter\Database\MySQLi\Connection->execute('SELECT `a`.`id_unsur`, COUNT(DISTINCT a.id_indikator) AS jumlah_pm_satker, COUNT(DISTINCT n_pm.id_pm_satker) AS jumlah_nilai_pm, CASE 
            WHEN COUNT(DISTINCT a.id_indikator) = 0 THEN NULL  
            WHEN COUNT(DISTINCT n_pm.id_pm_satker) = 0 THEN 0  
            ELSE (COUNT(DISTINCT n_pm.id_pm_satker) * 100.0 / COUNT(DISTINCT a.id_indikator)) 
        END AS presentase_pm, COUNT(DISTINCT n_pk.id_pm_satker) AS jumlah_nilai_pk, CASE 
            WHEN COUNT(DISTINCT a.id_indikator) = 0 THEN NULL  
            WHEN COUNT(DISTINCT n_pk.id_pm_satker) = 0 THEN 0  
            ELSE (COUNT(DISTINCT n_pk.id_pm_satker) * 100.0 / COUNT(DISTINCT a.id_indikator)) 
        END AS presentase_pk, COUNT(DISTINCT n_lvl.id_pm_satker) AS jumlah_nilai_lvl, CASE 
            WHEN COUNT(DISTINCT a.id_indikator) = 0 THEN NULL  
            WHEN COUNT(DISTINCT n_lvl.id_pm_satker) = 0 THEN 0  
            ELSE (COUNT(DISTINCT n_lvl.id_pm_satker) * 100.0 / COUNT(DISTINCT a.id_indikator)) 
        END AS presentase_lvl
FROM `pm_satker` as `a`
LEFT JOIN `nilai_pm` as `n_pm` ON `n_pm`.`id_pm_satker` = `a`.`id_pm_satker` AND `n_pm`.`id_satker` =  AND `n_pm`.`thn_dipa` = 2024
LEFT JOIN `nilai_pk` as `n_pk` ON `n_pk`.`id_pm_satker` = `a`.`id_pm_satker` AND `n_pk`.`id_satker` =  AND `n_pk`.`thn_dipa` = 2024
LEFT JOIN `nilai_level` as `n_lvl` ON `n_lvl`.`id_pm_satker` = `a`.`id_pm_satker` AND `n_lvl`.`id_satker` =  AND `n_lvl`.`thn_dipa` = 2024
GROUP BY `a`.`id_unsur`')
 3 SYSTEMPATH\Database\BaseConnection.php(648): CodeIgniter\Database\BaseConnection->simpleQuery('SELECT `a`.`id_unsur`, COUNT(DISTINCT a.id_indikator) AS jumlah_pm_satker, COUNT(DISTINCT n_pm.id_pm_satker) AS jumlah_nilai_pm, CASE 
            WHEN COUNT(DISTINCT a.id_indikator) = 0 THEN NULL  
            WHEN COUNT(DISTINCT n_pm.id_pm_satker) = 0 THEN 0  
            ELSE (COUNT(DISTINCT n_pm.id_pm_satker) * 100.0 / COUNT(DISTINCT a.id_indikator)) 
        END AS presentase_pm, COUNT(DISTINCT n_pk.id_pm_satker) AS jumlah_nilai_pk, CASE 
            WHEN COUNT(DISTINCT a.id_indikator) = 0 THEN NULL  
            WHEN COUNT(DISTINCT n_pk.id_pm_satker) = 0 THEN 0  
            ELSE (COUNT(DISTINCT n_pk.id_pm_satker) * 100.0 / COUNT(DISTINCT a.id_indikator)) 
        END AS presentase_pk, COUNT(DISTINCT n_lvl.id_pm_satker) AS jumlah_nilai_lvl, CASE 
            WHEN COUNT(DISTINCT a.id_indikator) = 0 THEN NULL  
            WHEN COUNT(DISTINCT n_lvl.id_pm_satker) = 0 THEN 0  
            ELSE (COUNT(DISTINCT n_lvl.id_pm_satker) * 100.0 / COUNT(DISTINCT a.id_indikator)) 
        END AS presentase_lvl
FROM `pm_satker` as `a`
LEFT JOIN `nilai_pm` as `n_pm` ON `n_pm`.`id_pm_satker` = `a`.`id_pm_satker` AND `n_pm`.`id_satker` =  AND `n_pm`.`thn_dipa` = 2024
LEFT JOIN `nilai_pk` as `n_pk` ON `n_pk`.`id_pm_satker` = `a`.`id_pm_satker` AND `n_pk`.`id_satker` =  AND `n_pk`.`thn_dipa` = 2024
LEFT JOIN `nilai_level` as `n_lvl` ON `n_lvl`.`id_pm_satker` = `a`.`id_pm_satker` AND `n_lvl`.`id_satker` =  AND `n_lvl`.`thn_dipa` = 2024
GROUP BY `a`.`id_unsur`')
 4 SYSTEMPATH\Database\BaseBuilder.php(1644): CodeIgniter\Database\BaseConnection->query('SELECT `a`.`id_unsur`, COUNT(DISTINCT a.id_indikator) AS jumlah_pm_satker, COUNT(DISTINCT n_pm.id_pm_satker) AS jumlah_nilai_pm, CASE 
            WHEN COUNT(DISTINCT a.id_indikator) = 0 THEN NULL  
            WHEN COUNT(DISTINCT n_pm.id_pm_satker) = 0 THEN 0  
            ELSE (COUNT(DISTINCT n_pm.id_pm_satker) * 100.0 / COUNT(DISTINCT a.id_indikator)) 
        END AS presentase_pm, COUNT(DISTINCT n_pk.id_pm_satker) AS jumlah_nilai_pk, CASE 
            WHEN COUNT(DISTINCT a.id_indikator) = 0 THEN NULL  
            WHEN COUNT(DISTINCT n_pk.id_pm_satker) = 0 THEN 0  
            ELSE (COUNT(DISTINCT n_pk.id_pm_satker) * 100.0 / COUNT(DISTINCT a.id_indikator)) 
        END AS presentase_pk, COUNT(DISTINCT n_lvl.id_pm_satker) AS jumlah_nilai_lvl, CASE 
            WHEN COUNT(DISTINCT a.id_indikator) = 0 THEN NULL  
            WHEN COUNT(DISTINCT n_lvl.id_pm_satker) = 0 THEN 0  
            ELSE (COUNT(DISTINCT n_lvl.id_pm_satker) * 100.0 / COUNT(DISTINCT a.id_indikator)) 
        END AS presentase_lvl
FROM `pm_satker` as `a`
LEFT JOIN `nilai_pm` as `n_pm` ON `n_pm`.`id_pm_satker` = `a`.`id_pm_satker` AND `n_pm`.`id_satker` =  AND `n_pm`.`thn_dipa` = 2024
LEFT JOIN `nilai_pk` as `n_pk` ON `n_pk`.`id_pm_satker` = `a`.`id_pm_satker` AND `n_pk`.`id_satker` =  AND `n_pk`.`thn_dipa` = 2024
LEFT JOIN `nilai_level` as `n_lvl` ON `n_lvl`.`id_pm_satker` = `a`.`id_pm_satker` AND `n_lvl`.`id_satker` =  AND `n_lvl`.`thn_dipa` = 2024
GROUP BY `a`.`id_unsur`', [], false)
 5 APPPATH\Models\NilaiPMModel.php(90): CodeIgniter\Database\BaseBuilder->get()
 6 APPPATH\Controllers\CMS.php(101): App\Models\NilaiPMModel->precentage(null, '2024')
 7 SYSTEMPATH\CodeIgniter.php(933): App\Controllers\CMS->dash_pm()
 8 SYSTEMPATH\CodeIgniter.php(509): CodeIgniter\CodeIgniter->runController(Object(App\Controllers\CMS))
 9 SYSTEMPATH\CodeIgniter.php(355): CodeIgniter\CodeIgniter->handleRequest(null, Object(Config\Cache), false)
10 SYSTEMPATH\Boot.php(325): CodeIgniter\CodeIgniter->run()
11 SYSTEMPATH\Boot.php(67): CodeIgniter\Boot::runCodeIgniter(Object(CodeIgniter\CodeIgniter))
12 FCPATH\index.php(56): CodeIgniter\Boot::bootWeb(Object(Config\Paths))
13 SYSTEMPATH\rewrite.php(44): require_once('D:\\SKI\\SKI2025\\SKI2025\\public\\index.php')
INFO - 2025-07-29 02:04:23 --> Session: Class initialized using 'CodeIgniter\Session\Handlers\FileHandler' driver.
CRITICAL - 2025-07-29 02:04:23 --> ErrorException: Undefined variable $precentage
[Method: GET, Route: cms/dashPm]
in APPPATH\Controllers\CMS.php on line 109.
 1 APPPATH\Controllers\CMS.php(109): CodeIgniter\Debug\Exceptions->errorHandler(2, 'Undefined variable $precentage', 'D:\\SKI\\SKI2025\\SKI2025\\app\\Controllers\\CMS.php', 109)
 2 SYSTEMPATH\CodeIgniter.php(933): App\Controllers\CMS->dash_pm()
 3 SYSTEMPATH\CodeIgniter.php(509): CodeIgniter\CodeIgniter->runController(Object(App\Controllers\CMS))
 4 SYSTEMPATH\CodeIgniter.php(355): CodeIgniter\CodeIgniter->handleRequest(null, Object(Config\Cache), false)
 5 SYSTEMPATH\Boot.php(325): CodeIgniter\CodeIgniter->run()
 6 SYSTEMPATH\Boot.php(67): CodeIgniter\Boot::runCodeIgniter(Object(CodeIgniter\CodeIgniter))
 7 FCPATH\index.php(56): CodeIgniter\Boot::bootWeb(Object(Config\Paths))
 8 SYSTEMPATH\rewrite.php(44): require_once('D:\\SKI\\SKI2025\\SKI2025\\public\\index.php')
INFO - 2025-07-29 02:05:17 --> Session: Class initialized using 'CodeIgniter\Session\Handlers\FileHandler' driver.
CRITICAL - 2025-07-29 02:05:17 --> ErrorException: Undefined variable $persen
[Method: GET, Route: cms/dashPm]
in APPPATH\Views\penilaianMandiri\dashboard.php on line 13.
 1 APPPATH\Views\penilaianMandiri\dashboard.php(13): CodeIgniter\Debug\Exceptions->errorHandler(2, 'Undefined variable $persen', 'D:\\SKI\\SKI2025\\SKI2025\\app\\Views\\penilaianMandiri\\dashboard.php', 13)
 2 SYSTEMPATH\View\View.php(234): include('D:\\SKI\\SKI2025\\SKI2025\\app\\Views\\penilaianMandiri\\dashboard.php')
 3 SYSTEMPATH\View\View.php(237): CodeIgniter\View\View->CodeIgniter\View\{closure}()
 4 SYSTEMPATH\Common.php(1171): CodeIgniter\View\View->render('/penilaianMandiri/dashboard', [], true)
 5 APPPATH\Controllers\CMS.php(117): view('/penilaianMandiri/dashboard', [...])
 6 SYSTEMPATH\CodeIgniter.php(933): App\Controllers\CMS->dash_pm()
 7 SYSTEMPATH\CodeIgniter.php(509): CodeIgniter\CodeIgniter->runController(Object(App\Controllers\CMS))
 8 SYSTEMPATH\CodeIgniter.php(355): CodeIgniter\CodeIgniter->handleRequest(null, Object(Config\Cache), false)
 9 SYSTEMPATH\Boot.php(325): CodeIgniter\CodeIgniter->run()
10 SYSTEMPATH\Boot.php(67): CodeIgniter\Boot::runCodeIgniter(Object(CodeIgniter\CodeIgniter))
11 FCPATH\index.php(56): CodeIgniter\Boot::bootWeb(Object(Config\Paths))
12 SYSTEMPATH\rewrite.php(44): require_once('D:\\SKI\\SKI2025\\SKI2025\\public\\index.php')
INFO - 2025-07-29 02:06:31 --> Session: Class initialized using 'CodeIgniter\Session\Handlers\FileHandler' driver.
ERROR - 2025-07-29 02:06:31 --> mysqli_sql_exception: You have an error in your SQL syntax; check the manual that corresponds to your MariaDB server version for the right syntax to use near 'AND `n_pm`.`thn_dipa` = 2024
LEFT JOIN `nilai_pk` as `n_pk` ON `n_pk`.`id_pm_...' at line 15 in D:\SKI\SKI2025\SKI2025\system\Database\MySQLi\Connection.php:312
Stack trace:
#0 D:\SKI\SKI2025\SKI2025\system\Database\MySQLi\Connection.php(312): mysqli->query('SELECT `a`.`id_...', 0)
#1 D:\SKI\SKI2025\SKI2025\system\Database\BaseConnection.php(734): CodeIgniter\Database\MySQLi\Connection->execute('SELECT `a`.`id_...')
#2 D:\SKI\SKI2025\SKI2025\system\Database\BaseConnection.php(648): CodeIgniter\Database\BaseConnection->simpleQuery('SELECT `a`.`id_...')
#3 D:\SKI\SKI2025\SKI2025\system\Database\BaseBuilder.php(1644): CodeIgniter\Database\BaseConnection->query('SELECT `a`.`id_...', Array, false)
#4 D:\SKI\SKI2025\SKI2025\app\Models\NilaiPMModel.php(90): CodeIgniter\Database\BaseBuilder->get()
#5 D:\SKI\SKI2025\SKI2025\app\Controllers\CMS.php(101): App\Models\NilaiPMModel->precentage(NULL, '2024')
#6 D:\SKI\SKI2025\SKI2025\system\CodeIgniter.php(933): App\Controllers\CMS->dash_pm()
#7 D:\SKI\SKI2025\SKI2025\system\CodeIgniter.php(509): CodeIgniter\CodeIgniter->runController(Object(App\Controllers\CMS))
#8 D:\SKI\SKI2025\SKI2025\system\CodeIgniter.php(355): CodeIgniter\CodeIgniter->handleRequest(NULL, Object(Config\Cache), false)
#9 D:\SKI\SKI2025\SKI2025\system\Boot.php(325): CodeIgniter\CodeIgniter->run()
#10 D:\SKI\SKI2025\SKI2025\system\Boot.php(67): CodeIgniter\Boot::runCodeIgniter(Object(CodeIgniter\CodeIgniter))
#11 D:\SKI\SKI2025\SKI2025\public\index.php(56): CodeIgniter\Boot::bootWeb(Object(Config\Paths))
#12 D:\SKI\SKI2025\SKI2025\system\rewrite.php(44): require_once('D:\\SKI\\SKI2025\\...')
#13 {main}
CRITICAL - 2025-07-29 02:06:31 --> CodeIgniter\Database\Exceptions\DatabaseException: You have an error in your SQL syntax; check the manual that corresponds to your MariaDB server version for the right syntax to use near 'AND `n_pm`.`thn_dipa` = 2024
LEFT JOIN `nilai_pk` as `n_pk` ON `n_pk`.`id_pm_...' at line 15
[Method: GET, Route: cms/dashPm]
in SYSTEMPATH\Database\BaseConnection.php on line 688.
 1 SYSTEMPATH\Database\BaseBuilder.php(1644): CodeIgniter\Database\BaseConnection->query('SELECT `a`.`id_unsur`, COUNT(DISTINCT a.id_indikator) AS jumlah_pm_satker, COUNT(DISTINCT n_pm.id_pm_satker) AS jumlah_nilai_pm, CASE 
            WHEN COUNT(DISTINCT a.id_indikator) = 0 THEN NULL  
            WHEN COUNT(DISTINCT n_pm.id_pm_satker) = 0 THEN 0  
            ELSE (COUNT(DISTINCT n_pm.id_pm_satker) * 100.0 / COUNT(DISTINCT a.id_indikator)) 
        END AS presentase_pm, COUNT(DISTINCT n_pk.id_pm_satker) AS jumlah_nilai_pk, CASE 
            WHEN COUNT(DISTINCT a.id_indikator) = 0 THEN NULL  
            WHEN COUNT(DISTINCT n_pk.id_pm_satker) = 0 THEN 0  
            ELSE (COUNT(DISTINCT n_pk.id_pm_satker) * 100.0 / COUNT(DISTINCT a.id_indikator)) 
        END AS presentase_pk, COUNT(DISTINCT n_lvl.id_pm_satker) AS jumlah_nilai_lvl, CASE 
            WHEN COUNT(DISTINCT a.id_indikator) = 0 THEN NULL  
            WHEN COUNT(DISTINCT n_lvl.id_pm_satker) = 0 THEN 0  
            ELSE (COUNT(DISTINCT n_lvl.id_pm_satker) * 100.0 / COUNT(DISTINCT a.id_indikator)) 
        END AS presentase_lvl
FROM `pm_satker` as `a`
LEFT JOIN `nilai_pm` as `n_pm` ON `n_pm`.`id_pm_satker` = `a`.`id_pm_satker` AND `n_pm`.`id_satker` =  AND `n_pm`.`thn_dipa` = 2024
LEFT JOIN `nilai_pk` as `n_pk` ON `n_pk`.`id_pm_satker` = `a`.`id_pm_satker` AND `n_pk`.`id_satker` =  AND `n_pk`.`thn_dipa` = 2024
LEFT JOIN `nilai_level` as `n_lvl` ON `n_lvl`.`id_pm_satker` = `a`.`id_pm_satker` AND `n_lvl`.`id_satker` =  AND `n_lvl`.`thn_dipa` = 2024
GROUP BY `a`.`id_unsur`', [], false)
 2 APPPATH\Models\NilaiPMModel.php(90): CodeIgniter\Database\BaseBuilder->get()
 3 APPPATH\Controllers\CMS.php(101): App\Models\NilaiPMModel->precentage(null, '2024')
 4 SYSTEMPATH\CodeIgniter.php(933): App\Controllers\CMS->dash_pm()
 5 SYSTEMPATH\CodeIgniter.php(509): CodeIgniter\CodeIgniter->runController(Object(App\Controllers\CMS))
 6 SYSTEMPATH\CodeIgniter.php(355): CodeIgniter\CodeIgniter->handleRequest(null, Object(Config\Cache), false)
 7 SYSTEMPATH\Boot.php(325): CodeIgniter\CodeIgniter->run()
 8 SYSTEMPATH\Boot.php(67): CodeIgniter\Boot::runCodeIgniter(Object(CodeIgniter\CodeIgniter))
 9 FCPATH\index.php(56): CodeIgniter\Boot::bootWeb(Object(Config\Paths))
10 SYSTEMPATH\rewrite.php(44): require_once('D:\\SKI\\SKI2025\\SKI2025\\public\\index.php')
CRITICAL - 2025-07-29 02:06:31 --> [Caused by] CodeIgniter\Database\Exceptions\DatabaseException: You have an error in your SQL syntax; check the manual that corresponds to your MariaDB server version for the right syntax to use near 'AND `n_pm`.`thn_dipa` = 2024
LEFT JOIN `nilai_pk` as `n_pk` ON `n_pk`.`id_pm_...' at line 15
in SYSTEMPATH\Database\MySQLi\Connection.php on line 317.
 1 SYSTEMPATH\Database\BaseConnection.php(734): CodeIgniter\Database\MySQLi\Connection->execute('SELECT `a`.`id_unsur`, COUNT(DISTINCT a.id_indikator) AS jumlah_pm_satker, COUNT(DISTINCT n_pm.id_pm_satker) AS jumlah_nilai_pm, CASE 
            WHEN COUNT(DISTINCT a.id_indikator) = 0 THEN NULL  
            WHEN COUNT(DISTINCT n_pm.id_pm_satker) = 0 THEN 0  
            ELSE (COUNT(DISTINCT n_pm.id_pm_satker) * 100.0 / COUNT(DISTINCT a.id_indikator)) 
        END AS presentase_pm, COUNT(DISTINCT n_pk.id_pm_satker) AS jumlah_nilai_pk, CASE 
            WHEN COUNT(DISTINCT a.id_indikator) = 0 THEN NULL  
            WHEN COUNT(DISTINCT n_pk.id_pm_satker) = 0 THEN 0  
            ELSE (COUNT(DISTINCT n_pk.id_pm_satker) * 100.0 / COUNT(DISTINCT a.id_indikator)) 
        END AS presentase_pk, COUNT(DISTINCT n_lvl.id_pm_satker) AS jumlah_nilai_lvl, CASE 
            WHEN COUNT(DISTINCT a.id_indikator) = 0 THEN NULL  
            WHEN COUNT(DISTINCT n_lvl.id_pm_satker) = 0 THEN 0  
            ELSE (COUNT(DISTINCT n_lvl.id_pm_satker) * 100.0 / COUNT(DISTINCT a.id_indikator)) 
        END AS presentase_lvl
FROM `pm_satker` as `a`
LEFT JOIN `nilai_pm` as `n_pm` ON `n_pm`.`id_pm_satker` = `a`.`id_pm_satker` AND `n_pm`.`id_satker` =  AND `n_pm`.`thn_dipa` = 2024
LEFT JOIN `nilai_pk` as `n_pk` ON `n_pk`.`id_pm_satker` = `a`.`id_pm_satker` AND `n_pk`.`id_satker` =  AND `n_pk`.`thn_dipa` = 2024
LEFT JOIN `nilai_level` as `n_lvl` ON `n_lvl`.`id_pm_satker` = `a`.`id_pm_satker` AND `n_lvl`.`id_satker` =  AND `n_lvl`.`thn_dipa` = 2024
GROUP BY `a`.`id_unsur`')
 2 SYSTEMPATH\Database\BaseConnection.php(648): CodeIgniter\Database\BaseConnection->simpleQuery('SELECT `a`.`id_unsur`, COUNT(DISTINCT a.id_indikator) AS jumlah_pm_satker, COUNT(DISTINCT n_pm.id_pm_satker) AS jumlah_nilai_pm, CASE 
            WHEN COUNT(DISTINCT a.id_indikator) = 0 THEN NULL  
            WHEN COUNT(DISTINCT n_pm.id_pm_satker) = 0 THEN 0  
            ELSE (COUNT(DISTINCT n_pm.id_pm_satker) * 100.0 / COUNT(DISTINCT a.id_indikator)) 
        END AS presentase_pm, COUNT(DISTINCT n_pk.id_pm_satker) AS jumlah_nilai_pk, CASE 
            WHEN COUNT(DISTINCT a.id_indikator) = 0 THEN NULL  
            WHEN COUNT(DISTINCT n_pk.id_pm_satker) = 0 THEN 0  
            ELSE (COUNT(DISTINCT n_pk.id_pm_satker) * 100.0 / COUNT(DISTINCT a.id_indikator)) 
        END AS presentase_pk, COUNT(DISTINCT n_lvl.id_pm_satker) AS jumlah_nilai_lvl, CASE 
            WHEN COUNT(DISTINCT a.id_indikator) = 0 THEN NULL  
            WHEN COUNT(DISTINCT n_lvl.id_pm_satker) = 0 THEN 0  
            ELSE (COUNT(DISTINCT n_lvl.id_pm_satker) * 100.0 / COUNT(DISTINCT a.id_indikator)) 
        END AS presentase_lvl
FROM `pm_satker` as `a`
LEFT JOIN `nilai_pm` as `n_pm` ON `n_pm`.`id_pm_satker` = `a`.`id_pm_satker` AND `n_pm`.`id_satker` =  AND `n_pm`.`thn_dipa` = 2024
LEFT JOIN `nilai_pk` as `n_pk` ON `n_pk`.`id_pm_satker` = `a`.`id_pm_satker` AND `n_pk`.`id_satker` =  AND `n_pk`.`thn_dipa` = 2024
LEFT JOIN `nilai_level` as `n_lvl` ON `n_lvl`.`id_pm_satker` = `a`.`id_pm_satker` AND `n_lvl`.`id_satker` =  AND `n_lvl`.`thn_dipa` = 2024
GROUP BY `a`.`id_unsur`')
 3 SYSTEMPATH\Database\BaseBuilder.php(1644): CodeIgniter\Database\BaseConnection->query('SELECT `a`.`id_unsur`, COUNT(DISTINCT a.id_indikator) AS jumlah_pm_satker, COUNT(DISTINCT n_pm.id_pm_satker) AS jumlah_nilai_pm, CASE 
            WHEN COUNT(DISTINCT a.id_indikator) = 0 THEN NULL  
            WHEN COUNT(DISTINCT n_pm.id_pm_satker) = 0 THEN 0  
            ELSE (COUNT(DISTINCT n_pm.id_pm_satker) * 100.0 / COUNT(DISTINCT a.id_indikator)) 
        END AS presentase_pm, COUNT(DISTINCT n_pk.id_pm_satker) AS jumlah_nilai_pk, CASE 
            WHEN COUNT(DISTINCT a.id_indikator) = 0 THEN NULL  
            WHEN COUNT(DISTINCT n_pk.id_pm_satker) = 0 THEN 0  
            ELSE (COUNT(DISTINCT n_pk.id_pm_satker) * 100.0 / COUNT(DISTINCT a.id_indikator)) 
        END AS presentase_pk, COUNT(DISTINCT n_lvl.id_pm_satker) AS jumlah_nilai_lvl, CASE 
            WHEN COUNT(DISTINCT a.id_indikator) = 0 THEN NULL  
            WHEN COUNT(DISTINCT n_lvl.id_pm_satker) = 0 THEN 0  
            ELSE (COUNT(DISTINCT n_lvl.id_pm_satker) * 100.0 / COUNT(DISTINCT a.id_indikator)) 
        END AS presentase_lvl
FROM `pm_satker` as `a`
LEFT JOIN `nilai_pm` as `n_pm` ON `n_pm`.`id_pm_satker` = `a`.`id_pm_satker` AND `n_pm`.`id_satker` =  AND `n_pm`.`thn_dipa` = 2024
LEFT JOIN `nilai_pk` as `n_pk` ON `n_pk`.`id_pm_satker` = `a`.`id_pm_satker` AND `n_pk`.`id_satker` =  AND `n_pk`.`thn_dipa` = 2024
LEFT JOIN `nilai_level` as `n_lvl` ON `n_lvl`.`id_pm_satker` = `a`.`id_pm_satker` AND `n_lvl`.`id_satker` =  AND `n_lvl`.`thn_dipa` = 2024
GROUP BY `a`.`id_unsur`', [], false)
 4 APPPATH\Models\NilaiPMModel.php(90): CodeIgniter\Database\BaseBuilder->get()
 5 APPPATH\Controllers\CMS.php(101): App\Models\NilaiPMModel->precentage(null, '2024')
 6 SYSTEMPATH\CodeIgniter.php(933): App\Controllers\CMS->dash_pm()
 7 SYSTEMPATH\CodeIgniter.php(509): CodeIgniter\CodeIgniter->runController(Object(App\Controllers\CMS))
 8 SYSTEMPATH\CodeIgniter.php(355): CodeIgniter\CodeIgniter->handleRequest(null, Object(Config\Cache), false)
 9 SYSTEMPATH\Boot.php(325): CodeIgniter\CodeIgniter->run()
10 SYSTEMPATH\Boot.php(67): CodeIgniter\Boot::runCodeIgniter(Object(CodeIgniter\CodeIgniter))
11 FCPATH\index.php(56): CodeIgniter\Boot::bootWeb(Object(Config\Paths))
12 SYSTEMPATH\rewrite.php(44): require_once('D:\\SKI\\SKI2025\\SKI2025\\public\\index.php')
CRITICAL - 2025-07-29 02:06:31 --> [Caused by] mysqli_sql_exception: You have an error in your SQL syntax; check the manual that corresponds to your MariaDB server version for the right syntax to use near 'AND `n_pm`.`thn_dipa` = 2024
LEFT JOIN `nilai_pk` as `n_pk` ON `n_pk`.`id_pm_...' at line 15
in SYSTEMPATH\Database\MySQLi\Connection.php on line 312.
 1 SYSTEMPATH\Database\MySQLi\Connection.php(312): mysqli->query('SELECT `a`.`id_unsur`, COUNT(DISTINCT a.id_indikator) AS jumlah_pm_satker, COUNT(DISTINCT n_pm.id_pm_satker) AS jumlah_nilai_pm, CASE 
            WHEN COUNT(DISTINCT a.id_indikator) = 0 THEN NULL  
            WHEN COUNT(DISTINCT n_pm.id_pm_satker) = 0 THEN 0  
            ELSE (COUNT(DISTINCT n_pm.id_pm_satker) * 100.0 / COUNT(DISTINCT a.id_indikator)) 
        END AS presentase_pm, COUNT(DISTINCT n_pk.id_pm_satker) AS jumlah_nilai_pk, CASE 
            WHEN COUNT(DISTINCT a.id_indikator) = 0 THEN NULL  
            WHEN COUNT(DISTINCT n_pk.id_pm_satker) = 0 THEN 0  
            ELSE (COUNT(DISTINCT n_pk.id_pm_satker) * 100.0 / COUNT(DISTINCT a.id_indikator)) 
        END AS presentase_pk, COUNT(DISTINCT n_lvl.id_pm_satker) AS jumlah_nilai_lvl, CASE 
            WHEN COUNT(DISTINCT a.id_indikator) = 0 THEN NULL  
            WHEN COUNT(DISTINCT n_lvl.id_pm_satker) = 0 THEN 0  
            ELSE (COUNT(DISTINCT n_lvl.id_pm_satker) * 100.0 / COUNT(DISTINCT a.id_indikator)) 
        END AS presentase_lvl
FROM `pm_satker` as `a`
LEFT JOIN `nilai_pm` as `n_pm` ON `n_pm`.`id_pm_satker` = `a`.`id_pm_satker` AND `n_pm`.`id_satker` =  AND `n_pm`.`thn_dipa` = 2024
LEFT JOIN `nilai_pk` as `n_pk` ON `n_pk`.`id_pm_satker` = `a`.`id_pm_satker` AND `n_pk`.`id_satker` =  AND `n_pk`.`thn_dipa` = 2024
LEFT JOIN `nilai_level` as `n_lvl` ON `n_lvl`.`id_pm_satker` = `a`.`id_pm_satker` AND `n_lvl`.`id_satker` =  AND `n_lvl`.`thn_dipa` = 2024
GROUP BY `a`.`id_unsur`', 0)
 2 SYSTEMPATH\Database\BaseConnection.php(734): CodeIgniter\Database\MySQLi\Connection->execute('SELECT `a`.`id_unsur`, COUNT(DISTINCT a.id_indikator) AS jumlah_pm_satker, COUNT(DISTINCT n_pm.id_pm_satker) AS jumlah_nilai_pm, CASE 
            WHEN COUNT(DISTINCT a.id_indikator) = 0 THEN NULL  
            WHEN COUNT(DISTINCT n_pm.id_pm_satker) = 0 THEN 0  
            ELSE (COUNT(DISTINCT n_pm.id_pm_satker) * 100.0 / COUNT(DISTINCT a.id_indikator)) 
        END AS presentase_pm, COUNT(DISTINCT n_pk.id_pm_satker) AS jumlah_nilai_pk, CASE 
            WHEN COUNT(DISTINCT a.id_indikator) = 0 THEN NULL  
            WHEN COUNT(DISTINCT n_pk.id_pm_satker) = 0 THEN 0  
            ELSE (COUNT(DISTINCT n_pk.id_pm_satker) * 100.0 / COUNT(DISTINCT a.id_indikator)) 
        END AS presentase_pk, COUNT(DISTINCT n_lvl.id_pm_satker) AS jumlah_nilai_lvl, CASE 
            WHEN COUNT(DISTINCT a.id_indikator) = 0 THEN NULL  
            WHEN COUNT(DISTINCT n_lvl.id_pm_satker) = 0 THEN 0  
            ELSE (COUNT(DISTINCT n_lvl.id_pm_satker) * 100.0 / COUNT(DISTINCT a.id_indikator)) 
        END AS presentase_lvl
FROM `pm_satker` as `a`
LEFT JOIN `nilai_pm` as `n_pm` ON `n_pm`.`id_pm_satker` = `a`.`id_pm_satker` AND `n_pm`.`id_satker` =  AND `n_pm`.`thn_dipa` = 2024
LEFT JOIN `nilai_pk` as `n_pk` ON `n_pk`.`id_pm_satker` = `a`.`id_pm_satker` AND `n_pk`.`id_satker` =  AND `n_pk`.`thn_dipa` = 2024
LEFT JOIN `nilai_level` as `n_lvl` ON `n_lvl`.`id_pm_satker` = `a`.`id_pm_satker` AND `n_lvl`.`id_satker` =  AND `n_lvl`.`thn_dipa` = 2024
GROUP BY `a`.`id_unsur`')
 3 SYSTEMPATH\Database\BaseConnection.php(648): CodeIgniter\Database\BaseConnection->simpleQuery('SELECT `a`.`id_unsur`, COUNT(DISTINCT a.id_indikator) AS jumlah_pm_satker, COUNT(DISTINCT n_pm.id_pm_satker) AS jumlah_nilai_pm, CASE 
            WHEN COUNT(DISTINCT a.id_indikator) = 0 THEN NULL  
            WHEN COUNT(DISTINCT n_pm.id_pm_satker) = 0 THEN 0  
            ELSE (COUNT(DISTINCT n_pm.id_pm_satker) * 100.0 / COUNT(DISTINCT a.id_indikator)) 
        END AS presentase_pm, COUNT(DISTINCT n_pk.id_pm_satker) AS jumlah_nilai_pk, CASE 
            WHEN COUNT(DISTINCT a.id_indikator) = 0 THEN NULL  
            WHEN COUNT(DISTINCT n_pk.id_pm_satker) = 0 THEN 0  
            ELSE (COUNT(DISTINCT n_pk.id_pm_satker) * 100.0 / COUNT(DISTINCT a.id_indikator)) 
        END AS presentase_pk, COUNT(DISTINCT n_lvl.id_pm_satker) AS jumlah_nilai_lvl, CASE 
            WHEN COUNT(DISTINCT a.id_indikator) = 0 THEN NULL  
            WHEN COUNT(DISTINCT n_lvl.id_pm_satker) = 0 THEN 0  
            ELSE (COUNT(DISTINCT n_lvl.id_pm_satker) * 100.0 / COUNT(DISTINCT a.id_indikator)) 
        END AS presentase_lvl
FROM `pm_satker` as `a`
LEFT JOIN `nilai_pm` as `n_pm` ON `n_pm`.`id_pm_satker` = `a`.`id_pm_satker` AND `n_pm`.`id_satker` =  AND `n_pm`.`thn_dipa` = 2024
LEFT JOIN `nilai_pk` as `n_pk` ON `n_pk`.`id_pm_satker` = `a`.`id_pm_satker` AND `n_pk`.`id_satker` =  AND `n_pk`.`thn_dipa` = 2024
LEFT JOIN `nilai_level` as `n_lvl` ON `n_lvl`.`id_pm_satker` = `a`.`id_pm_satker` AND `n_lvl`.`id_satker` =  AND `n_lvl`.`thn_dipa` = 2024
GROUP BY `a`.`id_unsur`')
 4 SYSTEMPATH\Database\BaseBuilder.php(1644): CodeIgniter\Database\BaseConnection->query('SELECT `a`.`id_unsur`, COUNT(DISTINCT a.id_indikator) AS jumlah_pm_satker, COUNT(DISTINCT n_pm.id_pm_satker) AS jumlah_nilai_pm, CASE 
            WHEN COUNT(DISTINCT a.id_indikator) = 0 THEN NULL  
            WHEN COUNT(DISTINCT n_pm.id_pm_satker) = 0 THEN 0  
            ELSE (COUNT(DISTINCT n_pm.id_pm_satker) * 100.0 / COUNT(DISTINCT a.id_indikator)) 
        END AS presentase_pm, COUNT(DISTINCT n_pk.id_pm_satker) AS jumlah_nilai_pk, CASE 
            WHEN COUNT(DISTINCT a.id_indikator) = 0 THEN NULL  
            WHEN COUNT(DISTINCT n_pk.id_pm_satker) = 0 THEN 0  
            ELSE (COUNT(DISTINCT n_pk.id_pm_satker) * 100.0 / COUNT(DISTINCT a.id_indikator)) 
        END AS presentase_pk, COUNT(DISTINCT n_lvl.id_pm_satker) AS jumlah_nilai_lvl, CASE 
            WHEN COUNT(DISTINCT a.id_indikator) = 0 THEN NULL  
            WHEN COUNT(DISTINCT n_lvl.id_pm_satker) = 0 THEN 0  
            ELSE (COUNT(DISTINCT n_lvl.id_pm_satker) * 100.0 / COUNT(DISTINCT a.id_indikator)) 
        END AS presentase_lvl
FROM `pm_satker` as `a`
LEFT JOIN `nilai_pm` as `n_pm` ON `n_pm`.`id_pm_satker` = `a`.`id_pm_satker` AND `n_pm`.`id_satker` =  AND `n_pm`.`thn_dipa` = 2024
LEFT JOIN `nilai_pk` as `n_pk` ON `n_pk`.`id_pm_satker` = `a`.`id_pm_satker` AND `n_pk`.`id_satker` =  AND `n_pk`.`thn_dipa` = 2024
LEFT JOIN `nilai_level` as `n_lvl` ON `n_lvl`.`id_pm_satker` = `a`.`id_pm_satker` AND `n_lvl`.`id_satker` =  AND `n_lvl`.`thn_dipa` = 2024
GROUP BY `a`.`id_unsur`', [], false)
 5 APPPATH\Models\NilaiPMModel.php(90): CodeIgniter\Database\BaseBuilder->get()
 6 APPPATH\Controllers\CMS.php(101): App\Models\NilaiPMModel->precentage(null, '2024')
 7 SYSTEMPATH\CodeIgniter.php(933): App\Controllers\CMS->dash_pm()
 8 SYSTEMPATH\CodeIgniter.php(509): CodeIgniter\CodeIgniter->runController(Object(App\Controllers\CMS))
 9 SYSTEMPATH\CodeIgniter.php(355): CodeIgniter\CodeIgniter->handleRequest(null, Object(Config\Cache), false)
10 SYSTEMPATH\Boot.php(325): CodeIgniter\CodeIgniter->run()
11 SYSTEMPATH\Boot.php(67): CodeIgniter\Boot::runCodeIgniter(Object(CodeIgniter\CodeIgniter))
12 FCPATH\index.php(56): CodeIgniter\Boot::bootWeb(Object(Config\Paths))
13 SYSTEMPATH\rewrite.php(44): require_once('D:\\SKI\\SKI2025\\SKI2025\\public\\index.php')
INFO - 2025-07-29 02:11:17 --> Session: Class initialized using 'CodeIgniter\Session\Handlers\FileHandler' driver.
INFO - 2025-07-29 02:11:17 --> Current route: /dash_pm
INFO - 2025-07-29 02:17:02 --> Session: Class initialized using 'CodeIgniter\Session\Handlers\FileHandler' driver.
INFO - 2025-07-29 02:17:36 --> Session: Class initialized using 'CodeIgniter\Session\Handlers\FileHandler' driver.
INFO - 2025-07-29 02:17:47 --> Session: Class initialized using 'CodeIgniter\Session\Handlers\FileHandler' driver.
CRITICAL - 2025-07-29 02:17:47 --> ErrorException: Attempt to read property "id_satker" on array
[Method: GET, Route: cms/dashPm]
in APPPATH\Views\penilaianMandiri\dashboard.php on line 314.
 1 APPPATH\Views\penilaianMandiri\dashboard.php(314): CodeIgniter\Debug\Exceptions->errorHandler(2, 'Attempt to read property "id_satker" on array', 'D:\\SKI\\SKI2025\\SKI2025\\app\\Views\\penilaianMandiri\\dashboard.php', 314)
 2 SYSTEMPATH\View\View.php(234): include('D:\\SKI\\SKI2025\\SKI2025\\app\\Views\\penilaianMandiri\\dashboard.php')
 3 SYSTEMPATH\View\View.php(237): CodeIgniter\View\View->CodeIgniter\View\{closure}()
 4 SYSTEMPATH\Common.php(1171): CodeIgniter\View\View->render('/penilaianMandiri/dashboard', [], true)
 5 APPPATH\Controllers\CMS.php(119): view('/penilaianMandiri/dashboard', [...])
 6 SYSTEMPATH\CodeIgniter.php(933): App\Controllers\CMS->dash_pm()
 7 SYSTEMPATH\CodeIgniter.php(509): CodeIgniter\CodeIgniter->runController(Object(App\Controllers\CMS))
 8 SYSTEMPATH\CodeIgniter.php(355): CodeIgniter\CodeIgniter->handleRequest(null, Object(Config\Cache), false)
 9 SYSTEMPATH\Boot.php(325): CodeIgniter\CodeIgniter->run()
10 SYSTEMPATH\Boot.php(67): CodeIgniter\Boot::runCodeIgniter(Object(CodeIgniter\CodeIgniter))
11 FCPATH\index.php(56): CodeIgniter\Boot::bootWeb(Object(Config\Paths))
12 SYSTEMPATH\rewrite.php(44): require_once('D:\\SKI\\SKI2025\\SKI2025\\public\\index.php')
INFO - 2025-07-29 02:29:00 --> Session: Class initialized using 'CodeIgniter\Session\Handlers\FileHandler' driver.
INFO - 2025-07-29 02:33:33 --> Session: Class initialized using 'CodeIgniter\Session\Handlers\FileHandler' driver.
INFO - 2025-07-29 02:33:48 --> Session: Class initialized using 'CodeIgniter\Session\Handlers\FileHandler' driver.
INFO - 2025-07-29 02:33:52 --> Session: Class initialized using 'CodeIgniter\Session\Handlers\FileHandler' driver.
INFO - 2025-07-29 02:33:52 --> Session: Class initialized using 'CodeIgniter\Session\Handlers\FileHandler' driver.
INFO - 2025-07-29 02:33:58 --> Session: Class initialized using 'CodeIgniter\Session\Handlers\FileHandler' driver.
INFO - 2025-07-29 02:34:03 --> Session: Class initialized using 'CodeIgniter\Session\Handlers\FileHandler' driver.
INFO - 2025-07-29 02:34:22 --> Session: Class initialized using 'CodeIgniter\Session\Handlers\FileHandler' driver.
INFO - 2025-07-29 02:35:55 --> Session: Class initialized using 'CodeIgniter\Session\Handlers\FileHandler' driver.
INFO - 2025-07-29 02:36:00 --> Session: Class initialized using 'CodeIgniter\Session\Handlers\FileHandler' driver.
INFO - 2025-07-29 02:44:18 --> Session: Class initialized using 'CodeIgniter\Session\Handlers\FileHandler' driver.
CRITICAL - 2025-07-29 02:44:18 --> ErrorException: Undefined property: App\Controllers\CMS::$satkerModel
[Method: GET, Route: cms/dashPm]
in APPPATH\Controllers\CMS.php on line 108.
 1 APPPATH\Controllers\CMS.php(108): CodeIgniter\Debug\Exceptions->errorHandler(2, 'Undefined property: App\\Controllers\\CMS::$satkerModel', 'D:\\SKI\\SKI2025\\SKI2025\\app\\Controllers\\CMS.php', 108)
 2 SYSTEMPATH\CodeIgniter.php(933): App\Controllers\CMS->dash_pm()
 3 SYSTEMPATH\CodeIgniter.php(509): CodeIgniter\CodeIgniter->runController(Object(App\Controllers\CMS))
 4 SYSTEMPATH\CodeIgniter.php(355): CodeIgniter\CodeIgniter->handleRequest(null, Object(Config\Cache), false)
 5 SYSTEMPATH\Boot.php(325): CodeIgniter\CodeIgniter->run()
 6 SYSTEMPATH\Boot.php(67): CodeIgniter\Boot::runCodeIgniter(Object(CodeIgniter\CodeIgniter))
 7 FCPATH\index.php(56): CodeIgniter\Boot::bootWeb(Object(Config\Paths))
 8 SYSTEMPATH\rewrite.php(44): require_once('D:\\SKI\\SKI2025\\SKI2025\\public\\index.php')
INFO - 2025-07-29 02:44:32 --> Session: Class initialized using 'CodeIgniter\Session\Handlers\FileHandler' driver.
CRITICAL - 2025-07-29 02:44:32 --> ErrorException: Attempt to read property "nama_satker" on array
[Method: GET, Route: cms/dashPm]
in APPPATH\Views\penilaianMandiri\dashboard.php on line 287.
 1 APPPATH\Views\penilaianMandiri\dashboard.php(287): CodeIgniter\Debug\Exceptions->errorHandler(2, 'Attempt to read property "nama_satker" on array', 'D:\\SKI\\SKI2025\\SKI2025\\app\\Views\\penilaianMandiri\\dashboard.php', 287)
 2 SYSTEMPATH\View\View.php(234): include('D:\\SKI\\SKI2025\\SKI2025\\app\\Views\\penilaianMandiri\\dashboard.php')
 3 SYSTEMPATH\View\View.php(237): CodeIgniter\View\View->CodeIgniter\View\{closure}()
 4 SYSTEMPATH\Common.php(1171): CodeIgniter\View\View->render('/penilaianMandiri/dashboard', [], true)
 5 APPPATH\Controllers\CMS.php(119): view('/penilaianMandiri/dashboard', [...])
 6 SYSTEMPATH\CodeIgniter.php(933): App\Controllers\CMS->dash_pm()
 7 SYSTEMPATH\CodeIgniter.php(509): CodeIgniter\CodeIgniter->runController(Object(App\Controllers\CMS))
 8 SYSTEMPATH\CodeIgniter.php(355): CodeIgniter\CodeIgniter->handleRequest(null, Object(Config\Cache), false)
 9 SYSTEMPATH\Boot.php(325): CodeIgniter\CodeIgniter->run()
10 SYSTEMPATH\Boot.php(67): CodeIgniter\Boot::runCodeIgniter(Object(CodeIgniter\CodeIgniter))
11 FCPATH\index.php(56): CodeIgniter\Boot::bootWeb(Object(Config\Paths))
12 SYSTEMPATH\rewrite.php(44): require_once('D:\\SKI\\SKI2025\\SKI2025\\public\\index.php')
INFO - 2025-07-29 02:50:56 --> Session: Class initialized using 'CodeIgniter\Session\Handlers\FileHandler' driver.
INFO - 2025-07-29 02:51:16 --> Session: Class initialized using 'CodeIgniter\Session\Handlers\FileHandler' driver.
INFO - 2025-07-29 02:52:45 --> Session: Class initialized using 'CodeIgniter\Session\Handlers\FileHandler' driver.
INFO - 2025-07-29 02:52:45 --> Current route: /soal_pengungkit
INFO - 2025-07-29 02:52:47 --> Session: Class initialized using 'CodeIgniter\Session\Handlers\FileHandler' driver.
INFO - 2025-07-29 02:52:49 --> Session: Class initialized using 'CodeIgniter\Session\Handlers\FileHandler' driver.
INFO - 2025-07-29 02:52:50 --> Session: Class initialized using 'CodeIgniter\Session\Handlers\FileHandler' driver.
INFO - 2025-07-29 02:52:52 --> Session: Class initialized using 'CodeIgniter\Session\Handlers\FileHandler' driver.
INFO - 2025-07-29 02:52:57 --> Session: Class initialized using 'CodeIgniter\Session\Handlers\FileHandler' driver.
INFO - 2025-07-29 02:55:37 --> Session: Class initialized using 'CodeIgniter\Session\Handlers\FileHandler' driver.
INFO - 2025-07-29 02:55:37 --> Current route: /soal_pengungkit
INFO - 2025-07-29 02:56:59 --> Session: Class initialized using 'CodeIgniter\Session\Handlers\FileHandler' driver.
INFO - 2025-07-29 03:11:33 --> Session: Class initialized using 'CodeIgniter\Session\Handlers\FileHandler' driver.
INFO - 2025-07-29 03:11:47 --> Session: Class initialized using 'CodeIgniter\Session\Handlers\FileHandler' driver.
INFO - 2025-07-29 03:36:46 --> Session: Class initialized using 'CodeIgniter\Session\Handlers\FileHandler' driver.
INFO - 2025-07-29 03:36:46 --> Current route: /pm
INFO - 2025-07-29 03:37:01 --> Session: Class initialized using 'CodeIgniter\Session\Handlers\FileHandler' driver.
INFO - 2025-07-29 03:37:13 --> Session: Class initialized using 'CodeIgniter\Session\Handlers\FileHandler' driver.
INFO - 2025-07-29 03:44:25 --> Session: Class initialized using 'CodeIgniter\Session\Handlers\FileHandler' driver.
INFO - 2025-07-29 03:44:50 --> Session: Class initialized using 'CodeIgniter\Session\Handlers\FileHandler' driver.
INFO - 2025-07-29 03:45:01 --> Session: Class initialized using 'CodeIgniter\Session\Handlers\FileHandler' driver.
INFO - 2025-07-29 03:45:32 --> Session: Class initialized using 'CodeIgniter\Session\Handlers\FileHandler' driver.
INFO - 2025-07-29 03:57:09 --> Session: Class initialized using 'CodeIgniter\Session\Handlers\FileHandler' driver.
INFO - 2025-07-29 03:57:19 --> Session: Class initialized using 'CodeIgniter\Session\Handlers\FileHandler' driver.
INFO - 2025-07-29 04:02:05 --> Session: Class initialized using 'CodeIgniter\Session\Handlers\FileHandler' driver.
INFO - 2025-07-29 04:02:18 --> Session: Class initialized using 'CodeIgniter\Session\Handlers\FileHandler' driver.
INFO - 2025-07-29 04:02:27 --> Session: Class initialized using 'CodeIgniter\Session\Handlers\FileHandler' driver.
INFO - 2025-07-29 04:02:27 --> Current route: /dash_pm
INFO - 2025-07-29 04:30:11 --> Session: Class initialized using 'CodeIgniter\Session\Handlers\FileHandler' driver.
INFO - 2025-07-29 04:31:09 --> Session: Class initialized using 'CodeIgniter\Session\Handlers\FileHandler' driver.
INFO - 2025-07-29 04:31:15 --> Session: Class initialized using 'CodeIgniter\Session\Handlers\FileHandler' driver.
INFO - 2025-07-29 04:31:18 --> Session: Class initialized using 'CodeIgniter\Session\Handlers\FileHandler' driver.
INFO - 2025-07-29 04:31:53 --> Session: Class initialized using 'CodeIgniter\Session\Handlers\FileHandler' driver.
INFO - 2025-07-29 07:28:50 --> Session: Class initialized using 'CodeIgniter\Session\Handlers\FileHandler' driver.
INFO - 2025-07-29 07:28:57 --> Session: Class initialized using 'CodeIgniter\Session\Handlers\FileHandler' driver.
INFO - 2025-07-29 07:29:02 --> Session: Class initialized using 'CodeIgniter\Session\Handlers\FileHandler' driver.
INFO - 2025-07-29 07:29:02 --> Session: Class initialized using 'CodeIgniter\Session\Handlers\FileHandler' driver.
INFO - 2025-07-29 07:29:06 --> Session: Class initialized using 'CodeIgniter\Session\Handlers\FileHandler' driver.
INFO - 2025-07-29 07:29:18 --> Session: Class initialized using 'CodeIgniter\Session\Handlers\FileHandler' driver.
INFO - 2025-07-29 07:29:21 --> Session: Class initialized using 'CodeIgniter\Session\Handlers\FileHandler' driver.
INFO - 2025-07-29 07:30:44 --> Session: Class initialized using 'CodeIgniter\Session\Handlers\FileHandler' driver.
INFO - 2025-07-29 07:30:54 --> Session: Class initialized using 'CodeIgniter\Session\Handlers\FileHandler' driver.
INFO - 2025-07-29 07:30:54 --> Session: Class initialized using 'CodeIgniter\Session\Handlers\FileHandler' driver.
INFO - 2025-07-29 07:31:02 --> Session: Class initialized using 'CodeIgniter\Session\Handlers\FileHandler' driver.
INFO - 2025-07-29 07:33:24 --> Session: Class initialized using 'CodeIgniter\Session\Handlers\FileHandler' driver.
INFO - 2025-07-29 07:33:31 --> Session: Class initialized using 'CodeIgniter\Session\Handlers\FileHandler' driver.
INFO - 2025-07-29 07:33:31 --> Session: Class initialized using 'CodeIgniter\Session\Handlers\FileHandler' driver.
INFO - 2025-07-29 07:33:31 --> Current route: /tu
INFO - 2025-07-29 07:33:36 --> Session: Class initialized using 'CodeIgniter\Session\Handlers\FileHandler' driver.
INFO - 2025-07-29 07:33:36 --> Current route: /cTim
INFO - 2025-07-29 07:33:37 --> Session: Class initialized using 'CodeIgniter\Session\Handlers\FileHandler' driver.
INFO - 2025-07-29 07:34:06 --> Session: Class initialized using 'CodeIgniter\Session\Handlers\FileHandler' driver.
INFO - 2025-07-29 07:34:11 --> Session: Class initialized using 'CodeIgniter\Session\Handlers\FileHandler' driver.
INFO - 2025-07-29 07:34:12 --> Session: Class initialized using 'CodeIgniter\Session\Handlers\FileHandler' driver.
INFO - 2025-07-29 07:34:12 --> Current route: /tu
INFO - 2025-07-29 07:34:14 --> Session: Class initialized using 'CodeIgniter\Session\Handlers\FileHandler' driver.
INFO - 2025-07-29 07:34:14 --> Current route: /cTim
INFO - 2025-07-29 07:34:15 --> Session: Class initialized using 'CodeIgniter\Session\Handlers\FileHandler' driver.
INFO - 2025-07-29 07:34:20 --> Session: Class initialized using 'CodeIgniter\Session\Handlers\FileHandler' driver.
INFO - 2025-07-29 07:36:02 --> Session: Class initialized using 'CodeIgniter\Session\Handlers\FileHandler' driver.
INFO - 2025-07-29 07:36:02 --> Session: Class initialized using 'CodeIgniter\Session\Handlers\FileHandler' driver.
INFO - 2025-07-29 07:36:02 --> Current route: /pm
INFO - 2025-07-29 07:36:09 --> Session: Class initialized using 'CodeIgniter\Session\Handlers\FileHandler' driver.
INFO - 2025-07-29 07:36:09 --> Current route: /dash_pm
INFO - 2025-07-29 07:36:24 --> Session: Class initialized using 'CodeIgniter\Session\Handlers\FileHandler' driver.
INFO - 2025-07-29 07:36:51 --> Session: Class initialized using 'CodeIgniter\Session\Handlers\FileHandler' driver.
INFO - 2025-07-29 07:37:14 --> Session: Class initialized using 'CodeIgniter\Session\Handlers\FileHandler' driver.
INFO - 2025-07-29 07:37:28 --> Session: Class initialized using 'CodeIgniter\Session\Handlers\FileHandler' driver.
INFO - 2025-07-29 07:37:28 --> Session: Class initialized using 'CodeIgniter\Session\Handlers\FileHandler' driver.
INFO - 2025-07-29 07:37:28 --> Current route: /pm
INFO - 2025-07-29 07:37:30 --> Session: Class initialized using 'CodeIgniter\Session\Handlers\FileHandler' driver.
INFO - 2025-07-29 07:37:30 --> Current route: /dash_pm
INFO - 2025-07-29 07:37:39 --> Session: Class initialized using 'CodeIgniter\Session\Handlers\FileHandler' driver.
INFO - 2025-07-29 07:37:39 --> Current route: /pm
INFO - 2025-07-29 07:37:49 --> Session: Class initialized using 'CodeIgniter\Session\Handlers\FileHandler' driver.
INFO - 2025-07-29 07:37:49 --> Current route: /dash_pm
INFO - 2025-07-29 07:38:11 --> Session: Class initialized using 'CodeIgniter\Session\Handlers\FileHandler' driver.
INFO - 2025-07-29 07:38:15 --> Session: Class initialized using 'CodeIgniter\Session\Handlers\FileHandler' driver.
INFO - 2025-07-29 07:38:15 --> Session: Class initialized using 'CodeIgniter\Session\Handlers\FileHandler' driver.
INFO - 2025-07-29 07:38:15 --> Current route: /tu
INFO - 2025-07-29 07:38:20 --> Session: Class initialized using 'CodeIgniter\Session\Handlers\FileHandler' driver.
INFO - 2025-07-29 07:38:20 --> Current route: /cTim
INFO - 2025-07-29 07:38:20 --> Session: Class initialized using 'CodeIgniter\Session\Handlers\FileHandler' driver.
INFO - 2025-07-29 07:38:23 --> Session: Class initialized using 'CodeIgniter\Session\Handlers\FileHandler' driver.
INFO - 2025-07-29 07:39:42 --> Session: Class initialized using 'CodeIgniter\Session\Handlers\FileHandler' driver.
INFO - 2025-07-29 07:39:52 --> Session: Class initialized using 'CodeIgniter\Session\Handlers\FileHandler' driver.
INFO - 2025-07-29 07:39:52 --> Session: Class initialized using 'CodeIgniter\Session\Handlers\FileHandler' driver.
INFO - 2025-07-29 07:40:01 --> Session: Class initialized using 'CodeIgniter\Session\Handlers\FileHandler' driver.
INFO - 2025-07-29 07:40:48 --> Session: Class initialized using 'CodeIgniter\Session\Handlers\FileHandler' driver.
INFO - 2025-07-29 07:40:58 --> Session: Class initialized using 'CodeIgniter\Session\Handlers\FileHandler' driver.
INFO - 2025-07-29 07:40:58 --> Current route: /dash_pm
INFO - 2025-07-29 07:41:03 --> Session: Class initialized using 'CodeIgniter\Session\Handlers\FileHandler' driver.
INFO - 2025-07-29 07:41:23 --> Session: Class initialized using 'CodeIgniter\Session\Handlers\FileHandler' driver.
INFO - 2025-07-29 07:41:23 --> Current route: /cTim
INFO - 2025-07-29 07:41:24 --> Session: Class initialized using 'CodeIgniter\Session\Handlers\FileHandler' driver.
INFO - 2025-07-29 07:41:33 --> Session: Class initialized using 'CodeIgniter\Session\Handlers\FileHandler' driver.
INFO - 2025-07-29 07:41:41 --> Session: Class initialized using 'CodeIgniter\Session\Handlers\FileHandler' driver.
INFO - 2025-07-29 07:41:45 --> Session: Class initialized using 'CodeIgniter\Session\Handlers\FileHandler' driver.
INFO - 2025-07-29 07:45:40 --> Session: Class initialized using 'CodeIgniter\Session\Handlers\FileHandler' driver.
INFO - 2025-07-29 07:47:31 --> Session: Class initialized using 'CodeIgniter\Session\Handlers\FileHandler' driver.
INFO - 2025-07-29 07:47:31 --> Current route: /soal_pengungkit
INFO - 2025-07-29 07:47:34 --> Session: Class initialized using 'CodeIgniter\Session\Handlers\FileHandler' driver.
