INFO - 2025-02-04 03:16:35 --> Session: Class initialized using 'CodeIgniter\Session\Handlers\FileHandler' driver.
INFO - 2025-02-04 03:16:38 --> Session: Class initialized using 'CodeIgniter\Session\Handlers\FileHandler' driver.
INFO - 2025-02-04 03:16:39 --> Session: Class initialized using 'CodeIgniter\Session\Handlers\FileHandler' driver.
INFO - 2025-02-04 03:16:39 --> Current route: /pm
INFO - 2025-02-04 03:16:44 --> Session: Class initialized using 'CodeIgniter\Session\Handlers\FileHandler' driver.
INFO - 2025-02-04 03:16:44 --> Current route: /soal_pengungkit
INFO - 2025-02-04 03:19:24 --> Session: Class initialized using 'CodeIgniter\Session\Handlers\FileHandler' driver.
INFO - 2025-02-04 03:19:24 --> Current route: /soal_pengungkit
CRITICAL - 2025-02-04 03:19:26 --> ErrorException: Undefined variable $index
[Method: GET, Route: js_Accordion]
in APPPATH\Views\penilaianMandiri\accordionContent.php on line 1.
 1 APPPATH\Views\penilaianMandiri\accordionContent.php(1): CodeIgniter\Debug\Exceptions->errorHandler(2, 'Undefined variable $index', 'D:\\DLL\\IT\\SKI\\SKI2025\\app\\Views\\penilaianMandiri\\accordionContent.php', 1)
 2 SYSTEMPATH\View\View.php(234): include('D:\\DLL\\IT\\SKI\\SKI2025\\app\\Views\\penilaianMandiri\\accordionContent.php')
 3 SYSTEMPATH\View\View.php(237): CodeIgniter\View\View->CodeIgniter\View\{closure}()
 4 SYSTEMPATH\Common.php(1171): CodeIgniter\View\View->render('/penilaianMandiri/accordionContent', [], true)
 5 APPPATH\Controllers\PenilaianMandiri.php(209): view('/penilaianMandiri/accordionContent')
 6 SYSTEMPATH\CodeIgniter.php(933): App\Controllers\PenilaianMandiri->js_Accordion()
 7 SYSTEMPATH\CodeIgniter.php(509): CodeIgniter\CodeIgniter->runController(Object(App\Controllers\PenilaianMandiri))
 8 SYSTEMPATH\CodeIgniter.php(355): CodeIgniter\CodeIgniter->handleRequest(null, Object(Config\Cache), false)
 9 SYSTEMPATH\Boot.php(325): CodeIgniter\CodeIgniter->run()
10 SYSTEMPATH\Boot.php(67): CodeIgniter\Boot::runCodeIgniter(Object(CodeIgniter\CodeIgniter))
11 FCPATH\index.php(56): CodeIgniter\Boot::bootWeb(Object(Config\Paths))
12 SYSTEMPATH\rewrite.php(44): require_once('D:\\DLL\\IT\\SKI\\SKI2025\\public\\index.php')
CRITICAL - 2025-02-04 03:19:27 --> ErrorException: Undefined variable $index
[Method: GET, Route: js_Accordion]
in APPPATH\Views\penilaianMandiri\accordionContent.php on line 1.
 1 APPPATH\Views\penilaianMandiri\accordionContent.php(1): CodeIgniter\Debug\Exceptions->errorHandler(2, 'Undefined variable $index', 'D:\\DLL\\IT\\SKI\\SKI2025\\app\\Views\\penilaianMandiri\\accordionContent.php', 1)
 2 SYSTEMPATH\View\View.php(234): include('D:\\DLL\\IT\\SKI\\SKI2025\\app\\Views\\penilaianMandiri\\accordionContent.php')
 3 SYSTEMPATH\View\View.php(237): CodeIgniter\View\View->CodeIgniter\View\{closure}()
 4 SYSTEMPATH\Common.php(1171): CodeIgniter\View\View->render('/penilaianMandiri/accordionContent', [], true)
 5 APPPATH\Controllers\PenilaianMandiri.php(209): view('/penilaianMandiri/accordionContent')
 6 SYSTEMPATH\CodeIgniter.php(933): App\Controllers\PenilaianMandiri->js_Accordion()
 7 SYSTEMPATH\CodeIgniter.php(509): CodeIgniter\CodeIgniter->runController(Object(App\Controllers\PenilaianMandiri))
 8 SYSTEMPATH\CodeIgniter.php(355): CodeIgniter\CodeIgniter->handleRequest(null, Object(Config\Cache), false)
 9 SYSTEMPATH\Boot.php(325): CodeIgniter\CodeIgniter->run()
10 SYSTEMPATH\Boot.php(67): CodeIgniter\Boot::runCodeIgniter(Object(CodeIgniter\CodeIgniter))
11 FCPATH\index.php(56): CodeIgniter\Boot::bootWeb(Object(Config\Paths))
12 SYSTEMPATH\rewrite.php(44): require_once('D:\\DLL\\IT\\SKI\\SKI2025\\public\\index.php')
CRITICAL - 2025-02-04 03:19:27 --> ErrorException: Undefined variable $index
[Method: GET, Route: js_Accordion]
in APPPATH\Views\penilaianMandiri\accordionContent.php on line 1.
 1 APPPATH\Views\penilaianMandiri\accordionContent.php(1): CodeIgniter\Debug\Exceptions->errorHandler(2, 'Undefined variable $index', 'D:\\DLL\\IT\\SKI\\SKI2025\\app\\Views\\penilaianMandiri\\accordionContent.php', 1)
 2 SYSTEMPATH\View\View.php(234): include('D:\\DLL\\IT\\SKI\\SKI2025\\app\\Views\\penilaianMandiri\\accordionContent.php')
 3 SYSTEMPATH\View\View.php(237): CodeIgniter\View\View->CodeIgniter\View\{closure}()
 4 SYSTEMPATH\Common.php(1171): CodeIgniter\View\View->render('/penilaianMandiri/accordionContent', [], true)
 5 APPPATH\Controllers\PenilaianMandiri.php(209): view('/penilaianMandiri/accordionContent')
 6 SYSTEMPATH\CodeIgniter.php(933): App\Controllers\PenilaianMandiri->js_Accordion()
 7 SYSTEMPATH\CodeIgniter.php(509): CodeIgniter\CodeIgniter->runController(Object(App\Controllers\PenilaianMandiri))
 8 SYSTEMPATH\CodeIgniter.php(355): CodeIgniter\CodeIgniter->handleRequest(null, Object(Config\Cache), false)
 9 SYSTEMPATH\Boot.php(325): CodeIgniter\CodeIgniter->run()
10 SYSTEMPATH\Boot.php(67): CodeIgniter\Boot::runCodeIgniter(Object(CodeIgniter\CodeIgniter))
11 FCPATH\index.php(56): CodeIgniter\Boot::bootWeb(Object(Config\Paths))
12 SYSTEMPATH\rewrite.php(44): require_once('D:\\DLL\\IT\\SKI\\SKI2025\\public\\index.php')
CRITICAL - 2025-02-04 03:19:27 --> ErrorException: Undefined variable $index
[Method: GET, Route: js_Accordion]
in APPPATH\Views\penilaianMandiri\accordionContent.php on line 1.
 1 APPPATH\Views\penilaianMandiri\accordionContent.php(1): CodeIgniter\Debug\Exceptions->errorHandler(2, 'Undefined variable $index', 'D:\\DLL\\IT\\SKI\\SKI2025\\app\\Views\\penilaianMandiri\\accordionContent.php', 1)
 2 SYSTEMPATH\View\View.php(234): include('D:\\DLL\\IT\\SKI\\SKI2025\\app\\Views\\penilaianMandiri\\accordionContent.php')
 3 SYSTEMPATH\View\View.php(237): CodeIgniter\View\View->CodeIgniter\View\{closure}()
 4 SYSTEMPATH\Common.php(1171): CodeIgniter\View\View->render('/penilaianMandiri/accordionContent', [], true)
 5 APPPATH\Controllers\PenilaianMandiri.php(209): view('/penilaianMandiri/accordionContent')
 6 SYSTEMPATH\CodeIgniter.php(933): App\Controllers\PenilaianMandiri->js_Accordion()
 7 SYSTEMPATH\CodeIgniter.php(509): CodeIgniter\CodeIgniter->runController(Object(App\Controllers\PenilaianMandiri))
 8 SYSTEMPATH\CodeIgniter.php(355): CodeIgniter\CodeIgniter->handleRequest(null, Object(Config\Cache), false)
 9 SYSTEMPATH\Boot.php(325): CodeIgniter\CodeIgniter->run()
10 SYSTEMPATH\Boot.php(67): CodeIgniter\Boot::runCodeIgniter(Object(CodeIgniter\CodeIgniter))
11 FCPATH\index.php(56): CodeIgniter\Boot::bootWeb(Object(Config\Paths))
12 SYSTEMPATH\rewrite.php(44): require_once('D:\\DLL\\IT\\SKI\\SKI2025\\public\\index.php')
INFO - 2025-02-04 03:20:39 --> Session: Class initialized using 'CodeIgniter\Session\Handlers\FileHandler' driver.
INFO - 2025-02-04 03:20:39 --> Current route: /soal_pengungkit
INFO - 2025-02-04 03:21:20 --> Session: Class initialized using 'CodeIgniter\Session\Handlers\FileHandler' driver.
INFO - 2025-02-04 03:21:20 --> Current route: /soal_pengungkit
INFO - 2025-02-04 03:24:27 --> Session: Class initialized using 'CodeIgniter\Session\Handlers\FileHandler' driver.
INFO - 2025-02-04 03:24:27 --> Current route: /soal_pengungkit
INFO - 2025-02-04 03:24:52 --> Session: Class initialized using 'CodeIgniter\Session\Handlers\FileHandler' driver.
INFO - 2025-02-04 03:24:52 --> Current route: /soal_pengungkit
INFO - 2025-02-04 03:25:52 --> Session: Class initialized using 'CodeIgniter\Session\Handlers\FileHandler' driver.
INFO - 2025-02-04 03:25:52 --> Current route: /soal_pengungkit
INFO - 2025-02-04 03:41:31 --> Session: Class initialized using 'CodeIgniter\Session\Handlers\FileHandler' driver.
INFO - 2025-02-04 03:41:31 --> Current route: /soal_pengungkit
CRITICAL - 2025-02-04 03:41:31 --> ErrorException: Array to string conversion
[Method: GET, Route: soal_pengungkit]
in APPPATH\Views\penilaianMandiri\soal_pengungkit.php on line 96.
 1 APPPATH\Views\penilaianMandiri\soal_pengungkit.php(96): CodeIgniter\Debug\Exceptions->errorHandler(2, 'Array to string conversion', 'D:\\DLL\\IT\\SKI\\SKI2025\\app\\Views\\penilaianMandiri\\soal_pengungkit.php', 96)
 2 SYSTEMPATH\View\View.php(234): include('D:\\DLL\\IT\\SKI\\SKI2025\\app\\Views\\penilaianMandiri\\soal_pengungkit.php')
 3 SYSTEMPATH\View\View.php(237): CodeIgniter\View\View->CodeIgniter\View\{closure}()
 4 SYSTEMPATH\Common.php(1171): CodeIgniter\View\View->render('/penilaianMandiri/soal_pengungkit', [], true)
 5 APPPATH\Controllers\PenilaianMandiri.php(204): view('/penilaianMandiri/soal_pengungkit', [...])
 6 SYSTEMPATH\CodeIgniter.php(933): App\Controllers\PenilaianMandiri->soal_pengungkit()
 7 SYSTEMPATH\CodeIgniter.php(509): CodeIgniter\CodeIgniter->runController(Object(App\Controllers\PenilaianMandiri))
 8 SYSTEMPATH\CodeIgniter.php(355): CodeIgniter\CodeIgniter->handleRequest(null, Object(Config\Cache), false)
 9 SYSTEMPATH\Boot.php(325): CodeIgniter\CodeIgniter->run()
10 SYSTEMPATH\Boot.php(67): CodeIgniter\Boot::runCodeIgniter(Object(CodeIgniter\CodeIgniter))
11 FCPATH\index.php(56): CodeIgniter\Boot::bootWeb(Object(Config\Paths))
12 SYSTEMPATH\rewrite.php(44): require_once('D:\\DLL\\IT\\SKI\\SKI2025\\public\\index.php')
INFO - 2025-02-04 03:43:52 --> Session: Class initialized using 'CodeIgniter\Session\Handlers\FileHandler' driver.
INFO - 2025-02-04 03:43:52 --> Current route: /soal_pengungkit
INFO - 2025-02-04 03:45:02 --> Session: Class initialized using 'CodeIgniter\Session\Handlers\FileHandler' driver.
INFO - 2025-02-04 03:45:02 --> Current route: /soal_pengungkit
INFO - 2025-02-04 03:50:38 --> Session: Class initialized using 'CodeIgniter\Session\Handlers\FileHandler' driver.
INFO - 2025-02-04 03:50:38 --> Current route: /soal_pengungkit
CRITICAL - 2025-02-04 03:50:38 --> ErrorException: Array to string conversion
[Method: GET, Route: soal_pengungkit]
in APPPATH\Views\penilaianMandiri\soal_pengungkit.php on line 97.
 1 APPPATH\Views\penilaianMandiri\soal_pengungkit.php(97): CodeIgniter\Debug\Exceptions->errorHandler(2, 'Array to string conversion', 'D:\\DLL\\IT\\SKI\\SKI2025\\app\\Views\\penilaianMandiri\\soal_pengungkit.php', 97)
 2 SYSTEMPATH\View\View.php(234): include('D:\\DLL\\IT\\SKI\\SKI2025\\app\\Views\\penilaianMandiri\\soal_pengungkit.php')
 3 SYSTEMPATH\View\View.php(237): CodeIgniter\View\View->CodeIgniter\View\{closure}()
 4 SYSTEMPATH\Common.php(1171): CodeIgniter\View\View->render('/penilaianMandiri/soal_pengungkit', [], true)
 5 APPPATH\Controllers\PenilaianMandiri.php(204): view('/penilaianMandiri/soal_pengungkit', [...])
 6 SYSTEMPATH\CodeIgniter.php(933): App\Controllers\PenilaianMandiri->soal_pengungkit()
 7 SYSTEMPATH\CodeIgniter.php(509): CodeIgniter\CodeIgniter->runController(Object(App\Controllers\PenilaianMandiri))
 8 SYSTEMPATH\CodeIgniter.php(355): CodeIgniter\CodeIgniter->handleRequest(null, Object(Config\Cache), false)
 9 SYSTEMPATH\Boot.php(325): CodeIgniter\CodeIgniter->run()
10 SYSTEMPATH\Boot.php(67): CodeIgniter\Boot::runCodeIgniter(Object(CodeIgniter\CodeIgniter))
11 FCPATH\index.php(56): CodeIgniter\Boot::bootWeb(Object(Config\Paths))
12 SYSTEMPATH\rewrite.php(44): require_once('D:\\DLL\\IT\\SKI\\SKI2025\\public\\index.php')
INFO - 2025-02-04 03:50:49 --> Session: Class initialized using 'CodeIgniter\Session\Handlers\FileHandler' driver.
INFO - 2025-02-04 03:50:49 --> Current route: /soal_pengungkit
INFO - 2025-02-04 04:01:10 --> Session: Class initialized using 'CodeIgniter\Session\Handlers\FileHandler' driver.
INFO - 2025-02-04 04:01:10 --> Current route: /soal_pengungkit
INFO - 2025-02-04 04:02:33 --> Session: Class initialized using 'CodeIgniter\Session\Handlers\FileHandler' driver.
INFO - 2025-02-04 04:02:33 --> Current route: /soal_pengungkit
INFO - 2025-02-04 04:03:51 --> Session: Class initialized using 'CodeIgniter\Session\Handlers\FileHandler' driver.
INFO - 2025-02-04 04:03:51 --> Current route: /soal_pengungkit
INFO - 2025-02-04 04:04:54 --> Session: Class initialized using 'CodeIgniter\Session\Handlers\FileHandler' driver.
INFO - 2025-02-04 04:04:54 --> Current route: /soal_pengungkit
INFO - 2025-02-04 04:05:41 --> Session: Class initialized using 'CodeIgniter\Session\Handlers\FileHandler' driver.
INFO - 2025-02-04 04:05:41 --> Current route: /soal_pengungkit
INFO - 2025-02-04 04:06:33 --> Session: Class initialized using 'CodeIgniter\Session\Handlers\FileHandler' driver.
INFO - 2025-02-04 04:06:33 --> Current route: /soal_pengungkit
INFO - 2025-02-04 04:16:21 --> Session: Class initialized using 'CodeIgniter\Session\Handlers\FileHandler' driver.
INFO - 2025-02-04 04:16:21 --> Current route: /soal_pengungkit
INFO - 2025-02-04 04:17:13 --> Session: Class initialized using 'CodeIgniter\Session\Handlers\FileHandler' driver.
INFO - 2025-02-04 04:17:13 --> Current route: /soal_pengungkit
INFO - 2025-02-04 04:30:04 --> Session: Class initialized using 'CodeIgniter\Session\Handlers\FileHandler' driver.
INFO - 2025-02-04 04:30:04 --> Current route: /soal_pengungkit
INFO - 2025-02-04 06:53:05 --> Session: Class initialized using 'CodeIgniter\Session\Handlers\FileHandler' driver.
INFO - 2025-02-04 06:53:12 --> Session: Class initialized using 'CodeIgniter\Session\Handlers\FileHandler' driver.
INFO - 2025-02-04 06:53:13 --> Session: Class initialized using 'CodeIgniter\Session\Handlers\FileHandler' driver.
INFO - 2025-02-04 06:53:13 --> Current route: /pm
INFO - 2025-02-04 06:53:20 --> Session: Class initialized using 'CodeIgniter\Session\Handlers\FileHandler' driver.
INFO - 2025-02-04 06:53:20 --> Current route: /soal_pengungkit
INFO - 2025-02-04 06:53:37 --> Session: Class initialized using 'CodeIgniter\Session\Handlers\FileHandler' driver.
INFO - 2025-02-04 06:53:37 --> Current route: /soal_pengungkit
INFO - 2025-02-04 07:00:46 --> Session: Class initialized using 'CodeIgniter\Session\Handlers\FileHandler' driver.
INFO - 2025-02-04 07:00:46 --> Current route: /soal_pengungkit
INFO - 2025-02-04 07:12:22 --> Session: Class initialized using 'CodeIgniter\Session\Handlers\FileHandler' driver.
INFO - 2025-02-04 07:12:22 --> Current route: /soal_pengungkit
INFO - 2025-02-04 07:16:38 --> Session: Class initialized using 'CodeIgniter\Session\Handlers\FileHandler' driver.
INFO - 2025-02-04 07:16:38 --> Current route: /soal_pengungkit
INFO - 2025-02-04 07:16:43 --> Session: Class initialized using 'CodeIgniter\Session\Handlers\FileHandler' driver.
INFO - 2025-02-04 07:16:43 --> Current route: /soal/save
INFO - 2025-02-04 07:17:59 --> Session: Class initialized using 'CodeIgniter\Session\Handlers\FileHandler' driver.
INFO - 2025-02-04 07:17:59 --> Current route: /soal_pengungkit
INFO - 2025-02-04 07:18:03 --> Session: Class initialized using 'CodeIgniter\Session\Handlers\FileHandler' driver.
INFO - 2025-02-04 07:18:03 --> Current route: /soal/save
INFO - 2025-02-04 07:18:48 --> Session: Class initialized using 'CodeIgniter\Session\Handlers\FileHandler' driver.
INFO - 2025-02-04 07:18:48 --> Current route: /soal/save
INFO - 2025-02-04 07:19:45 --> Session: Class initialized using 'CodeIgniter\Session\Handlers\FileHandler' driver.
INFO - 2025-02-04 07:19:45 --> Current route: /soal/save
INFO - 2025-02-04 07:36:40 --> Session: Class initialized using 'CodeIgniter\Session\Handlers\FileHandler' driver.
INFO - 2025-02-04 07:36:40 --> Current route: /soal_pengungkit
INFO - 2025-02-04 07:51:21 --> Session: Class initialized using 'CodeIgniter\Session\Handlers\FileHandler' driver.
INFO - 2025-02-04 07:51:21 --> Current route: /soal_pengungkit
INFO - 2025-02-04 07:55:03 --> Session: Class initialized using 'CodeIgniter\Session\Handlers\FileHandler' driver.
INFO - 2025-02-04 07:55:03 --> Current route: /soal/save
INFO - 2025-02-04 07:55:23 --> Session: Class initialized using 'CodeIgniter\Session\Handlers\FileHandler' driver.
INFO - 2025-02-04 07:55:23 --> Current route: /pm
INFO - 2025-02-04 07:55:43 --> Session: Class initialized using 'CodeIgniter\Session\Handlers\FileHandler' driver.
INFO - 2025-02-04 07:55:43 --> Current route: /soal_pengungkit
INFO - 2025-02-04 07:56:26 --> Session: Class initialized using 'CodeIgniter\Session\Handlers\FileHandler' driver.
INFO - 2025-02-04 07:56:26 --> Current route: /soal_pengungkit
INFO - 2025-02-04 07:59:22 --> Session: Class initialized using 'CodeIgniter\Session\Handlers\FileHandler' driver.
INFO - 2025-02-04 07:59:22 --> Current route: /soal_pengungkit
INFO - 2025-02-04 07:59:59 --> Session: Class initialized using 'CodeIgniter\Session\Handlers\FileHandler' driver.
INFO - 2025-02-04 07:59:59 --> Current route: /soal_pengungkit
INFO - 2025-02-04 08:07:33 --> Session: Class initialized using 'CodeIgniter\Session\Handlers\FileHandler' driver.
INFO - 2025-02-04 08:07:33 --> Current route: /soal_pengungkit
INFO - 2025-02-04 08:09:43 --> Session: Class initialized using 'CodeIgniter\Session\Handlers\FileHandler' driver.
INFO - 2025-02-04 08:09:43 --> Current route: /soal_pengungkit
INFO - 2025-02-04 09:02:31 --> Session: Class initialized using 'CodeIgniter\Session\Handlers\FileHandler' driver.
INFO - 2025-02-04 09:02:31 --> Current route: /soal_pengungkit
INFO - 2025-02-04 09:04:02 --> Session: Class initialized using 'CodeIgniter\Session\Handlers\FileHandler' driver.
INFO - 2025-02-04 09:04:02 --> Current route: /soal_pengungkit
INFO - 2025-02-04 09:04:03 --> Session: Class initialized using 'CodeIgniter\Session\Handlers\FileHandler' driver.
INFO - 2025-02-04 09:04:03 --> Current route: /soal_pengungkit
