INFO - 2025-08-01 04:00:47 --> Session: Class initialized using 'CodeIgniter\Session\Handlers\FileHandler' driver.
INFO - 2025-08-01 04:00:53 --> Session: Class initialized using 'CodeIgniter\Session\Handlers\FileHandler' driver.
INFO - 2025-08-01 04:01:03 --> Session: Class initialized using 'CodeIgniter\Session\Handlers\FileHandler' driver.
INFO - 2025-08-01 04:01:03 --> Session: Class initialized using 'CodeIgniter\Session\Handlers\FileHandler' driver.
INFO - 2025-08-01 04:01:07 --> Session: Class initialized using 'CodeIgniter\Session\Handlers\FileHandler' driver.
INFO - 2025-08-01 04:01:10 --> Session: Class initialized using 'CodeIgniter\Session\Handlers\FileHandler' driver.
INFO - 2025-08-01 04:08:17 --> Session: Class initialized using 'CodeIgniter\Session\Handlers\FileHandler' driver.
INFO - 2025-08-01 04:08:17 --> Session: Class initialized using 'CodeIgniter\Session\Handlers\FileHandler' driver.
INFO - 2025-08-01 04:08:17 --> Current route: /pm
INFO - 2025-08-01 04:08:20 --> Session: Class initialized using 'CodeIgniter\Session\Handlers\FileHandler' driver.
INFO - 2025-08-01 04:08:20 --> Current route: /dash_pm
INFO - 2025-08-01 04:08:24 --> Session: Class initialized using 'CodeIgniter\Session\Handlers\FileHandler' driver.
CRITICAL - 2025-08-01 04:08:24 --> ErrorException: Undefined property: stdClass::$nilai
[Method: GET, Route: dash_pk]
in APPPATH\Views\auditor\tbl_pk.php on line 73.
 1 APPPATH\Views\auditor\tbl_pk.php(73): CodeIgniter\Debug\Exceptions->errorHandler(2, 'Undefined property: stdClass::$nilai', 'D:\\DLL\\IT\\SKI\\SKI2025\\SKI2025\\app\\Views\\auditor\\tbl_pk.php', 73)
 2 APPPATH\Views\auditor\tbl_pk.php(295): formatData([...])
 3 SYSTEMPATH\View\View.php(234): include('D:\\DLL\\IT\\SKI\\SKI2025\\SKI2025\\app\\Views\\auditor\\tbl_pk.php')
 4 SYSTEMPATH\View\View.php(237): CodeIgniter\View\View->CodeIgniter\View\{closure}()
 5 SYSTEMPATH\Common.php(1171): CodeIgniter\View\View->render('/auditor/tbl_pk', [], true)
 6 APPPATH\Controllers\Auditor.php(85): view('/auditor/tbl_pk', [...])
 7 SYSTEMPATH\CodeIgniter.php(933): App\Controllers\Auditor->dash()
 8 SYSTEMPATH\CodeIgniter.php(509): CodeIgniter\CodeIgniter->runController(Object(App\Controllers\Auditor))
 9 SYSTEMPATH\CodeIgniter.php(355): CodeIgniter\CodeIgniter->handleRequest(null, Object(Config\Cache), false)
10 SYSTEMPATH\Boot.php(325): CodeIgniter\CodeIgniter->run()
11 SYSTEMPATH\Boot.php(67): CodeIgniter\Boot::runCodeIgniter(Object(CodeIgniter\CodeIgniter))
12 FCPATH\index.php(56): CodeIgniter\Boot::bootWeb(Object(Config\Paths))
13 SYSTEMPATH\rewrite.php(44): require_once('D:\\DLL\\IT\\SKI\\SKI2025\\SKI2025\\public\\index.php')
INFO - 2025-08-01 04:09:26 --> Session: Class initialized using 'CodeIgniter\Session\Handlers\FileHandler' driver.
INFO - 2025-08-01 04:13:30 --> Session: Class initialized using 'CodeIgniter\Session\Handlers\FileHandler' driver.
INFO - 2025-08-01 04:15:43 --> Session: Class initialized using 'CodeIgniter\Session\Handlers\FileHandler' driver.
INFO - 2025-08-01 04:39:26 --> Session: Class initialized using 'CodeIgniter\Session\Handlers\FileHandler' driver.
INFO - 2025-08-01 06:49:41 --> Session: Class initialized using 'CodeIgniter\Session\Handlers\FileHandler' driver.
CRITICAL - 2025-08-01 06:49:42 --> ErrorException: Undefined variable $totalKomponenNilai_pm
[Method: GET, Route: dash_pk]
in APPPATH\Views\auditor\tbl_pk.php on line 119.
 1 APPPATH\Views\auditor\tbl_pk.php(119): CodeIgniter\Debug\Exceptions->errorHandler(2, 'Undefined variable $totalKomponenNilai_pm', 'D:\\DLL\\IT\\SKI\\SKI2025\\SKI2025\\app\\Views\\auditor\\tbl_pk.php', 119)
 2 APPPATH\Views\auditor\tbl_pk.php(343): formatData([...])
 3 SYSTEMPATH\View\View.php(234): include('D:\\DLL\\IT\\SKI\\SKI2025\\SKI2025\\app\\Views\\auditor\\tbl_pk.php')
 4 SYSTEMPATH\View\View.php(237): CodeIgniter\View\View->CodeIgniter\View\{closure}()
 5 SYSTEMPATH\Common.php(1171): CodeIgniter\View\View->render('/auditor/tbl_pk', [], true)
 6 APPPATH\Controllers\Auditor.php(85): view('/auditor/tbl_pk', [...])
 7 SYSTEMPATH\CodeIgniter.php(933): App\Controllers\Auditor->dash()
 8 SYSTEMPATH\CodeIgniter.php(509): CodeIgniter\CodeIgniter->runController(Object(App\Controllers\Auditor))
 9 SYSTEMPATH\CodeIgniter.php(355): CodeIgniter\CodeIgniter->handleRequest(null, Object(Config\Cache), false)
10 SYSTEMPATH\Boot.php(325): CodeIgniter\CodeIgniter->run()
11 SYSTEMPATH\Boot.php(67): CodeIgniter\Boot::runCodeIgniter(Object(CodeIgniter\CodeIgniter))
12 FCPATH\index.php(56): CodeIgniter\Boot::bootWeb(Object(Config\Paths))
13 SYSTEMPATH\rewrite.php(44): require_once('D:\\DLL\\IT\\SKI\\SKI2025\\SKI2025\\public\\index.php')
INFO - 2025-08-01 06:50:33 --> Session: Class initialized using 'CodeIgniter\Session\Handlers\FileHandler' driver.
INFO - 2025-08-01 06:54:08 --> Session: Class initialized using 'CodeIgniter\Session\Handlers\FileHandler' driver.
INFO - 2025-08-01 06:54:17 --> Session: Class initialized using 'CodeIgniter\Session\Handlers\FileHandler' driver.
INFO - 2025-08-01 06:54:21 --> Session: Class initialized using 'CodeIgniter\Session\Handlers\FileHandler' driver.
INFO - 2025-08-01 06:55:16 --> Session: Class initialized using 'CodeIgniter\Session\Handlers\FileHandler' driver.
INFO - 2025-08-01 06:56:05 --> Session: Class initialized using 'CodeIgniter\Session\Handlers\FileHandler' driver.
INFO - 2025-08-01 06:56:17 --> Session: Class initialized using 'CodeIgniter\Session\Handlers\FileHandler' driver.
INFO - 2025-08-01 06:56:22 --> Session: Class initialized using 'CodeIgniter\Session\Handlers\FileHandler' driver.
INFO - 2025-08-01 06:56:36 --> Session: Class initialized using 'CodeIgniter\Session\Handlers\FileHandler' driver.
INFO - 2025-08-01 06:57:26 --> Session: Class initialized using 'CodeIgniter\Session\Handlers\FileHandler' driver.
INFO - 2025-08-01 06:57:45 --> Session: Class initialized using 'CodeIgniter\Session\Handlers\FileHandler' driver.
INFO - 2025-08-01 07:19:52 --> Session: Class initialized using 'CodeIgniter\Session\Handlers\FileHandler' driver.
INFO - 2025-08-01 07:19:54 --> Session: Class initialized using 'CodeIgniter\Session\Handlers\FileHandler' driver.
INFO - 2025-08-01 07:19:55 --> Session: Class initialized using 'CodeIgniter\Session\Handlers\FileHandler' driver.
INFO - 2025-08-01 07:19:56 --> Session: Class initialized using 'CodeIgniter\Session\Handlers\FileHandler' driver.
INFO - 2025-08-01 07:20:05 --> Session: Class initialized using 'CodeIgniter\Session\Handlers\FileHandler' driver.
INFO - 2025-08-01 07:21:35 --> Session: Class initialized using 'CodeIgniter\Session\Handlers\FileHandler' driver.
INFO - 2025-08-01 07:22:14 --> Session: Class initialized using 'CodeIgniter\Session\Handlers\FileHandler' driver.
INFO - 2025-08-01 07:24:16 --> Session: Class initialized using 'CodeIgniter\Session\Handlers\FileHandler' driver.
INFO - 2025-08-01 07:24:18 --> Session: Class initialized using 'CodeIgniter\Session\Handlers\FileHandler' driver.
INFO - 2025-08-01 07:24:34 --> Session: Class initialized using 'CodeIgniter\Session\Handlers\FileHandler' driver.
INFO - 2025-08-01 07:24:35 --> Session: Class initialized using 'CodeIgniter\Session\Handlers\FileHandler' driver.
INFO - 2025-08-01 07:24:36 --> Session: Class initialized using 'CodeIgniter\Session\Handlers\FileHandler' driver.
INFO - 2025-08-01 07:24:36 --> Session: Class initialized using 'CodeIgniter\Session\Handlers\FileHandler' driver.
INFO - 2025-08-01 07:24:36 --> Session: Class initialized using 'CodeIgniter\Session\Handlers\FileHandler' driver.
INFO - 2025-08-01 07:25:07 --> Session: Class initialized using 'CodeIgniter\Session\Handlers\FileHandler' driver.
INFO - 2025-08-01 07:25:12 --> Session: Class initialized using 'CodeIgniter\Session\Handlers\FileHandler' driver.
INFO - 2025-08-01 07:25:12 --> Session: Class initialized using 'CodeIgniter\Session\Handlers\FileHandler' driver.
INFO - 2025-08-01 07:25:15 --> Session: Class initialized using 'CodeIgniter\Session\Handlers\FileHandler' driver.
INFO - 2025-08-01 07:25:17 --> Session: Class initialized using 'CodeIgniter\Session\Handlers\FileHandler' driver.
INFO - 2025-08-01 07:25:20 --> Session: Class initialized using 'CodeIgniter\Session\Handlers\FileHandler' driver.
INFO - 2025-08-01 07:25:20 --> Current route: /soal_pengungkit
INFO - 2025-08-01 07:31:27 --> Session: Class initialized using 'CodeIgniter\Session\Handlers\FileHandler' driver.
INFO - 2025-08-01 07:31:29 --> Session: Class initialized using 'CodeIgniter\Session\Handlers\FileHandler' driver.
INFO - 2025-08-01 07:31:32 --> Session: Class initialized using 'CodeIgniter\Session\Handlers\FileHandler' driver.
INFO - 2025-08-01 07:32:50 --> Session: Class initialized using 'CodeIgniter\Session\Handlers\FileHandler' driver.
INFO - 2025-08-01 07:33:31 --> Session: Class initialized using 'CodeIgniter\Session\Handlers\FileHandler' driver.
INFO - 2025-08-01 07:33:34 --> Session: Class initialized using 'CodeIgniter\Session\Handlers\FileHandler' driver.
INFO - 2025-08-01 07:33:34 --> Session: Class initialized using 'CodeIgniter\Session\Handlers\FileHandler' driver.
INFO - 2025-08-01 07:33:37 --> Session: Class initialized using 'CodeIgniter\Session\Handlers\FileHandler' driver.
INFO - 2025-08-01 07:33:53 --> Session: Class initialized using 'CodeIgniter\Session\Handlers\FileHandler' driver.
INFO - 2025-08-01 07:43:48 --> Session: Class initialized using 'CodeIgniter\Session\Handlers\FileHandler' driver.
INFO - 2025-08-01 07:43:52 --> Session: Class initialized using 'CodeIgniter\Session\Handlers\FileHandler' driver.
INFO - 2025-08-01 07:43:52 --> Session: Class initialized using 'CodeIgniter\Session\Handlers\FileHandler' driver.
INFO - 2025-08-01 07:43:55 --> Session: Class initialized using 'CodeIgniter\Session\Handlers\FileHandler' driver.
INFO - 2025-08-01 07:43:59 --> Session: Class initialized using 'CodeIgniter\Session\Handlers\FileHandler' driver.
INFO - 2025-08-01 07:44:04 --> Session: Class initialized using 'CodeIgniter\Session\Handlers\FileHandler' driver.
INFO - 2025-08-01 07:44:21 --> Session: Class initialized using 'CodeIgniter\Session\Handlers\FileHandler' driver.
INFO - 2025-08-01 07:45:30 --> Session: Class initialized using 'CodeIgniter\Session\Handlers\FileHandler' driver.
INFO - 2025-08-01 07:50:42 --> Session: Class initialized using 'CodeIgniter\Session\Handlers\FileHandler' driver.
INFO - 2025-08-01 07:51:04 --> Session: Class initialized using 'CodeIgniter\Session\Handlers\FileHandler' driver.
INFO - 2025-08-01 07:52:10 --> Session: Class initialized using 'CodeIgniter\Session\Handlers\FileHandler' driver.
INFO - 2025-08-01 07:53:44 --> Session: Class initialized using 'CodeIgniter\Session\Handlers\FileHandler' driver.
INFO - 2025-08-01 07:55:17 --> Session: Class initialized using 'CodeIgniter\Session\Handlers\FileHandler' driver.
CRITICAL - 2025-08-01 07:55:17 --> TypeError: Cannot access offset of type string on string
[Method: GET, Route: dash_pk]
in APPPATH\Views\auditor\tbl_pk.php on line 31.
 1 SYSTEMPATH\View\View.php(234): include()
 2 SYSTEMPATH\View\View.php(237): CodeIgniter\View\View->CodeIgniter\View\{closure}()
 3 SYSTEMPATH\Common.php(1171): CodeIgniter\View\View->render('/auditor/tbl_pk', [], true)
 4 APPPATH\Controllers\Auditor.php(92): view('/auditor/tbl_pk', [...])
 5 SYSTEMPATH\CodeIgniter.php(933): App\Controllers\Auditor->dash()
 6 SYSTEMPATH\CodeIgniter.php(509): CodeIgniter\CodeIgniter->runController(Object(App\Controllers\Auditor))
 7 SYSTEMPATH\CodeIgniter.php(355): CodeIgniter\CodeIgniter->handleRequest(null, Object(Config\Cache), false)
 8 SYSTEMPATH\Boot.php(325): CodeIgniter\CodeIgniter->run()
 9 SYSTEMPATH\Boot.php(67): CodeIgniter\Boot::runCodeIgniter(Object(CodeIgniter\CodeIgniter))
10 FCPATH\index.php(56): CodeIgniter\Boot::bootWeb(Object(Config\Paths))
11 SYSTEMPATH\rewrite.php(44): require_once('D:\\DLL\\IT\\SKI\\SKI2025\\SKI2025\\public\\index.php')
INFO - 2025-08-01 08:00:46 --> Session: Class initialized using 'CodeIgniter\Session\Handlers\FileHandler' driver.
INFO - 2025-08-01 08:01:26 --> Session: Class initialized using 'CodeIgniter\Session\Handlers\FileHandler' driver.
CRITICAL - 2025-08-01 08:01:26 --> TypeError: Cannot access offset of type string on string
[Method: GET, Route: dash_pk]
in APPPATH\Views\auditor\tbl_pk.php on line 31.
 1 SYSTEMPATH\View\View.php(234): include()
 2 SYSTEMPATH\View\View.php(237): CodeIgniter\View\View->CodeIgniter\View\{closure}()
 3 SYSTEMPATH\Common.php(1171): CodeIgniter\View\View->render('/auditor/tbl_pk', [], true)
 4 APPPATH\Controllers\Auditor.php(92): view('/auditor/tbl_pk', [...])
 5 SYSTEMPATH\CodeIgniter.php(933): App\Controllers\Auditor->dash()
 6 SYSTEMPATH\CodeIgniter.php(509): CodeIgniter\CodeIgniter->runController(Object(App\Controllers\Auditor))
 7 SYSTEMPATH\CodeIgniter.php(355): CodeIgniter\CodeIgniter->handleRequest(null, Object(Config\Cache), false)
 8 SYSTEMPATH\Boot.php(325): CodeIgniter\CodeIgniter->run()
 9 SYSTEMPATH\Boot.php(67): CodeIgniter\Boot::runCodeIgniter(Object(CodeIgniter\CodeIgniter))
10 FCPATH\index.php(56): CodeIgniter\Boot::bootWeb(Object(Config\Paths))
11 SYSTEMPATH\rewrite.php(44): require_once('D:\\DLL\\IT\\SKI\\SKI2025\\SKI2025\\public\\index.php')
INFO - 2025-08-01 08:03:00 --> Session: Class initialized using 'CodeIgniter\Session\Handlers\FileHandler' driver.
INFO - 2025-08-01 08:03:20 --> Session: Class initialized using 'CodeIgniter\Session\Handlers\FileHandler' driver.
INFO - 2025-08-01 08:03:20 --> Current route: /soal_pengungkit
ERROR - 2025-08-01 08:03:20 --> mysqli_sql_exception: Unknown column 'idx' in 'field list' in D:\DLL\IT\SKI\SKI2025\SKI2025\system\Database\MySQLi\Connection.php:312
Stack trace:
#0 D:\DLL\IT\SKI\SKI2025\SKI2025\system\Database\MySQLi\Connection.php(312): mysqli->query('SELECT `idx`, `...', 0)
#1 D:\DLL\IT\SKI\SKI2025\SKI2025\system\Database\BaseConnection.php(734): CodeIgniter\Database\MySQLi\Connection->execute('SELECT `idx`, `...')
#2 D:\DLL\IT\SKI\SKI2025\SKI2025\system\Database\BaseConnection.php(648): CodeIgniter\Database\BaseConnection->simpleQuery('SELECT `idx`, `...')
#3 D:\DLL\IT\SKI\SKI2025\SKI2025\system\Database\BaseBuilder.php(1644): CodeIgniter\Database\BaseConnection->query('SELECT `idx`, `...', Array, false)
#4 D:\DLL\IT\SKI\SKI2025\SKI2025\app\Models\NilaiPKModel.php(35): CodeIgniter\Database\BaseBuilder->get()
#5 D:\DLL\IT\SKI\SKI2025\SKI2025\app\Controllers\PenilaianMandiri.php(166): App\Models\NilaiPKModel->filter('0', '2025')
#6 D:\DLL\IT\SKI\SKI2025\SKI2025\system\CodeIgniter.php(933): App\Controllers\PenilaianMandiri->soal_pengungkit()
#7 D:\DLL\IT\SKI\SKI2025\SKI2025\system\CodeIgniter.php(509): CodeIgniter\CodeIgniter->runController(Object(App\Controllers\PenilaianMandiri))
#8 D:\DLL\IT\SKI\SKI2025\SKI2025\system\CodeIgniter.php(355): CodeIgniter\CodeIgniter->handleRequest(NULL, Object(Config\Cache), false)
#9 D:\DLL\IT\SKI\SKI2025\SKI2025\system\Boot.php(325): CodeIgniter\CodeIgniter->run()
#10 D:\DLL\IT\SKI\SKI2025\SKI2025\system\Boot.php(67): CodeIgniter\Boot::runCodeIgniter(Object(CodeIgniter\CodeIgniter))
#11 D:\DLL\IT\SKI\SKI2025\SKI2025\public\index.php(56): CodeIgniter\Boot::bootWeb(Object(Config\Paths))
#12 D:\DLL\IT\SKI\SKI2025\SKI2025\system\rewrite.php(44): require_once('D:\\DLL\\IT\\SKI\\S...')
#13 {main}
CRITICAL - 2025-08-01 08:03:20 --> CodeIgniter\Database\Exceptions\DatabaseException: Unknown column 'idx' in 'field list'
[Method: GET, Route: soal_pengungkit]
in SYSTEMPATH\Database\BaseConnection.php on line 688.
 1 SYSTEMPATH\Database\BaseBuilder.php(1644): CodeIgniter\Database\BaseConnection->query('SELECT `idx`, `id_user`, `id_satker`, `id_pm_satker`, `nilai`, `komenpk`, `rekomendasi`, `thn_dipa`, `date_created`
FROM `nilai_pk`
WHERE `id_satker` = :id_satker:
AND `thn_dipa` = :thn_dipa:', [...], false)
 2 APPPATH\Models\NilaiPKModel.php(35): CodeIgniter\Database\BaseBuilder->get()
 3 APPPATH\Controllers\PenilaianMandiri.php(166): App\Models\NilaiPKModel->filter('0', '2025')
 4 SYSTEMPATH\CodeIgniter.php(933): App\Controllers\PenilaianMandiri->soal_pengungkit()
 5 SYSTEMPATH\CodeIgniter.php(509): CodeIgniter\CodeIgniter->runController(Object(App\Controllers\PenilaianMandiri))
 6 SYSTEMPATH\CodeIgniter.php(355): CodeIgniter\CodeIgniter->handleRequest(null, Object(Config\Cache), false)
 7 SYSTEMPATH\Boot.php(325): CodeIgniter\CodeIgniter->run()
 8 SYSTEMPATH\Boot.php(67): CodeIgniter\Boot::runCodeIgniter(Object(CodeIgniter\CodeIgniter))
 9 FCPATH\index.php(56): CodeIgniter\Boot::bootWeb(Object(Config\Paths))
10 SYSTEMPATH\rewrite.php(44): require_once('D:\\DLL\\IT\\SKI\\SKI2025\\SKI2025\\public\\index.php')
CRITICAL - 2025-08-01 08:03:20 --> [Caused by] CodeIgniter\Database\Exceptions\DatabaseException: Unknown column 'idx' in 'field list'
in SYSTEMPATH\Database\MySQLi\Connection.php on line 317.
 1 SYSTEMPATH\Database\BaseConnection.php(734): CodeIgniter\Database\MySQLi\Connection->execute('SELECT `idx`, `id_user`, `id_satker`, `id_pm_satker`, `nilai`, `komenpk`, `rekomendasi`, `thn_dipa`, `date_created`
FROM `nilai_pk`
WHERE `id_satker` = \'0\'
AND `thn_dipa` = \'2025\'')
 2 SYSTEMPATH\Database\BaseConnection.php(648): CodeIgniter\Database\BaseConnection->simpleQuery('SELECT `idx`, `id_user`, `id_satker`, `id_pm_satker`, `nilai`, `komenpk`, `rekomendasi`, `thn_dipa`, `date_created`
FROM `nilai_pk`
WHERE `id_satker` = \'0\'
AND `thn_dipa` = \'2025\'')
 3 SYSTEMPATH\Database\BaseBuilder.php(1644): CodeIgniter\Database\BaseConnection->query('SELECT `idx`, `id_user`, `id_satker`, `id_pm_satker`, `nilai`, `komenpk`, `rekomendasi`, `thn_dipa`, `date_created`
FROM `nilai_pk`
WHERE `id_satker` = :id_satker:
AND `thn_dipa` = :thn_dipa:', [...], false)
 4 APPPATH\Models\NilaiPKModel.php(35): CodeIgniter\Database\BaseBuilder->get()
 5 APPPATH\Controllers\PenilaianMandiri.php(166): App\Models\NilaiPKModel->filter('0', '2025')
 6 SYSTEMPATH\CodeIgniter.php(933): App\Controllers\PenilaianMandiri->soal_pengungkit()
 7 SYSTEMPATH\CodeIgniter.php(509): CodeIgniter\CodeIgniter->runController(Object(App\Controllers\PenilaianMandiri))
 8 SYSTEMPATH\CodeIgniter.php(355): CodeIgniter\CodeIgniter->handleRequest(null, Object(Config\Cache), false)
 9 SYSTEMPATH\Boot.php(325): CodeIgniter\CodeIgniter->run()
10 SYSTEMPATH\Boot.php(67): CodeIgniter\Boot::runCodeIgniter(Object(CodeIgniter\CodeIgniter))
11 FCPATH\index.php(56): CodeIgniter\Boot::bootWeb(Object(Config\Paths))
12 SYSTEMPATH\rewrite.php(44): require_once('D:\\DLL\\IT\\SKI\\SKI2025\\SKI2025\\public\\index.php')
CRITICAL - 2025-08-01 08:03:20 --> [Caused by] mysqli_sql_exception: Unknown column 'idx' in 'field list'
in SYSTEMPATH\Database\MySQLi\Connection.php on line 312.
 1 SYSTEMPATH\Database\MySQLi\Connection.php(312): mysqli->query('SELECT `idx`, `id_user`, `id_satker`, `id_pm_satker`, `nilai`, `komenpk`, `rekomendasi`, `thn_dipa`, `date_created`
FROM `nilai_pk`
WHERE `id_satker` = \'0\'
AND `thn_dipa` = \'2025\'', 0)
 2 SYSTEMPATH\Database\BaseConnection.php(734): CodeIgniter\Database\MySQLi\Connection->execute('SELECT `idx`, `id_user`, `id_satker`, `id_pm_satker`, `nilai`, `komenpk`, `rekomendasi`, `thn_dipa`, `date_created`
FROM `nilai_pk`
WHERE `id_satker` = \'0\'
AND `thn_dipa` = \'2025\'')
 3 SYSTEMPATH\Database\BaseConnection.php(648): CodeIgniter\Database\BaseConnection->simpleQuery('SELECT `idx`, `id_user`, `id_satker`, `id_pm_satker`, `nilai`, `komenpk`, `rekomendasi`, `thn_dipa`, `date_created`
FROM `nilai_pk`
WHERE `id_satker` = \'0\'
AND `thn_dipa` = \'2025\'')
 4 SYSTEMPATH\Database\BaseBuilder.php(1644): CodeIgniter\Database\BaseConnection->query('SELECT `idx`, `id_user`, `id_satker`, `id_pm_satker`, `nilai`, `komenpk`, `rekomendasi`, `thn_dipa`, `date_created`
FROM `nilai_pk`
WHERE `id_satker` = :id_satker:
AND `thn_dipa` = :thn_dipa:', [...], false)
 5 APPPATH\Models\NilaiPKModel.php(35): CodeIgniter\Database\BaseBuilder->get()
 6 APPPATH\Controllers\PenilaianMandiri.php(166): App\Models\NilaiPKModel->filter('0', '2025')
 7 SYSTEMPATH\CodeIgniter.php(933): App\Controllers\PenilaianMandiri->soal_pengungkit()
 8 SYSTEMPATH\CodeIgniter.php(509): CodeIgniter\CodeIgniter->runController(Object(App\Controllers\PenilaianMandiri))
 9 SYSTEMPATH\CodeIgniter.php(355): CodeIgniter\CodeIgniter->handleRequest(null, Object(Config\Cache), false)
10 SYSTEMPATH\Boot.php(325): CodeIgniter\CodeIgniter->run()
11 SYSTEMPATH\Boot.php(67): CodeIgniter\Boot::runCodeIgniter(Object(CodeIgniter\CodeIgniter))
12 FCPATH\index.php(56): CodeIgniter\Boot::bootWeb(Object(Config\Paths))
13 SYSTEMPATH\rewrite.php(44): require_once('D:\\DLL\\IT\\SKI\\SKI2025\\SKI2025\\public\\index.php')
INFO - 2025-08-01 08:18:53 --> Session: Class initialized using 'CodeIgniter\Session\Handlers\FileHandler' driver.
INFO - 2025-08-01 08:18:56 --> Session: Class initialized using 'CodeIgniter\Session\Handlers\FileHandler' driver.
INFO - 2025-08-01 08:21:32 --> Session: Class initialized using 'CodeIgniter\Session\Handlers\FileHandler' driver.
INFO - 2025-08-01 08:21:34 --> Session: Class initialized using 'CodeIgniter\Session\Handlers\FileHandler' driver.
INFO - 2025-08-01 08:21:34 --> Current route: /soal_pengungkit
ERROR - 2025-08-01 08:21:34 --> mysqli_sql_exception: Unknown column 'idx' in 'field list' in D:\DLL\IT\SKI\SKI2025\SKI2025\system\Database\MySQLi\Connection.php:312
Stack trace:
#0 D:\DLL\IT\SKI\SKI2025\SKI2025\system\Database\MySQLi\Connection.php(312): mysqli->query('SELECT `idx`, `...', 0)
#1 D:\DLL\IT\SKI\SKI2025\SKI2025\system\Database\BaseConnection.php(734): CodeIgniter\Database\MySQLi\Connection->execute('SELECT `idx`, `...')
#2 D:\DLL\IT\SKI\SKI2025\SKI2025\system\Database\BaseConnection.php(648): CodeIgniter\Database\BaseConnection->simpleQuery('SELECT `idx`, `...')
#3 D:\DLL\IT\SKI\SKI2025\SKI2025\system\Database\BaseBuilder.php(1644): CodeIgniter\Database\BaseConnection->query('SELECT `idx`, `...', Array, false)
#4 D:\DLL\IT\SKI\SKI2025\SKI2025\app\Models\NilaiPKModel.php(35): CodeIgniter\Database\BaseBuilder->get()
#5 D:\DLL\IT\SKI\SKI2025\SKI2025\app\Controllers\PenilaianMandiri.php(172): App\Models\NilaiPKModel->filter('208', '2025')
#6 D:\DLL\IT\SKI\SKI2025\SKI2025\system\CodeIgniter.php(933): App\Controllers\PenilaianMandiri->soal_pengungkit()
#7 D:\DLL\IT\SKI\SKI2025\SKI2025\system\CodeIgniter.php(509): CodeIgniter\CodeIgniter->runController(Object(App\Controllers\PenilaianMandiri))
#8 D:\DLL\IT\SKI\SKI2025\SKI2025\system\CodeIgniter.php(355): CodeIgniter\CodeIgniter->handleRequest(NULL, Object(Config\Cache), false)
#9 D:\DLL\IT\SKI\SKI2025\SKI2025\system\Boot.php(325): CodeIgniter\CodeIgniter->run()
#10 D:\DLL\IT\SKI\SKI2025\SKI2025\system\Boot.php(67): CodeIgniter\Boot::runCodeIgniter(Object(CodeIgniter\CodeIgniter))
#11 D:\DLL\IT\SKI\SKI2025\SKI2025\public\index.php(56): CodeIgniter\Boot::bootWeb(Object(Config\Paths))
#12 D:\DLL\IT\SKI\SKI2025\SKI2025\system\rewrite.php(44): require_once('D:\\DLL\\IT\\SKI\\S...')
#13 {main}
CRITICAL - 2025-08-01 08:21:34 --> CodeIgniter\Database\Exceptions\DatabaseException: Unknown column 'idx' in 'field list'
[Method: GET, Route: soal_pengungkit]
in SYSTEMPATH\Database\BaseConnection.php on line 688.
 1 SYSTEMPATH\Database\BaseBuilder.php(1644): CodeIgniter\Database\BaseConnection->query('SELECT `idx`, `id_user`, `id_satker`, `id_pm_satker`, `nilai`, `komenpk`, `rekomendasi`, `thn_dipa`, `date_created`
FROM `nilai_pk`
WHERE `id_satker` = :id_satker:
AND `thn_dipa` = :thn_dipa:', [...], false)
 2 APPPATH\Models\NilaiPKModel.php(35): CodeIgniter\Database\BaseBuilder->get()
 3 APPPATH\Controllers\PenilaianMandiri.php(172): App\Models\NilaiPKModel->filter('208', '2025')
 4 SYSTEMPATH\CodeIgniter.php(933): App\Controllers\PenilaianMandiri->soal_pengungkit()
 5 SYSTEMPATH\CodeIgniter.php(509): CodeIgniter\CodeIgniter->runController(Object(App\Controllers\PenilaianMandiri))
 6 SYSTEMPATH\CodeIgniter.php(355): CodeIgniter\CodeIgniter->handleRequest(null, Object(Config\Cache), false)
 7 SYSTEMPATH\Boot.php(325): CodeIgniter\CodeIgniter->run()
 8 SYSTEMPATH\Boot.php(67): CodeIgniter\Boot::runCodeIgniter(Object(CodeIgniter\CodeIgniter))
 9 FCPATH\index.php(56): CodeIgniter\Boot::bootWeb(Object(Config\Paths))
10 SYSTEMPATH\rewrite.php(44): require_once('D:\\DLL\\IT\\SKI\\SKI2025\\SKI2025\\public\\index.php')
CRITICAL - 2025-08-01 08:21:34 --> [Caused by] CodeIgniter\Database\Exceptions\DatabaseException: Unknown column 'idx' in 'field list'
in SYSTEMPATH\Database\MySQLi\Connection.php on line 317.
 1 SYSTEMPATH\Database\BaseConnection.php(734): CodeIgniter\Database\MySQLi\Connection->execute('SELECT `idx`, `id_user`, `id_satker`, `id_pm_satker`, `nilai`, `komenpk`, `rekomendasi`, `thn_dipa`, `date_created`
FROM `nilai_pk`
WHERE `id_satker` = \'208\'
AND `thn_dipa` = \'2025\'')
 2 SYSTEMPATH\Database\BaseConnection.php(648): CodeIgniter\Database\BaseConnection->simpleQuery('SELECT `idx`, `id_user`, `id_satker`, `id_pm_satker`, `nilai`, `komenpk`, `rekomendasi`, `thn_dipa`, `date_created`
FROM `nilai_pk`
WHERE `id_satker` = \'208\'
AND `thn_dipa` = \'2025\'')
 3 SYSTEMPATH\Database\BaseBuilder.php(1644): CodeIgniter\Database\BaseConnection->query('SELECT `idx`, `id_user`, `id_satker`, `id_pm_satker`, `nilai`, `komenpk`, `rekomendasi`, `thn_dipa`, `date_created`
FROM `nilai_pk`
WHERE `id_satker` = :id_satker:
AND `thn_dipa` = :thn_dipa:', [...], false)
 4 APPPATH\Models\NilaiPKModel.php(35): CodeIgniter\Database\BaseBuilder->get()
 5 APPPATH\Controllers\PenilaianMandiri.php(172): App\Models\NilaiPKModel->filter('208', '2025')
 6 SYSTEMPATH\CodeIgniter.php(933): App\Controllers\PenilaianMandiri->soal_pengungkit()
 7 SYSTEMPATH\CodeIgniter.php(509): CodeIgniter\CodeIgniter->runController(Object(App\Controllers\PenilaianMandiri))
 8 SYSTEMPATH\CodeIgniter.php(355): CodeIgniter\CodeIgniter->handleRequest(null, Object(Config\Cache), false)
 9 SYSTEMPATH\Boot.php(325): CodeIgniter\CodeIgniter->run()
10 SYSTEMPATH\Boot.php(67): CodeIgniter\Boot::runCodeIgniter(Object(CodeIgniter\CodeIgniter))
11 FCPATH\index.php(56): CodeIgniter\Boot::bootWeb(Object(Config\Paths))
12 SYSTEMPATH\rewrite.php(44): require_once('D:\\DLL\\IT\\SKI\\SKI2025\\SKI2025\\public\\index.php')
CRITICAL - 2025-08-01 08:21:34 --> [Caused by] mysqli_sql_exception: Unknown column 'idx' in 'field list'
in SYSTEMPATH\Database\MySQLi\Connection.php on line 312.
 1 SYSTEMPATH\Database\MySQLi\Connection.php(312): mysqli->query('SELECT `idx`, `id_user`, `id_satker`, `id_pm_satker`, `nilai`, `komenpk`, `rekomendasi`, `thn_dipa`, `date_created`
FROM `nilai_pk`
WHERE `id_satker` = \'208\'
AND `thn_dipa` = \'2025\'', 0)
 2 SYSTEMPATH\Database\BaseConnection.php(734): CodeIgniter\Database\MySQLi\Connection->execute('SELECT `idx`, `id_user`, `id_satker`, `id_pm_satker`, `nilai`, `komenpk`, `rekomendasi`, `thn_dipa`, `date_created`
FROM `nilai_pk`
WHERE `id_satker` = \'208\'
AND `thn_dipa` = \'2025\'')
 3 SYSTEMPATH\Database\BaseConnection.php(648): CodeIgniter\Database\BaseConnection->simpleQuery('SELECT `idx`, `id_user`, `id_satker`, `id_pm_satker`, `nilai`, `komenpk`, `rekomendasi`, `thn_dipa`, `date_created`
FROM `nilai_pk`
WHERE `id_satker` = \'208\'
AND `thn_dipa` = \'2025\'')
 4 SYSTEMPATH\Database\BaseBuilder.php(1644): CodeIgniter\Database\BaseConnection->query('SELECT `idx`, `id_user`, `id_satker`, `id_pm_satker`, `nilai`, `komenpk`, `rekomendasi`, `thn_dipa`, `date_created`
FROM `nilai_pk`
WHERE `id_satker` = :id_satker:
AND `thn_dipa` = :thn_dipa:', [...], false)
 5 APPPATH\Models\NilaiPKModel.php(35): CodeIgniter\Database\BaseBuilder->get()
 6 APPPATH\Controllers\PenilaianMandiri.php(172): App\Models\NilaiPKModel->filter('208', '2025')
 7 SYSTEMPATH\CodeIgniter.php(933): App\Controllers\PenilaianMandiri->soal_pengungkit()
 8 SYSTEMPATH\CodeIgniter.php(509): CodeIgniter\CodeIgniter->runController(Object(App\Controllers\PenilaianMandiri))
 9 SYSTEMPATH\CodeIgniter.php(355): CodeIgniter\CodeIgniter->handleRequest(null, Object(Config\Cache), false)
10 SYSTEMPATH\Boot.php(325): CodeIgniter\CodeIgniter->run()
11 SYSTEMPATH\Boot.php(67): CodeIgniter\Boot::runCodeIgniter(Object(CodeIgniter\CodeIgniter))
12 FCPATH\index.php(56): CodeIgniter\Boot::bootWeb(Object(Config\Paths))
13 SYSTEMPATH\rewrite.php(44): require_once('D:\\DLL\\IT\\SKI\\SKI2025\\SKI2025\\public\\index.php')
