INFO - 2025-02-12 02:56:04 --> Session: Class initialized using 'CodeIgniter\Session\Handlers\FileHandler' driver.
INFO - 2025-02-12 02:56:17 --> Session: Class initialized using 'CodeIgniter\Session\Handlers\FileHandler' driver.
INFO - 2025-02-12 02:56:17 --> Session: Class initialized using 'CodeIgniter\Session\Handlers\FileHandler' driver.
INFO - 2025-02-12 02:56:17 --> Current route: /pm
INFO - 2025-02-12 02:56:28 --> Session: Class initialized using 'CodeIgniter\Session\Handlers\FileHandler' driver.
INFO - 2025-02-12 02:58:24 --> Session: Class initialized using 'CodeIgniter\Session\Handlers\FileHandler' driver.
INFO - 2025-02-12 02:58:24 --> Current route: /soal_pengungkit
INFO - 2025-02-12 02:59:21 --> Session: Class initialized using 'CodeIgniter\Session\Handlers\FileHandler' driver.
INFO - 2025-02-12 02:59:21 --> Current route: /soal_pengungkit
INFO - 2025-02-12 03:04:35 --> Session: Class initialized using 'CodeIgniter\Session\Handlers\FileHandler' driver.
INFO - 2025-02-12 03:04:35 --> Current route: /soal_pengungkit
INFO - 2025-02-12 03:10:12 --> Session: Class initialized using 'CodeIgniter\Session\Handlers\FileHandler' driver.
INFO - 2025-02-12 03:10:12 --> Current route: /soal_pengungkit
INFO - 2025-02-12 03:11:58 --> Session: Class initialized using 'CodeIgniter\Session\Handlers\FileHandler' driver.
INFO - 2025-02-12 03:11:58 --> Current route: /soal_pengungkit
INFO - 2025-02-12 03:12:14 --> Session: Class initialized using 'CodeIgniter\Session\Handlers\FileHandler' driver.
INFO - 2025-02-12 03:12:14 --> Current route: /soal_pengungkit
INFO - 2025-02-12 03:14:12 --> Session: Class initialized using 'CodeIgniter\Session\Handlers\FileHandler' driver.
INFO - 2025-02-12 03:14:12 --> Current route: /soal_pengungkit
INFO - 2025-02-12 03:15:18 --> Session: Class initialized using 'CodeIgniter\Session\Handlers\FileHandler' driver.
INFO - 2025-02-12 03:15:18 --> Current route: /soal_pengungkit
INFO - 2025-02-12 03:19:44 --> Session: Class initialized using 'CodeIgniter\Session\Handlers\FileHandler' driver.
INFO - 2025-02-12 03:19:44 --> Current route: /soal_pengungkit
INFO - 2025-02-12 03:22:07 --> Session: Class initialized using 'CodeIgniter\Session\Handlers\FileHandler' driver.
INFO - 2025-02-12 03:22:07 --> Current route: /soal_pengungkit
INFO - 2025-02-12 03:23:04 --> Session: Class initialized using 'CodeIgniter\Session\Handlers\FileHandler' driver.
INFO - 2025-02-12 03:23:04 --> Current route: /soal_pengungkit
INFO - 2025-02-12 03:23:06 --> Session: Class initialized using 'CodeIgniter\Session\Handlers\FileHandler' driver.
INFO - 2025-02-12 03:23:06 --> Current route: /soal_pengungkit
INFO - 2025-02-12 03:23:11 --> Session: Class initialized using 'CodeIgniter\Session\Handlers\FileHandler' driver.
INFO - 2025-02-12 03:23:11 --> Current route: /soal_pengungkit
INFO - 2025-02-12 03:23:42 --> Session: Class initialized using 'CodeIgniter\Session\Handlers\FileHandler' driver.
INFO - 2025-02-12 03:23:42 --> Current route: /soal_pengungkit
INFO - 2025-02-12 03:24:07 --> Session: Class initialized using 'CodeIgniter\Session\Handlers\FileHandler' driver.
INFO - 2025-02-12 03:24:07 --> Current route: /soal_pengungkit
INFO - 2025-02-12 03:28:50 --> Session: Class initialized using 'CodeIgniter\Session\Handlers\FileHandler' driver.
INFO - 2025-02-12 03:28:50 --> Current route: /soal_pengungkit
INFO - 2025-02-12 03:29:43 --> Session: Class initialized using 'CodeIgniter\Session\Handlers\FileHandler' driver.
INFO - 2025-02-12 03:29:43 --> Current route: /soal_pengungkit
INFO - 2025-02-12 03:30:37 --> Session: Class initialized using 'CodeIgniter\Session\Handlers\FileHandler' driver.
INFO - 2025-02-12 03:30:37 --> Current route: /soal_pengungkit
INFO - 2025-02-12 03:30:50 --> Session: Class initialized using 'CodeIgniter\Session\Handlers\FileHandler' driver.
INFO - 2025-02-12 03:30:50 --> Current route: /soal_pengungkit
INFO - 2025-02-12 03:31:48 --> Session: Class initialized using 'CodeIgniter\Session\Handlers\FileHandler' driver.
INFO - 2025-02-12 03:31:48 --> Current route: /soal_pengungkit
INFO - 2025-02-12 03:34:01 --> Session: Class initialized using 'CodeIgniter\Session\Handlers\FileHandler' driver.
INFO - 2025-02-12 03:34:01 --> Current route: /soal_pengungkit
INFO - 2025-02-12 03:34:48 --> Session: Class initialized using 'CodeIgniter\Session\Handlers\FileHandler' driver.
INFO - 2025-02-12 03:34:48 --> Current route: /soal_pengungkit
INFO - 2025-02-12 03:47:48 --> Session: Class initialized using 'CodeIgniter\Session\Handlers\FileHandler' driver.
INFO - 2025-02-12 03:47:48 --> Current route: /soal_pengungkit
INFO - 2025-02-12 03:47:58 --> Session: Class initialized using 'CodeIgniter\Session\Handlers\FileHandler' driver.
INFO - 2025-02-12 03:47:58 --> Current route: /soal_pengungkit
INFO - 2025-02-12 03:48:29 --> Session: Class initialized using 'CodeIgniter\Session\Handlers\FileHandler' driver.
INFO - 2025-02-12 03:48:29 --> Current route: /soal_pengungkit
INFO - 2025-02-12 03:48:49 --> Session: Class initialized using 'CodeIgniter\Session\Handlers\FileHandler' driver.
INFO - 2025-02-12 03:48:49 --> Current route: /soal_pengungkit
INFO - 2025-02-12 03:48:54 --> Session: Class initialized using 'CodeIgniter\Session\Handlers\FileHandler' driver.
INFO - 2025-02-12 03:48:54 --> Current route: /soal_pengungkit
INFO - 2025-02-12 03:49:12 --> Session: Class initialized using 'CodeIgniter\Session\Handlers\FileHandler' driver.
INFO - 2025-02-12 03:49:12 --> Current route: /soal_pengungkit
INFO - 2025-02-12 03:49:21 --> Session: Class initialized using 'CodeIgniter\Session\Handlers\FileHandler' driver.
INFO - 2025-02-12 03:49:21 --> Current route: /soal_pengungkit
INFO - 2025-02-12 03:49:39 --> Session: Class initialized using 'CodeIgniter\Session\Handlers\FileHandler' driver.
INFO - 2025-02-12 03:49:39 --> Current route: /soal_pengungkit
INFO - 2025-02-12 03:49:50 --> Session: Class initialized using 'CodeIgniter\Session\Handlers\FileHandler' driver.
INFO - 2025-02-12 03:49:50 --> Current route: /soal_pengungkit
INFO - 2025-02-12 03:52:12 --> Session: Class initialized using 'CodeIgniter\Session\Handlers\FileHandler' driver.
INFO - 2025-02-12 03:52:12 --> Current route: /soal_pengungkit
INFO - 2025-02-12 03:52:29 --> Session: Class initialized using 'CodeIgniter\Session\Handlers\FileHandler' driver.
INFO - 2025-02-12 03:52:29 --> Current route: /soal_pengungkit
INFO - 2025-02-12 03:54:53 --> Session: Class initialized using 'CodeIgniter\Session\Handlers\FileHandler' driver.
INFO - 2025-02-12 03:54:53 --> Current route: /soal_pengungkit
INFO - 2025-02-12 03:55:05 --> Session: Class initialized using 'CodeIgniter\Session\Handlers\FileHandler' driver.
INFO - 2025-02-12 03:55:05 --> Current route: /soal_pengungkit
INFO - 2025-02-12 04:02:13 --> Session: Class initialized using 'CodeIgniter\Session\Handlers\FileHandler' driver.
INFO - 2025-02-12 04:02:13 --> Current route: /soal_pengungkit
INFO - 2025-02-12 04:03:16 --> Session: Class initialized using 'CodeIgniter\Session\Handlers\FileHandler' driver.
INFO - 2025-02-12 04:03:16 --> Current route: /
INFO - 2025-02-12 04:03:18 --> Session: Class initialized using 'CodeIgniter\Session\Handlers\FileHandler' driver.
INFO - 2025-02-12 04:03:18 --> Current route: /soal_pengungkit
INFO - 2025-02-12 04:03:28 --> Session: Class initialized using 'CodeIgniter\Session\Handlers\FileHandler' driver.
INFO - 2025-02-12 04:03:28 --> Current route: /
INFO - 2025-02-12 04:03:31 --> Session: Class initialized using 'CodeIgniter\Session\Handlers\FileHandler' driver.
INFO - 2025-02-12 04:03:31 --> Current route: /pm
INFO - 2025-02-12 04:08:52 --> Session: Class initialized using 'CodeIgniter\Session\Handlers\FileHandler' driver.
INFO - 2025-02-12 04:08:52 --> Current route: /pm
INFO - 2025-02-12 04:09:46 --> Session: Class initialized using 'CodeIgniter\Session\Handlers\FileHandler' driver.
INFO - 2025-02-12 04:09:46 --> Current route: /
INFO - 2025-02-12 04:09:49 --> Session: Class initialized using 'CodeIgniter\Session\Handlers\FileHandler' driver.
INFO - 2025-02-12 04:09:49 --> Current route: /soal_pengungkit
INFO - 2025-02-12 04:10:05 --> Session: Class initialized using 'CodeIgniter\Session\Handlers\FileHandler' driver.
INFO - 2025-02-12 04:10:05 --> Current route: /pm
INFO - 2025-02-12 04:10:07 --> Session: Class initialized using 'CodeIgniter\Session\Handlers\FileHandler' driver.
INFO - 2025-02-12 04:10:07 --> Current route: /soal_pengungkit
INFO - 2025-02-12 04:10:23 --> Session: Class initialized using 'CodeIgniter\Session\Handlers\FileHandler' driver.
INFO - 2025-02-12 04:10:23 --> Current route: /soal_pengungkit
INFO - 2025-02-12 04:10:34 --> Session: Class initialized using 'CodeIgniter\Session\Handlers\FileHandler' driver.
INFO - 2025-02-12 04:10:34 --> Current route: /soal_pengungkit
INFO - 2025-02-12 04:11:31 --> Session: Class initialized using 'CodeIgniter\Session\Handlers\FileHandler' driver.
INFO - 2025-02-12 04:11:31 --> Current route: /soal_pengungkit
INFO - 2025-02-12 04:11:48 --> Session: Class initialized using 'CodeIgniter\Session\Handlers\FileHandler' driver.
INFO - 2025-02-12 04:11:48 --> Current route: /soal_pengungkit
INFO - 2025-02-12 04:12:02 --> Session: Class initialized using 'CodeIgniter\Session\Handlers\FileHandler' driver.
INFO - 2025-02-12 04:12:02 --> Current route: /soal_pengungkit
INFO - 2025-02-12 04:15:15 --> Session: Class initialized using 'CodeIgniter\Session\Handlers\FileHandler' driver.
INFO - 2025-02-12 04:15:15 --> Current route: /soal_pengungkit
INFO - 2025-02-12 04:17:19 --> Session: Class initialized using 'CodeIgniter\Session\Handlers\FileHandler' driver.
INFO - 2025-02-12 04:17:19 --> Current route: /soal_pengungkit
INFO - 2025-02-12 04:18:46 --> Session: Class initialized using 'CodeIgniter\Session\Handlers\FileHandler' driver.
INFO - 2025-02-12 04:18:46 --> Current route: /soal_pengungkit
INFO - 2025-02-12 04:19:10 --> Session: Class initialized using 'CodeIgniter\Session\Handlers\FileHandler' driver.
INFO - 2025-02-12 04:19:10 --> Current route: /soal_pengungkit
INFO - 2025-02-12 04:19:31 --> Session: Class initialized using 'CodeIgniter\Session\Handlers\FileHandler' driver.
INFO - 2025-02-12 04:19:31 --> Current route: /soal_pengungkit
INFO - 2025-02-12 04:19:53 --> Session: Class initialized using 'CodeIgniter\Session\Handlers\FileHandler' driver.
INFO - 2025-02-12 04:19:53 --> Current route: /soal_pengungkit
INFO - 2025-02-12 04:21:01 --> Session: Class initialized using 'CodeIgniter\Session\Handlers\FileHandler' driver.
INFO - 2025-02-12 04:21:01 --> Current route: /soal_pengungkit
INFO - 2025-02-12 04:23:18 --> Session: Class initialized using 'CodeIgniter\Session\Handlers\FileHandler' driver.
INFO - 2025-02-12 04:23:18 --> Current route: /soal_pengungkit
INFO - 2025-02-12 04:23:39 --> Session: Class initialized using 'CodeIgniter\Session\Handlers\FileHandler' driver.
INFO - 2025-02-12 04:23:39 --> Current route: /soal_pengungkit
INFO - 2025-02-12 04:24:20 --> Session: Class initialized using 'CodeIgniter\Session\Handlers\FileHandler' driver.
INFO - 2025-02-12 04:24:20 --> Current route: /soal_pengungkit
INFO - 2025-02-12 04:33:33 --> Session: Class initialized using 'CodeIgniter\Session\Handlers\FileHandler' driver.
INFO - 2025-02-12 04:33:33 --> Current route: /soal_pengungkit
INFO - 2025-02-12 04:44:37 --> Session: Class initialized using 'CodeIgniter\Session\Handlers\FileHandler' driver.
INFO - 2025-02-12 04:44:37 --> Current route: /soal_pengungkit
CRITICAL - 2025-02-12 04:44:37 --> TypeError: array_filter(): Argument #1 ($array) must be of type array, null given
[Method: GET, Route: soal_pengungkit]
in APPPATH\Controllers\PenilaianMandiri.php on line 140.
 1 APPPATH\Controllers\PenilaianMandiri.php(140): array_filter(null, Object(Closure))
 2 SYSTEMPATH\CodeIgniter.php(933): App\Controllers\PenilaianMandiri->soal_pengungkit()
 3 SYSTEMPATH\CodeIgniter.php(509): CodeIgniter\CodeIgniter->runController(Object(App\Controllers\PenilaianMandiri))
 4 SYSTEMPATH\CodeIgniter.php(355): CodeIgniter\CodeIgniter->handleRequest(null, Object(Config\Cache), false)
 5 SYSTEMPATH\Boot.php(325): CodeIgniter\CodeIgniter->run()
 6 SYSTEMPATH\Boot.php(67): CodeIgniter\Boot::runCodeIgniter(Object(CodeIgniter\CodeIgniter))
 7 FCPATH\index.php(56): CodeIgniter\Boot::bootWeb(Object(Config\Paths))
 8 SYSTEMPATH\rewrite.php(44): require_once('D:\\DLL\\IT\\SKI\\SKI2025\\public\\index.php')
INFO - 2025-02-12 04:44:59 --> Session: Class initialized using 'CodeIgniter\Session\Handlers\FileHandler' driver.
INFO - 2025-02-12 04:44:59 --> Current route: /soal_pengungkit
INFO - 2025-02-12 04:46:19 --> Session: Class initialized using 'CodeIgniter\Session\Handlers\FileHandler' driver.
INFO - 2025-02-12 04:46:19 --> Current route: /soal_pengungkit
INFO - 2025-02-12 04:47:31 --> Session: Class initialized using 'CodeIgniter\Session\Handlers\FileHandler' driver.
INFO - 2025-02-12 04:47:31 --> Current route: /soal_pengungkit
INFO - 2025-02-12 04:49:04 --> Session: Class initialized using 'CodeIgniter\Session\Handlers\FileHandler' driver.
INFO - 2025-02-12 04:49:04 --> Current route: /soal_pengungkit
INFO - 2025-02-12 04:50:05 --> Session: Class initialized using 'CodeIgniter\Session\Handlers\FileHandler' driver.
INFO - 2025-02-12 04:50:05 --> Current route: /soal_pengungkit
INFO - 2025-02-12 04:51:24 --> Session: Class initialized using 'CodeIgniter\Session\Handlers\FileHandler' driver.
INFO - 2025-02-12 04:51:24 --> Current route: /soal_pengungkit
INFO - 2025-02-12 04:52:21 --> Session: Class initialized using 'CodeIgniter\Session\Handlers\FileHandler' driver.
INFO - 2025-02-12 04:52:21 --> Current route: /soal_pengungkit
CRITICAL - 2025-02-12 04:52:21 --> Error: Cannot use object of type stdClass as array
[Method: GET, Route: soal_pengungkit]
in APPPATH\Controllers\PenilaianMandiri.php on line 141.
 1 [internal function]: App\Controllers\PenilaianMandiri->App\Controllers\{closure}(Object(stdClass))
 2 APPPATH\Controllers\PenilaianMandiri.php(140): array_filter([...], Object(Closure))
 3 SYSTEMPATH\CodeIgniter.php(933): App\Controllers\PenilaianMandiri->soal_pengungkit()
 4 SYSTEMPATH\CodeIgniter.php(509): CodeIgniter\CodeIgniter->runController(Object(App\Controllers\PenilaianMandiri))
 5 SYSTEMPATH\CodeIgniter.php(355): CodeIgniter\CodeIgniter->handleRequest(null, Object(Config\Cache), false)
 6 SYSTEMPATH\Boot.php(325): CodeIgniter\CodeIgniter->run()
 7 SYSTEMPATH\Boot.php(67): CodeIgniter\Boot::runCodeIgniter(Object(CodeIgniter\CodeIgniter))
 8 FCPATH\index.php(56): CodeIgniter\Boot::bootWeb(Object(Config\Paths))
 9 SYSTEMPATH\rewrite.php(44): require_once('D:\\DLL\\IT\\SKI\\SKI2025\\public\\index.php')
INFO - 2025-02-12 04:52:49 --> Session: Class initialized using 'CodeIgniter\Session\Handlers\FileHandler' driver.
INFO - 2025-02-12 04:52:49 --> Current route: /soal_pengungkit
INFO - 2025-02-12 04:53:43 --> Session: Class initialized using 'CodeIgniter\Session\Handlers\FileHandler' driver.
INFO - 2025-02-12 04:53:43 --> Current route: /soal_pengungkit
INFO - 2025-02-12 04:54:07 --> Session: Class initialized using 'CodeIgniter\Session\Handlers\FileHandler' driver.
INFO - 2025-02-12 04:54:07 --> Current route: /soal_pengungkit
INFO - 2025-02-12 04:54:45 --> Session: Class initialized using 'CodeIgniter\Session\Handlers\FileHandler' driver.
INFO - 2025-02-12 04:54:45 --> Current route: /soal_pengungkit
INFO - 2025-02-12 04:58:48 --> Session: Class initialized using 'CodeIgniter\Session\Handlers\FileHandler' driver.
INFO - 2025-02-12 04:58:48 --> Current route: /soal_pengungkit
INFO - 2025-02-12 05:02:25 --> Session: Class initialized using 'CodeIgniter\Session\Handlers\FileHandler' driver.
INFO - 2025-02-12 05:02:25 --> Current route: /soal_pengungkit
INFO - 2025-02-12 05:02:44 --> Session: Class initialized using 'CodeIgniter\Session\Handlers\FileHandler' driver.
INFO - 2025-02-12 05:02:44 --> Current route: /soal_pengungkit
INFO - 2025-02-12 05:03:05 --> Session: Class initialized using 'CodeIgniter\Session\Handlers\FileHandler' driver.
INFO - 2025-02-12 05:03:05 --> Current route: /soal_pengungkit
INFO - 2025-02-12 05:03:10 --> Session: Class initialized using 'CodeIgniter\Session\Handlers\FileHandler' driver.
INFO - 2025-02-12 05:03:10 --> Current route: /soal_pengungkit
INFO - 2025-02-12 05:03:17 --> Session: Class initialized using 'CodeIgniter\Session\Handlers\FileHandler' driver.
INFO - 2025-02-12 05:03:17 --> Current route: /soal_pengungkit
INFO - 2025-02-12 05:06:22 --> Session: Class initialized using 'CodeIgniter\Session\Handlers\FileHandler' driver.
INFO - 2025-02-12 05:06:22 --> Current route: /soal_pengungkit
INFO - 2025-02-12 05:06:49 --> Session: Class initialized using 'CodeIgniter\Session\Handlers\FileHandler' driver.
INFO - 2025-02-12 05:06:49 --> Current route: /soal_pengungkit
INFO - 2025-02-12 05:43:31 --> Session: Class initialized using 'CodeIgniter\Session\Handlers\FileHandler' driver.
INFO - 2025-02-12 05:43:31 --> Current route: /soal_pengungkit
